{"constants": {}, "jani": "alarm.jani", "prop": {"type": "probability", "dir": "max", "label": "VENTTUBE=0", "bound": 0.10978002567}, "region_bound": 0, "big_step": false, "use_robust_pla": true, "epsilon": 0.1, "estimate_method": "delta", "splitting_strategy": "estimate", "splitting_threshold": 4, "simple": true, "additional_storm_args": "--not-graph-preserving", "region_interval": "0.2,1"}
Storm-pars 1.9.0

Date: Tue Dec 17 14:11:46 2024
Command line arguments: --jani /home/lheck/git/bigsteptest/testcases/alarm/alarm.jani -prop 'Pmax>=0.10978002567 [F VENTTUBE=0]' --mode verification --region '0.2<=y<=1,0.2<=x<=1' --terminationCondition 0 '--regionverif:engine' robustpl '--minmax:method' vi -bisim --not-graph-preserving --splitting-heuristic estimate --estimate-method delta --splitting-threshold 4
Current working directory: /home/lheck/git/bigsteptest

Time for model input parsing: 0.017s.

Time for model construction: 0.043s.

-------------------------------------------------------------- 
Model type: 	DTMC (sparse)
States: 	888
Transitions: 	2387
Reward Models:  none
State Labels: 	3 labels
   * init -> 1 item(s)
   * deadlock -> 3 item(s)
   * (VENTTUBE = 0) -> 1 item(s)
Choice Labels: 	none
-------------------------------------------------------------- 

Time for model preprocessing: 0.001s.

-------------------------------------------------------------- 
Model type: 	DTMC (sparse)
States: 	60
Transitions: 	94
Reward Models:  none
State Labels: 	3 labels
   * init -> 1 item(s)
   * deadlock -> 1 item(s)
   * (VENTTUBE = 0) -> 1 item(s)
Choice Labels: 	none
-------------------------------------------------------------- 
 WARN (RobustParameterLifter.cpp:54): Cannot use graph monotonicity in robust mode.
Region partitioning for extremal value terminated after analyzing 13 regions.
	0% of the parameter space are not covered.
Extremal value: 268673568673647/1125899906842624
Formula is satisfied by all parameter instantiations.
Time for model checking: 0.002s.

real	0m0.092s
user	0m0.076s
sys	0m0.016s
