{"constants": {"N": 64, "MAX": 8}, "prism": "brp.pm", "prop": {"type": "probability", "dir": "min", "label": "uncertain", "bound": 0.006372777750900001}, "region_bound": 0, "big_step": false, "use_robust_pla": true, "epsilon": 0.1, "estimate_method": "delta", "splitting_strategy": "estimate", "splitting_threshold": 4, "simple": true, "additional_storm_args": "--not-graph-preserving", "region_interval": "0.2,1"}
Storm-pars 1.9.0

Date: Tue Dec 17 14:09:33 2024
Command line arguments: --prism /home/lheck/git/bigsteptest/testcases/brp/brp.pm -const 'N=64,MAX=8' -prop 'Pmin<=0.006372777750900001 [F "uncertain"]' --mode verification --region '0.2<=pL<=1,0.2<=pK<=1,0.2<=TOMsg<=1,0.2<=TOAck<=1' --terminationCondition 0 '--regionverif:engine' robustpl '--minmax:method' vi -bisim --not-graph-preserving --splitting-heuristic estimate --estimate-method delta --splitting-threshold 4
Current working directory: /home/lheck/git/bigsteptest

Time for model input parsing: 0.002s.

 WARN (FormulaParserGrammar.cpp:325): Identifier `T' coincides with a reserved keyword or operator. Property expressions using the variable or constant 'T' might not be parsed correctly.
Time for model construction: 0.058s.

-------------------------------------------------------------- 
Model type: 	DTMC (sparse)
States: 	7687
Transitions: 	10367
Reward Models:  none
State Labels: 	3 labels
   * deadlock -> 135 item(s)
   * init -> 1 item(s)
   * uncertain -> 2 item(s)
Choice Labels: 	none
-------------------------------------------------------------- 

Time for model preprocessing: 0.006s.

-------------------------------------------------------------- 
Model type: 	DTMC (sparse)
States: 	3984
Transitions: 	5648
Reward Models:  none
State Labels: 	3 labels
   * uncertain -> 1 item(s)
   * init -> 1 item(s)
   * deadlock -> 1 item(s)
Choice Labels: 	none
-------------------------------------------------------------- 
 WARN (ParameterRegionParser.cpp:47): Could not find parameter TOMsg in the set of considered variables. Ignoring this parameter.
 WARN (ParameterRegionParser.cpp:47): Could not find parameter TOAck in the set of considered variables. Ignoring this parameter.
 WARN (RobustParameterLifter.cpp:54): Cannot use graph monotonicity in robust mode.
Region partitioning for extremal value terminated after analyzing 5673 regions.
	0% of the parameter space are not covered.
Extremal value: 6679377401567381/1152921504606846976
Formula is satisfied by all parameter instantiations.
Time for model checking: 22.270s.

real	0m22.355s
user	0m22.330s
sys	0m0.024s
