{"constants": {"N": 32, "MAX": 4}, "prism": "brp.pm", "prop": {"type": "probability", "dir": "min", "label": "uncertain", "bound": 0.0117959902325}, "region_bound": 0, "big_step": true, "use_robust_pla": true, "epsilon": 0.01, "estimate_method": "delta", "splitting_strategy": "estimate", "splitting_threshold": 4, "simple": true, "additional_storm_args": "--not-graph-preserving", "region_interval": "0.2,1"}
Storm-pars 1.9.0

Date: Tue Dec 17 14:09:16 2024
Command line arguments: --prism /home/lheck/git/bigsteptest/testcases/brp/brp.pm -const 'N=32,MAX=4' -prop 'Pmin<=0.0117959902325 [F "uncertain"]' --big-step --mode verification --region '0.2<=pL<=1,0.2<=pK<=1,0.2<=TOMsg<=1,0.2<=TOAck<=1' --terminationCondition 0 '--regionverif:engine' robustpl '--minmax:method' vi -bisim --not-graph-preserving --splitting-heuristic estimate --estimate-method delta --splitting-threshold 4
Current working directory: /home/lheck/git/bigsteptest

Time for model input parsing: 0.001s.

 WARN (FormulaParserGrammar.cpp:325): Identifier `T' coincides with a reserved keyword or operator. Property expressions using the variable or constant 'T' might not be parsed correctly.
Time for model construction: 0.023s.

-------------------------------------------------------------- 
Model type: 	DTMC (sparse)
States: 	2179
Transitions: 	2879
Reward Models:  none
State Labels: 	3 labels
   * deadlock -> 67 item(s)
   * init -> 1 item(s)
   * uncertain -> 2 item(s)
Choice Labels: 	none
-------------------------------------------------------------- 

Time for model preprocessing: 0.006s.

-------------------------------------------------------------- 
Model type: 	DTMC (sparse)
States: 	551
Transitions: 	1191
Reward Models:  none
State Labels: 	3 labels
   * uncertain -> 1 item(s)
   * init -> 1 item(s)
   * deadlock -> 1 item(s)
Choice Labels: 	none
-------------------------------------------------------------- 
 WARN (ParameterRegionParser.cpp:47): Could not find parameter TOMsg in the set of considered variables. Ignoring this parameter.
 WARN (ParameterRegionParser.cpp:47): Could not find parameter TOAck in the set of considered variables. Ignoring this parameter.
 WARN (parameterlifting.h:40): The input model contains a non-linear polynomial as transition: '(-1 * (pK^5+(-5)*pK^4+10*pK^3+(-10)*pK^2+5*pK+(-1)))/(1)'. Can not validate that parameter lifting is sound on this model.
 WARN (region.h:180): Could not validate whether parameter lifting is applicable. Please validate manually...
 WARN (RobustParameterLifter.cpp:54): Cannot use graph monotonicity in robust mode.
Region partitioning for extremal value terminated after analyzing 104897 regions.
	0% of the parameter space are not covered.
Extremal value: 6732602078060637/576460752303423488
Formula is satisfied by all parameter instantiations.
Time for model checking: 157.309s.

real	2m37.368s
user	2m37.295s
sys	0m0.068s
