{"constants": {"CrowdSize": 20, "TotalRuns": 2}, "prism": "crowds.pm", "prop": {"type": "probability", "dir": "min", "label": "observeIGreater1", "bound": 0.0013495188698297784}, "region_bound": 0.1, "big_step": false, "use_robust_pla": true, "epsilon": 0.0001, "estimate_method": "delta", "splitting_strategy": "estimate", "splitting_threshold": 4, "simple": true}
Storm-pars 1.9.0

Date: Tue Dec 17 14:16:36 2024
Command line arguments: --prism /home/lheck/git/bigsteptest/testcases/crowds/crowds.pm -const 'CrowdSize=20,TotalRuns=2' -prop 'Pmin<=0.0013495188698297784 [F "observeIGreater1"]' --mode verification --regionbound 0.1 --terminationCondition 0 '--regionverif:engine' robustpl '--minmax:method' vi -bisim --splitting-heuristic estimate --estimate-method delta --splitting-threshold 4
Current working directory: /home/lheck/git/bigsteptest

Time for model input parsing: 0.006s.

Time for model construction: 0.054s.

-------------------------------------------------------------- 
Model type: 	DTMC (sparse)
States: 	3772
Transitions: 	13012
Reward Models:  none
State Labels: 	3 labels
   * deadlock -> 229 item(s)
   * init -> 1 item(s)
   * observeIGreater1 -> 2 item(s)
Choice Labels: 	none
-------------------------------------------------------------- 

Time for model preprocessing: 0.002s.

-------------------------------------------------------------- 
Model type: 	DTMC (sparse)
States: 	20
Transitions: 	30
Reward Models:  none
State Labels: 	2 labels
   * observeIGreater1 -> 1 item(s)
   * init -> 1 item(s)
Choice Labels: 	none
-------------------------------------------------------------- 
 WARN (RobustParameterLifter.cpp:54): Cannot use graph monotonicity in robust mode.
Region partitioning for extremal value terminated after analyzing 4369 regions.
	0% of the parameter space are not covered.
Extremal value: 6222463827778389/4611686018427387904
Formula is satisfied by all parameter instantiations.
Time for model checking: 0.296s.

real	0m0.383s
user	0m0.375s
sys	0m0.008s
