{"constants": {"CrowdSize": 20, "TotalRuns": 4}, "prism": "crowds.pm", "prop": {"type": "probability", "dir": "min", "label": "observeIGreater1", "bound": 0.026595592513322}, "region_bound": 0, "big_step": false, "use_robust_pla": true, "epsilon": 0.0001, "estimate_method": "delta", "splitting_strategy": "estimate", "splitting_threshold": 4, "simple": true, "additional_storm_args": "--not-graph-preserving"}
Storm-pars 1.9.0

Date: Tue Dec 17 14:38:54 2024
Command line arguments: --prism /home/lheck/git/bigsteptest/testcases/crowds/crowds.pm -const 'CrowdSize=20,TotalRuns=4' -prop 'Pmin<=0.026595592513322 [F "observeIGreater1"]' --mode verification --regionbound 0 --terminationCondition 0 '--regionverif:engine' robustpl '--minmax:method' vi -bisim --not-graph-preserving --splitting-heuristic estimate --estimate-method delta --splitting-threshold 4
Current working directory: /home/lheck/git/bigsteptest

Time for model input parsing: 0.006s.

Time for model construction: 3.180s.

-------------------------------------------------------------- 
Model type: 	DTMC (sparse)
States: 	325488
Transitions: 	1157088
Reward Models:  none
State Labels: 	3 labels
   * deadlock -> 10165 item(s)
   * init -> 1 item(s)
   * observeIGreater1 -> 460 item(s)
Choice Labels: 	none
-------------------------------------------------------------- 

Time for model preprocessing: 0.894s.

-------------------------------------------------------------- 
Model type: 	DTMC (sparse)
States: 	96
Transitions: 	144
Reward Models:  none
State Labels: 	3 labels
   * observeIGreater1 -> 1 item(s)
   * init -> 1 item(s)
   * deadlock -> 1 item(s)
Choice Labels: 	none
-------------------------------------------------------------- 
 WARN (RobustParameterLifter.cpp:54): Cannot use graph monotonicity in robust mode.
ERROR: The program received signal 15 and will be aborted in 3s.
Received signal 15

real	60m0.004s
user	59m59.833s
sys	0m0.093s
