{"constants": {"CrowdSize": 20, "TotalRuns": 2}, "prism": "crowds.pm", "prop": {"type": "probability", "dir": "min", "label": "observeIGreater1", "bound": 0.3168823052003592}, "region_bound": 0, "big_step": false, "use_robust_pla": true, "epsilon": 1e-05, "estimate_method": "delta", "splitting_strategy": "estimate", "splitting_threshold": 4, "simple": true, "additional_storm_args": "--not-graph-preserving"}
Storm-pars 1.9.0

Date: Tue Dec 17 14:26:30 2024
Command line arguments: --prism /home/lheck/git/bigsteptest/testcases/crowds/crowds.pm -const 'CrowdSize=20,TotalRuns=2' -prop 'Pmin<=0.3168823052003592 [F "observeIGreater1"]' --mode verification --regionbound 0 --terminationCondition 0 '--regionverif:engine' robustpl '--minmax:method' vi -bisim --not-graph-preserving --splitting-heuristic estimate --estimate-method delta --splitting-threshold 4
Current working directory: /home/lheck/git/bigsteptest

Time for model input parsing: 0.004s.

Time for model construction: 0.034s.

-------------------------------------------------------------- 
Model type: 	DTMC (sparse)
States: 	3772
Transitions: 	13012
Reward Models:  none
State Labels: 	3 labels
   * deadlock -> 229 item(s)
   * init -> 1 item(s)
   * observeIGreater1 -> 2 item(s)
Choice Labels: 	none
-------------------------------------------------------------- 

Time for model preprocessing: 0.003s.

-------------------------------------------------------------- 
Model type: 	DTMC (sparse)
States: 	32
Transitions: 	44
Reward Models:  none
State Labels: 	3 labels
   * observeIGreater1 -> 1 item(s)
   * init -> 1 item(s)
   * deadlock -> 1 item(s)
Choice Labels: 	none
-------------------------------------------------------------- 
 WARN (RobustParameterLifter.cpp:54): Cannot use graph monotonicity in robust mode.
Extremal value: 2926173963201363/4503599627370496
Formula is not satisfied by all parameter instantiations.
Time for model checking: 4.376s.

real	0m4.436s
user	0m4.424s
sys	0m0.012s
