{"constants": {"CrowdSize": 10, "TotalRuns": 4}, "prism": "crowds.pm", "prop": {"type": "probability", "dir": "min", "label": "observeIGreater1", "bound": 0.10362702526636}, "region_bound": 1e-06, "big_step": false, "use_robust_pla": true, "epsilon": 0.0001, "estimate_method": "delta", "splitting_strategy": "estimate", "splitting_threshold": 4, "simple": true}
Storm-pars 1.9.0

Date: Tue Dec 17 14:18:03 2024
Command line arguments: --prism /home/lheck/git/bigsteptest/testcases/crowds/crowds.pm -const 'CrowdSize=10,TotalRuns=4' -prop 'Pmin<=0.10362702526636 [F "observeIGreater1"]' --mode verification --regionbound 1e-06 --terminationCondition 0 '--regionverif:engine' robustpl '--minmax:method' vi -bisim --splitting-heuristic estimate --estimate-method delta --splitting-threshold 4
Current working directory: /home/lheck/git/bigsteptest

Time for model input parsing: 0.006s.

Time for model construction: 0.259s.

-------------------------------------------------------------- 
Model type: 	DTMC (sparse)
States: 	27883
Transitions: 	65283
Reward Models:  none
State Labels: 	3 labels
   * deadlock -> 870 item(s)
   * init -> 1 item(s)
   * observeIGreater1 -> 130 item(s)
Choice Labels: 	none
-------------------------------------------------------------- 

Time for model preprocessing: 0.022s.

-------------------------------------------------------------- 
Model type: 	DTMC (sparse)
States: 	84
Transitions: 	130
Reward Models:  none
State Labels: 	2 labels
   * observeIGreater1 -> 1 item(s)
   * init -> 1 item(s)
Choice Labels: 	none
-------------------------------------------------------------- 
 WARN (RobustParameterLifter.cpp:54): Cannot use graph monotonicity in robust mode.
Region partitioning for extremal value terminated after analyzing 56641 regions.
	0% of the parameter space are not covered.
Extremal value: 1866389591233977/18014398509481984
Formula is satisfied by all parameter instantiations.
Time for model checking: 7.620s.

real	0m7.978s
user	0m7.905s
sys	0m0.072s
