{"constants": {"CrowdSize": 20, "TotalRuns": 2}, "prism": "crowds.pm", "prop": {"type": "probability", "dir": "min", "label": "observeIGreater1", "bound": 0.0007295784602247391}, "region_bound": 0, "big_step": true, "use_robust_pla": true, "epsilon": 0.0001, "estimate_method": "delta", "splitting_strategy": "estimate", "splitting_threshold": 4, "simple": true, "additional_storm_args": "--not-graph-preserving", "region_interval": "0,0.8"}
Storm-pars 1.9.0

Date: Tue Dec 17 14:49:33 2024
Command line arguments: --prism /home/lheck/git/bigsteptest/testcases/crowds/crowds.pm -const 'CrowdSize=20,TotalRuns=2' -prop 'Pmin<=0.0007295784602247391 [F "observeIGreater1"]' --big-step --mode verification --region '0<=pK<=0.8,0<=pL<=0.8' --terminationCondition 0 '--regionverif:engine' robustpl '--minmax:method' vi -bisim --not-graph-preserving --splitting-heuristic estimate --estimate-method delta --splitting-threshold 4
Current working directory: /home/lheck/git/bigsteptest

Time for model input parsing: 0.004s.

Time for model construction: 0.035s.

-------------------------------------------------------------- 
Model type: 	DTMC (sparse)
States: 	3772
Transitions: 	13012
Reward Models:  none
State Labels: 	3 labels
   * deadlock -> 229 item(s)
   * init -> 1 item(s)
   * observeIGreater1 -> 2 item(s)
Choice Labels: 	none
-------------------------------------------------------------- 

Time for model preprocessing: 0.004s.

-------------------------------------------------------------- 
Model type: 	DTMC (sparse)
States: 	19
Transitions: 	33
Reward Models:  none
State Labels: 	3 labels
   * observeIGreater1 -> 1 item(s)
   * init -> 1 item(s)
   * deadlock -> 1 item(s)
Choice Labels: 	none
-------------------------------------------------------------- 
 WARN (parameterlifting.h:40): The input model contains a non-linear polynomial as transition: '(pL^2)/(1)'. Can not validate that parameter lifting is sound on this model.
 WARN (region.h:180): Could not validate whether parameter lifting is applicable. Please validate manually...
 WARN (RobustParameterLifter.cpp:54): Cannot use graph monotonicity in robust mode.
Region partitioning for extremal value terminated after analyzing 2177 regions.
	0% of the parameter space are not covered.
Extremal value: 6727440993758727/9223372036854775808
Formula is satisfied by all parameter instantiations.
Time for model checking: 0.138s.

real	0m0.200s
user	0m0.192s
sys	0m0.008s
