{"constants": {"CrowdSize": 20, "TotalRuns": 4}, "prism": "crowds.pm", "prop": {"type": "probability", "dir": "min", "label": "observeIGreater1", "bound": 0.00789397400547}, "region_bound": 0.1, "big_step": false, "use_robust_pla": true, "epsilon": 0.01, "estimate_method": "delta", "splitting_strategy": "estimate", "splitting_threshold": 4, "simple": true}
Storm-pars 1.9.0

Date: Tue Dec 17 14:17:00 2024
Command line arguments: --prism /home/lheck/git/bigsteptest/testcases/crowds/crowds.pm -const 'CrowdSize=20,TotalRuns=4' -prop 'Pmin<=0.00789397400547 [F "observeIGreater1"]' --mode verification --regionbound 0.1 --terminationCondition 0 '--regionverif:engine' robustpl '--minmax:method' vi -bisim --splitting-heuristic estimate --estimate-method delta --splitting-threshold 4
Current working directory: /home/lheck/git/bigsteptest

Time for model input parsing: 0.006s.

Time for model construction: 3.315s.

-------------------------------------------------------------- 
Model type: 	DTMC (sparse)
States: 	325488
Transitions: 	1157088
Reward Models:  none
State Labels: 	3 labels
   * deadlock -> 10165 item(s)
   * init -> 1 item(s)
   * observeIGreater1 -> 460 item(s)
Choice Labels: 	none
-------------------------------------------------------------- 

Time for model preprocessing: 0.353s.

-------------------------------------------------------------- 
Model type: 	DTMC (sparse)
States: 	84
Transitions: 	130
Reward Models:  none
State Labels: 	2 labels
   * observeIGreater1 -> 1 item(s)
   * init -> 1 item(s)
Choice Labels: 	none
-------------------------------------------------------------- 
 WARN (RobustParameterLifter.cpp:54): Cannot use graph monotonicity in robust mode.
Region partitioning for extremal value terminated after analyzing 429 regions.
	0% of the parameter space are not covered.
Extremal value: 8962620574911351/1152921504606846976
Formula is satisfied by all parameter instantiations.
Time for model checking: 0.067s.

real	0m3.793s
user	0m3.713s
sys	0m0.080s
