{"constants": {}, "region_bound": 0, "prism": "herman_random_pass_speedreducer_2-3.pm", "prop": {"type": "reward", "dir": "max", "label": "stable", "bound": 0.5250050007925917}, "big_step": true, "use_robust_pla": true, "epsilon": 0.1, "estimate_method": "delta", "splitting_strategy": "estimate", "splitting_threshold": 4, "simple": true, "additional_storm_args": "--not-graph-preserving", "region_interval": "0.2,1"}
Storm-pars 1.9.0

Date: Tue Dec 17 11:58:19 2024
Command line arguments: --prism /home/lheck/git/bigsteptest/testcases/herman/herman_random_pass_speedreducer_2-3.pm -prop 'Rmax>=0.5250050007925917 [F "stable"]' --big-step --mode verification --region '0.2<=r<=1,0.2<=p<=1,0.2<=q<=1' --terminationCondition 0 '--regionverif:engine' robustpl '--minmax:method' vi -bisim --not-graph-preserving --splitting-heuristic estimate --estimate-method delta --splitting-threshold 4
Current working directory: /home/lheck/git/bigsteptest

Time for model input parsing: 0.002s.

Time for model construction: 0.025s.

-------------------------------------------------------------- 
Model type: 	DTMC (sparse)
States: 	231
Transitions: 	598
Reward Models:  steps
State Labels: 	3 labels
   * deadlock -> 0 item(s)
   * init -> 1 item(s)
   * stable -> 48 item(s)
Choice Labels: 	none
-------------------------------------------------------------- 

Time for model preprocessing: 0.002s.

-------------------------------------------------------------- 
Model type: 	DTMC (sparse)
States: 	22
Transitions: 	42
Reward Models:  steps
State Labels: 	3 labels
   * stable -> 1 item(s)
   * init -> 1 item(s)
   * deadlock -> 0 item(s)
Choice Labels: 	none
-------------------------------------------------------------- 
 WARN (parameterlifting.h:40): The input model contains a non-linear polynomial as transition: '(-3 * ((r) * (r+(-1))))/(1)'. Can not validate that parameter lifting is sound on this model.
 WARN (region.h:180): Could not validate whether parameter lifting is applicable. Please validate manually...
 WARN (RobustParameterLifter.cpp:54): Cannot use graph monotonicity in robust mode.
Region partitioning for extremal value terminated after analyzing 1 regions.
	0% of the parameter space are not covered.
Extremal value: 1648093021062237/2251799813685248
Formula is satisfied by all parameter instantiations.
Time for model checking: 0.001s.

real	0m0.053s
user	0m0.043s
sys	0m0.010s
