{"constants": {}, "region_bound": 0.1, "prism": "herman11_pla.pm", "prop": {"type": "reward", "dir": "max", "label": "stable", "bound": 11.981111719500001}, "big_step": false, "use_robust_pla": true, "epsilon": 0.01, "estimate_method": "delta", "splitting_strategy": "estimate", "splitting_threshold": 4, "simple": true}
Storm-pars 1.9.0

Date: Tue Dec 17 11:38:18 2024
Command line arguments: --prism /home/lheck/git/bigsteptest/testcases/herman/herman11_pla.pm -prop 'Rmax>=11.981111719500001 [F "stable"]' --mode verification --regionbound 0.1 --terminationCondition 0 '--regionverif:engine' robustpl '--minmax:method' vi -bisim --splitting-heuristic estimate --estimate-method delta --splitting-threshold 4
Current working directory: /home/lheck/git/bigsteptest

Time for model input parsing: 0.005s.

Time for model construction: 8.708s.

-------------------------------------------------------------- 
Model type: 	DTMC (sparse)
States: 	788290
Transitions: 	1096202
Reward Models:  steps
State Labels: 	3 labels
   * deadlock -> 0 item(s)
   * init -> 1 item(s)
   * stable -> 44 item(s)
Choice Labels: 	none
-------------------------------------------------------------- 

Time for model preprocessing: 0.868s.

-------------------------------------------------------------- 
Model type: 	DTMC (sparse)
States: 	40690
Transitions: 	61128
Reward Models:  steps
State Labels: 	2 labels
   * stable -> 1 item(s)
   * init -> 1 item(s)
Choice Labels: 	none
-------------------------------------------------------------- 
 WARN (RobustParameterLifter.cpp:54): Cannot use graph monotonicity in robust mode.
Region partitioning for extremal value terminated after analyzing 467 regions.
	0% of the parameter space are not covered.
Extremal value: 1703224540058095/140737488355328
Formula is satisfied by all parameter instantiations.
Time for model checking: 34.406s.

real	0m44.064s
user	0m43.962s
sys	0m0.100s
