{"constants": {}, "region_bound": 0, "prism": "herman_random_pass_speedreducer_2-5.pm", "prop": {"type": "reward", "dir": "max", "label": "stable", "bound": 2.2526553006}, "big_step": false, "use_robust_pla": true, "epsilon": 0.1, "estimate_method": "delta", "splitting_strategy": "estimate", "splitting_threshold": 4, "simple": true, "additional_storm_args": "--not-graph-preserving", "region_interval": "0,0.8"}
Storm-pars 1.9.0

Date: Tue Dec 17 12:07:28 2024
Command line arguments: --prism /home/lheck/git/bigsteptest/testcases/herman/herman_random_pass_speedreducer_2-5.pm -prop 'Rmax>=2.2526553006 [F "stable"]' --mode verification --region '0<=r<=0.8,0<=p<=0.8,0<=q<=0.8' --terminationCondition 0 '--regionverif:engine' robustpl '--minmax:method' vi -bisim --not-graph-preserving --splitting-heuristic estimate --estimate-method delta --splitting-threshold 4
Current working directory: /home/lheck/git/bigsteptest

Time for model input parsing: 0.002s.

Time for model construction: 0.391s.

-------------------------------------------------------------- 
Model type: 	DTMC (sparse)
States: 	9155
Transitions: 	41942
Reward Models:  steps
State Labels: 	3 labels
   * deadlock -> 0 item(s)
   * init -> 1 item(s)
   * stable -> 320 item(s)
Choice Labels: 	none
-------------------------------------------------------------- 

Time for model preprocessing: 0.078s.

-------------------------------------------------------------- 
Model type: 	DTMC (sparse)
States: 	673
Transitions: 	2921
Reward Models:  steps
State Labels: 	3 labels
   * stable -> 1 item(s)
   * init -> 1 item(s)
   * deadlock -> 0 item(s)
Choice Labels: 	none
-------------------------------------------------------------- 
 WARN (parameterlifting.h:40): The input model contains a non-linear polynomial as transition: '((q)^2)/(1)'. Can not validate that parameter lifting is sound on this model.
 WARN (region.h:180): Could not validate whether parameter lifting is applicable. Please validate manually...
 WARN (RobustParameterLifter.cpp:54): Cannot use graph monotonicity in robust mode.
Region partitioning for extremal value terminated after analyzing 393 regions.
	0% of the parameter space are not covered.
Extremal value: 5682956663683821/2251799813685248
Formula is satisfied by all parameter instantiations.
Time for model checking: 3.761s.

real	0m4.253s
user	0m4.234s
sys	0m0.020s
