{"memory_bound": 1, "region_bound": 0.1, "constants": {}, "pomdp": "maze2.prism", "prop": {"type": "reward", "dir": "max", "label": "goal", "bound": 17.519916399084}, "big_step": true, "use_robust_pla": true, "epsilon": 1e-05, "estimate_method": "delta", "splitting_strategy": "estimate", "splitting_threshold": 4, "simple": true}
Storm-pars 1.9.0

Date: Tue Dec 17 14:50:08 2024
Command line arguments: --explicit-drn /home/lheck/git/bigsteptest/build/testcases/maze/maze2_reward_max_goal________7a2f1fdb1607683b03b4e06864e90f3cd79a482d40affed47acc3f2e219b9623_1.drn -prop 'Rmax>=17.519916399084 [F "goal"]' --big-step --mode verification --regionbound 0.1 --terminationCondition 0 '--regionverif:engine' robustpl '--minmax:method' vi -bisim --splitting-heuristic estimate --estimate-method delta --splitting-threshold 4
Current working directory: /home/lheck/git/bigsteptest

Time for model construction: 0.005s.

-------------------------------------------------------------- 
Model type: 	DTMC (sparse)
States: 	41
Transitions: 	82
Reward Models:  (default)
State Labels: 	3 labels
   * goal -> 1 item(s)
   * notbad -> 35 item(s)
   * init -> 1 item(s)
Choice Labels: 	none
-------------------------------------------------------------- 

Time for model preprocessing: 0.001s.

-------------------------------------------------------------- 
Model type: 	DTMC (sparse)
States: 	50
Transitions: 	101
Reward Models:  (default)
State Labels: 	2 labels
   * init -> 1 item(s)
   * goal -> 1 item(s)
Choice Labels: 	none
-------------------------------------------------------------- 
 WARN (RobustParameterLifter.cpp:54): Cannot use graph monotonicity in robust mode.
ERROR (storm-pars.cpp:626): An unexpected exception occurred and caused Storm-pars to terminate. The message of this exception is: std::bad_alloc

real	7m51.875s
user	7m34.239s
sys	0m17.623s
