{"constants": {"N": 5, "K": 25}, "region_bound": 0, "prism": "nand.pm", "prop": {"type": "probability", "dir": "min", "label": "target", "bound": 0.81655584401966}, "big_step": false, "use_robust_pla": true, "epsilon": 0.0001, "estimate_method": "delta", "splitting_strategy": "estimate", "splitting_threshold": 4, "simple": true, "additional_storm_args": "--not-graph-preserving", "region_interval": "0,0.8"}
Storm-pars 1.9.0

Date: Tue Dec 17 15:11:57 2024
Command line arguments: --prism /home/lheck/git/bigsteptest/testcases/nand/nand.pm -const 'N=5,K=25' -prop 'Pmin<=0.81655584401966 [F "target"]' --mode verification --region '0<=perr<=0.8,0<=prob1<=0.8' --terminationCondition 0 '--regionverif:engine' robustpl '--minmax:method' vi -bisim --not-graph-preserving --splitting-heuristic estimate --estimate-method delta --splitting-threshold 4
Current working directory: /home/lheck/git/bigsteptest

Time for model input parsing: 0.002s.

Time for model construction: 0.155s.

-------------------------------------------------------------- 
Model type: 	DTMC (sparse)
States: 	20082
Transitions: 	28587
Reward Models:  none
State Labels: 	3 labels
   * init -> 1 item(s)
   * deadlock -> 0 item(s)
   * target -> 1 item(s)
Choice Labels: 	none
-------------------------------------------------------------- 

Time for model preprocessing: 0.039s.

-------------------------------------------------------------- 
Model type: 	DTMC (sparse)
States: 	13728
Transitions: 	18535
Reward Models:  none
State Labels: 	3 labels
   * init -> 1 item(s)
   * target -> 1 item(s)
   * deadlock -> 0 item(s)
Choice Labels: 	none
-------------------------------------------------------------- 
 WARN (RobustParameterLifter.cpp:54): Cannot use graph monotonicity in robust mode.
Region partitioning for extremal value terminated after analyzing 253 regions.
	0% of the parameter space are not covered.
Extremal value: 1837792128956209/2251799813685248
Formula is satisfied by all parameter instantiations.
Time for model checking: 4.542s.

real	0m4.762s
user	0m4.737s
sys	0m0.025s
