{"memory_bound": 1, "region_bound": 0, "constants": {"N": 4}, "pomdp": "newgrid.prism", "prop": {"type": "probability", "dir": "min", "label": "notbad U goal", "bound": 0.9875243541611599}, "big_step": false, "use_robust_pla": true, "epsilon": 0.0001, "estimate_method": "delta", "splitting_strategy": "estimate", "splitting_threshold": 4, "simple": true, "additional_storm_args": "--not-graph-preserving", "region_interval": "0.2,1"}
Storm-pars 1.9.0

Date: Tue Dec 17 14:14:44 2024
Command line arguments: --explicit-drn /home/lheck/git/bigsteptest/build/testcases/grids/newgrid_probability_min_notbad_U_goal______N=4__bc84d137e0e4865bde8a6e1c1b8d1b2de270980c6e8b3b56bfd1ee93f94fcb11_1.drn -prop 'Pmin<=0.9875243541611599 ["notbad" U "goal"]' --mode verification --region '0.2<=p1_0<=1,0.2<=p4_0<=1,0.2<=p5_0<=1' --terminationCondition 0 '--regionverif:engine' robustpl '--minmax:method' vi -bisim --not-graph-preserving --splitting-heuristic estimate --estimate-method delta --splitting-threshold 4
Current working directory: /home/lheck/git/bigsteptest

Time for model construction: 0.012s.

-------------------------------------------------------------- 
Model type: 	DTMC (sparse)
States: 	78
Transitions: 	152
Reward Models:  (default)
State Labels: 	3 labels
   * goal -> 1 item(s)
   * notbad -> 77 item(s)
   * init -> 1 item(s)
Choice Labels: 	none
-------------------------------------------------------------- 

Time for model preprocessing: 0.000s.

-------------------------------------------------------------- 
Model type: 	DTMC (sparse)
States: 	76
Transitions: 	148
Reward Models:  none
State Labels: 	3 labels
   * notbad -> 75 item(s)
   * init -> 1 item(s)
   * goal -> 1 item(s)
Choice Labels: 	none
-------------------------------------------------------------- 
 WARN (RobustParameterLifter.cpp:54): Cannot use graph monotonicity in robust mode.
ERROR (storm-pars.cpp:626): An unexpected exception occurred and caused Storm-pars to terminate. The message of this exception is: Out of virtual memory.

real	21m9.536s
user	20m51.143s
sys	0m18.359s
