{"constants": {}, "region_bound": 1e-06, "prism": "herman5_pla.pm", "prop": {"type": "reward", "dir": "max", "label": "stable", "bound": 1.93331365267014}, "big_step": false, "use_robust_pla": false, "epsilon": 1e-05, "splitting_strategy": "estimate", "estimate_method": "delta", "simple": true, "splitting_threshold": 4}
Storm-pars 1.8.1

Date: Sun Oct 13 11:48:30 2024
Command line arguments: --prism /home/lheck/git/bigsteptest/testcases_standard/herman/herman5_pla.pm -prop 'Rmax>=1.93331365267014 [F "stable"]' --mode partitioning --regionbound 1e-06 --terminationCondition 0 '--minmax:method' vi -bisim --splitting-heuristic estimate --estimate-method delta --splitting-threshold 4
Current working directory: /home/lheck/git/bigsteptest

Time for model input parsing: 0.001s.

Time for model construction: 0.015s.

-------------------------------------------------------------- 
Model type: 	DTMC (sparse)
States: 	838
Transitions: 	1211
Reward Models:  steps
State Labels: 	3 labels
   * deadlock -> 0 item(s)
   * init -> 1 item(s)
   * stable -> 20 item(s)
Choice Labels: 	none
-------------------------------------------------------------- 

Time for model preprocessing: 0.000s.

-------------------------------------------------------------- 
Model type: 	DTMC (sparse)
States: 	196
Transitions: 	306
Reward Models:  steps
State Labels: 	2 labels
   * stable -> 1 item(s)
   * init -> 1 item(s)
Choice Labels: 	none
-------------------------------------------------------------- 

Analyzing parameter region 1/1000000<=p<=999999/1000000; using Parameter Lifting and splitting heuristic Estimate-Based with iterative refinement until 100% is covered.

Model checking property "1": Rmax>=96665682633507/50000000000000 [F "stable"] ...
Result (initial states):  WARN (RegionRefinementCheckResult.cpp:117): Writing illustration of region check result to a stream is only implemented for two parameters.
  Fraction of satisfied area: 100%
Fraction of unsatisfied area: 0%
            Unknown fraction: 0%
     Total number of regions: 1792
                      AllSat: 1792


Time for model checking: 0.356s.


real	0m0.390s
user	0m0.374s
sys	0m0.016s
