{"constants": {}, "region_bound": 0.1, "prism": "herman7_pla.pm", "prop": {"type": "reward", "dir": "max", "label": "stable", "bound": 4.49328056274504}, "big_step": false, "use_robust_pla": false, "epsilon": 1e-05, "splitting_strategy": "estimate", "estimate_method": "delta", "simple": true, "splitting_threshold": 4}
Storm-pars 1.8.1

Date: Sun Oct 13 11:48:30 2024
Command line arguments: --prism /home/lheck/git/bigsteptest/testcases_standard/herman/herman7_pla.pm -prop 'Rmax>=4.49328056274504 [F "stable"]' --mode partitioning --regionbound 0.1 --terminationCondition 0 '--minmax:method' vi -bisim --splitting-heuristic estimate --estimate-method delta --splitting-threshold 4
Current working directory: /home/lheck/git/bigsteptest

Time for model input parsing: 0.002s.

Time for model construction: 0.061s.

-------------------------------------------------------------- 
Model type: 	DTMC (sparse)
States: 	9066
Transitions: 	12736
Reward Models:  steps
State Labels: 	3 labels
   * deadlock -> 0 item(s)
   * init -> 1 item(s)
   * stable -> 28 item(s)
Choice Labels: 	none
-------------------------------------------------------------- 

Time for model preprocessing: 0.004s.

-------------------------------------------------------------- 
Model type: 	DTMC (sparse)
States: 	1422
Transitions: 	2164
Reward Models:  steps
State Labels: 	2 labels
   * stable -> 1 item(s)
   * init -> 1 item(s)
Choice Labels: 	none
-------------------------------------------------------------- 

Analyzing parameter region 1/10<=p<=9/10; using Parameter Lifting and splitting heuristic Estimate-Based with iterative refinement until 100% is covered.

Model checking property "1": Rmax>=56166007034313/12500000000000 [F "stable"] ...
Result (initial states):  WARN (RegionRefinementCheckResult.cpp:117): Writing illustration of region check result to a stream is only implemented for two parameters.
  Fraction of satisfied area: 100%
Fraction of unsatisfied area: 0%
            Unknown fraction: 0%
     Total number of regions: 3934
                      AllSat: 3934


Time for model checking: 5.009s.


real	0m5.094s
user	0m5.080s
sys	0m0.013s
