{"memory_bound": 1, "region_bound": 1e-06, "constants": {}, "pomdp": "maze2.prism", "prop": {"type": "reward", "dir": "max", "label": "goal", "bound": 14.314662660573001}, "big_step": false, "use_robust_pla": true, "epsilon": 0.0001, "splitting_strategy": "estimate", "estimate_method": "delta", "simple": true, "splitting_threshold": 4}
Storm-pars 1.8.1

Date: Sun Oct 13 14:08:18 2024
Command line arguments: --explicit-drn /home/lheck/git/bigsteptest/.build/testcases_standard/maze/maze2_reward_max_goal________7aa0130ed21dfc8a56a42042157143ba5e577f8306c347b0f9bdf7576fa74c27_1.drn -prop 'Rmax>=14.314662660573001 [F "goal"]' --mode partitioning --regionbound 1e-06 --terminationCondition 0 '--regionverif:engine' robustpl '--minmax:method' vi -bisim --splitting-heuristic estimate --estimate-method delta --splitting-threshold 4
Current working directory: /home/lheck/git/bigsteptest

Time for model construction: 0.003s.

-------------------------------------------------------------- 
Model type: 	DTMC (sparse)
States: 	41
Transitions: 	82
Reward Models:  (default)
State Labels: 	3 labels
   * goal -> 1 item(s)
   * notbad -> 35 item(s)
   * init -> 1 item(s)
Choice Labels: 	none
-------------------------------------------------------------- 

Time for model preprocessing: 0.000s.

-------------------------------------------------------------- 
Model type: 	DTMC (sparse)
States: 	41
Transitions: 	82
Reward Models:  (default)
State Labels: 	2 labels
   * init -> 1 item(s)
   * goal -> 1 item(s)
Choice Labels: 	none
-------------------------------------------------------------- 

Analyzing parameter region 1/1000000<=p1_0<=999999/1000000,1/1000000<=p2_0<=999999/1000000,1/1000000<=p3_0<=999999/1000000,1/1000000<=p4_0<=999999/1000000,1/1000000<=p5_0<=999999/1000000,1/1000000<=p6_0<=999999/1000000,1/1000000<=p8_0<=999999/1000000,1/1000000<=p9_0<=999999/1000000,1/1000000<=p10_0<=999999/1000000,1/1000000<=p12_0<=999999/1000000,1/1000000<=p13_0<=999999/1000000,1/1000000<=p14_0<=999999/1000000,1/1000000<=p15_0<=999999/1000000,1/1000000<=p17_0<=999999/1000000,1/1000000<=p19_0<=999999/1000000; using Robust Parameter Lifting and splitting heuristic Estimate-Based with iterative refinement until 100% is covered.

Model checking property "1": Rmax>=14314662660573001/1000000000000000 [F "goal"] ...
 WARN (RobustParameterLifter.cpp:53): Cannot use graph monotonicity in robust mode.
ERROR (storm-pars.cpp:593): An unexpected exception occurred and caused Storm-pars to terminate. The message of this exception is: std::bad_alloc

real	9m28.738s
user	9m14.940s
sys	0m13.780s
