{"memory_bound": 1, "region_bound": 0.1, "constants": {}, "pomdp": "maze2.prism", "prop": {"type": "reward", "dir": "max", "label": "goal", "bound": 17.3448844767}, "big_step": false, "use_robust_pla": true, "epsilon": 0.01, "splitting_strategy": "estimate", "estimate_method": "delta", "simple": true, "splitting_threshold": 4}
Storm-pars 1.8.1

Date: Sun Oct 13 14:05:26 2024
Command line arguments: --explicit-drn /home/lheck/git/bigsteptest/.build/testcases_standard/maze/maze2_reward_max_goal________7a2f1fdb1607683b03b4e06864e90f3cd79a482d40affed47acc3f2e219b9623_1.drn -prop 'Rmax>=17.3448844767 [F "goal"]' --mode partitioning --regionbound 0.1 --terminationCondition 0 '--regionverif:engine' robustpl '--minmax:method' vi -bisim --splitting-heuristic estimate --estimate-method delta --splitting-threshold 4
Current working directory: /home/lheck/git/bigsteptest

Time for model construction: 0.003s.

-------------------------------------------------------------- 
Model type: 	DTMC (sparse)
States: 	41
Transitions: 	82
Reward Models:  (default)
State Labels: 	3 labels
   * goal -> 1 item(s)
   * notbad -> 35 item(s)
   * init -> 1 item(s)
Choice Labels: 	none
-------------------------------------------------------------- 

Time for model preprocessing: 0.000s.

-------------------------------------------------------------- 
Model type: 	DTMC (sparse)
States: 	41
Transitions: 	82
Reward Models:  (default)
State Labels: 	2 labels
   * init -> 1 item(s)
   * goal -> 1 item(s)
Choice Labels: 	none
-------------------------------------------------------------- 

Analyzing parameter region 1/10<=p1_0<=9/10,1/10<=p2_0<=9/10,1/10<=p3_0<=9/10,1/10<=p4_0<=9/10,1/10<=p5_0<=9/10,1/10<=p6_0<=9/10,1/10<=p8_0<=9/10,1/10<=p9_0<=9/10,1/10<=p10_0<=9/10,1/10<=p12_0<=9/10,1/10<=p13_0<=9/10,1/10<=p14_0<=9/10,1/10<=p15_0<=9/10,1/10<=p17_0<=9/10,1/10<=p19_0<=9/10; using Robust Parameter Lifting and splitting heuristic Estimate-Based with iterative refinement until 100% is covered.

Model checking property "1": Rmax>=173448844767/10000000000 [F "goal"] ...
 WARN (RobustParameterLifter.cpp:53): Cannot use graph monotonicity in robust mode.
Result (initial states):  WARN (RegionRefinementCheckResult.cpp:117): Writing illustration of region check result to a stream is only implemented for two parameters.
  Fraction of satisfied area: 100%
Fraction of unsatisfied area: 0%
            Unknown fraction: 0%
     Total number of regions: 69436
                      AllSat: 69436


Time for model checking: 10.202s.


real	0m10.862s
user	0m10.554s
sys	0m0.308s
