{"constants": {"N": 10, "K": 50}, "region_bound": 0.1, "prism": "nand.pm", "prop": {"type": "probability", "dir": "min", "label": "target", "bound": 0.282375226124024}, "big_step": false, "use_robust_pla": true, "epsilon": 1e-05, "splitting_strategy": "estimate", "estimate_method": "delta", "simple": true, "splitting_threshold": 4}
Storm-pars 1.8.1

Date: Sun Oct 13 14:21:33 2024
Command line arguments: --prism /home/lheck/git/bigsteptest/testcases_standard/nand/nand.pm -const 'N=10,K=50' -prop 'Pmin<=0.282375226124024 [F "target"]' --mode partitioning --regionbound 0.1 --terminationCondition 0 '--regionverif:engine' robustpl '--minmax:method' vi -bisim --splitting-heuristic estimate --estimate-method delta --splitting-threshold 4
Current working directory: /home/lheck/git/bigsteptest

Time for model input parsing: 0.001s.

Time for model construction: 1.354s.

-------------------------------------------------------------- 
Model type: 	DTMC (sparse)
States: 	346962
Transitions: 	518847
Reward Models:  none
State Labels: 	3 labels
   * init -> 1 item(s)
   * deadlock -> 0 item(s)
   * target -> 1 item(s)
Choice Labels: 	none
-------------------------------------------------------------- 

Time for model preprocessing: 0.922s.

-------------------------------------------------------------- 
Model type: 	DTMC (sparse)
States: 	250402
Transitions: 	360792
Reward Models:  none
State Labels: 	2 labels
   * target -> 1 item(s)
   * init -> 1 item(s)
Choice Labels: 	none
-------------------------------------------------------------- 

Analyzing parameter region 1/10<=prob1<=9/10,1/10<=perr<=9/10; using Robust Parameter Lifting and splitting heuristic Estimate-Based with iterative refinement until 100% is covered.

Model checking property "1": Pmin<=35296903265503/125000000000000 [F "target"] ...
 WARN (RobustParameterLifter.cpp:53): Cannot use graph monotonicity in robust mode.
ERROR: The program received signal 15 and will be aborted in 3s.
 WARN (TopologicalLinearEquationSolver.cpp:118): Topological solver aborted after analyzing 1/250402 SCCs.
 WARN (TopologicalLinearEquationSolver.cpp:118): Topological solver aborted after analyzing 1/250400 SCCs.
 WARN (TopologicalLinearEquationSolver.cpp:118): Topological solver aborted after analyzing 1/250402 SCCs.
 WARN (TopologicalLinearEquationSolver.cpp:118): Topological solver aborted after analyzing 1/250400 SCCs.
 WARN (TopologicalLinearEquationSolver.cpp:118): Topological solver aborted after analyzing 1/250402 SCCs.
 WARN (TopologicalLinearEquationSolver.cpp:118): Topological solver aborted after analyzing 1/250400 SCCs.
 WARN (TopologicalLinearEquationSolver.cpp:118): Topological solver aborted after analyzing 1/250402 SCCs.
 WARN (TopologicalLinearEquationSolver.cpp:118): Topological solver aborted after analyzing 1/250400 SCCs.
 WARN (TopologicalLinearEquationSolver.cpp:118): Topological solver aborted after analyzing 1/250402 SCCs.
 WARN (TopologicalLinearEquationSolver.cpp:118): Topological solver aborted after analyzing 1/250400 SCCs.
 WARN (TopologicalLinearEquationSolver.cpp:118): Topological solver aborted after analyzing 1/250402 SCCs.
 WARN (TopologicalLinearEquationSolver.cpp:118): Topological solver aborted after analyzing 1/250400 SCCs.
 WARN (TopologicalLinearEquationSolver.cpp:118): Topological solver aborted after analyzing 1/250402 SCCs.
 WARN (TopologicalLinearEquationSolver.cpp:118): Topological solver aborted after analyzing 1/250400 SCCs.
 WARN (TopologicalLinearEquationSolver.cpp:118): Topological solver aborted after analyzing 1/250402 SCCs.
 WARN (TopologicalLinearEquationSolver.cpp:118): Topological solver aborted after analyzing 1/250400 SCCs.
 WARN (TopologicalLinearEquationSolver.cpp:118): Topological solver aborted after analyzing 1/250402 SCCs.
 WARN (TopologicalLinearEquationSolver.cpp:118): Topological solver aborted after analyzing 1/250400 SCCs.
 WARN (TopologicalLinearEquationSolver.cpp:118): Topological solver aborted after analyzing 1/250402 SCCs.
 WARN (TopologicalLinearEquationSolver.cpp:118): Topological solver aborted after analyzing 1/250400 SCCs.
 WARN (TopologicalLinearEquationSolver.cpp:118): Topological solver aborted after analyzing 1/250402 SCCs.
 WARN (TopologicalLinearEquationSolver.cpp:118): Topological solver aborted after analyzing 1/250400 SCCs.
 WARN (TopologicalLinearEquationSolver.cpp:118): Topological solver aborted after analyzing 1/250402 SCCs.
 WARN (TopologicalLinearEquationSolver.cpp:118): Topological solver aborted after analyzing 1/250400 SCCs.
 WARN (TopologicalLinearEquationSolver.cpp:118): Topological solver aborted after analyzing 1/250402 SCCs.
 WARN (TopologicalLinearEquationSolver.cpp:118): Topological solver aborted after analyzing 1/250400 SCCs.
 WARN (TopologicalLinearEquationSolver.cpp:118): Topological solver aborted after analyzing 1/250402 SCCs.
 WARN (TopologicalLinearEquationSolver.cpp:118): Topological solver aborted after analyzing 1/250400 SCCs.
 WARN (TopologicalLinearEquationSolver.cpp:118): Topological solver aborted after analyzing 1/250402 SCCs.
 WARN (TopologicalLinearEquationSolver.cpp:118): Topological solver aborted after analyzing 1/250400 SCCs.
 WARN (TopologicalLinearEquationSolver.cpp:118): Topological solver aborted after analyzing 1/250402 SCCs.
 WARN (TopologicalLinearEquationSolver.cpp:118): Topological solver aborted after analyzing 1/250400 SCCs.
 WARN (TopologicalLinearEquationSolver.cpp:118): Topological solver aborted after analyzing 1/250402 SCCs.
 WARN (TopologicalLinearEquationSolver.cpp:118): Topological solver aborted after analyzing 1/250400 SCCs.
 WARN (TopologicalLinearEquationSolver.cpp:118): Topological solver aborted after analyzing 1/250402 SCCs.
 WARN (TopologicalLinearEquationSolver.cpp:118): Topological solver aborted after analyzing 1/250400 SCCs.
 WARN (TopologicalLinearEquationSolver.cpp:118): Topological solver aborted after analyzing 1/250402 SCCs.
 WARN (TopologicalLinearEquationSolver.cpp:118): Topological solver aborted after analyzing 1/250400 SCCs.
 WARN (TopologicalLinearEquationSolver.cpp:118): Topological solver aborted after analyzing 1/250402 SCCs.
 WARN (TopologicalLinearEquationSolver.cpp:118): Topological solver aborted after analyzing 1/250400 SCCs.
 WARN (TopologicalLinearEquationSolver.cpp:118): Topological solver aborted after analyzing 1/250402 SCCs.
 WARN (TopologicalLinearEquationSolver.cpp:118): Topological solver aborted after analyzing 1/250400 SCCs.
 WARN (TopologicalLinearEquationSolver.cpp:118): Topological solver aborted after analyzing 1/250402 SCCs.
Received signal 14

real	60m3.011s
user	60m2.817s
sys	0m0.128s
