{"memory_bound": 1, "region_bound": 1e-06, "constants": {"K": 5}, "pomdp": "nrp.prism", "prop": {"type": "probability", "dir": "min", "label": "unfair", "bound": 0.21999999725000002}, "big_step": true, "use_robust_pla": true, "epsilon": 0.1, "splitting_strategy": "estimate", "estimate_method": "delta", "simple": true, "splitting_threshold": 4}
Storm-pars 1.8.1

Date: Sun Oct 13 15:19:02 2024
Command line arguments: --explicit-drn /home/lheck/git/bigsteptest/build/testcases_standard/nrp/nrp_probability_min_unfair______K=5__7aa0130ed21dfc8a56a42042157143ba5e577f8306c347b0f9bdf7576fa74c27_1.drn -prop 'Pmin<=0.21999999725000002 [F "unfair"]' --big-step --mode partitioning --regionbound 1e-06 --terminationCondition 0 '--regionverif:engine' robustpl '--minmax:method' vi -bisim --splitting-heuristic estimate --estimate-method delta --splitting-threshold 4
Current working directory: /home/lheck/git/bigsteptest

Time for model construction: 0.001s.

-------------------------------------------------------------- 
Model type: 	DTMC (sparse)
States: 	56
Transitions: 	75
Reward Models:  none
State Labels: 	2 labels
   * unfair -> 5 item(s)
   * init -> 1 item(s)
Choice Labels: 	none
-------------------------------------------------------------- 

Time for model preprocessing: 0.000s.

-------------------------------------------------------------- 
Model type: 	DTMC (sparse)
States: 	12
Transitions: 	25
Reward Models:  none
State Labels: 	2 labels
   * unfair -> 1 item(s)
   * init -> 1 item(s)
Choice Labels: 	none
-------------------------------------------------------------- 

Analyzing parameter region 1/1000000<=p2_0<=999999/1000000,1/1000000<=p7_0<=999999/1000000,1/1000000<=p12_0<=999999/1000000,1/1000000<=p17_0<=999999/1000000,1/1000000<=p22_0<=999999/1000000; using Robust Parameter Lifting and splitting heuristic Estimate-Based with iterative refinement until 100% is covered.

Model checking property "1": Pmin<=10999999862500001/50000000000000000 [F "unfair"] ...
 WARN (RobustParameterLifter.cpp:53): Cannot use graph monotonicity in robust mode.
Result (initial states):  WARN (RegionRefinementCheckResult.cpp:117): Writing illustration of region check result to a stream is only implemented for two parameters.
  Fraction of satisfied area: 100%
Fraction of unsatisfied area: 0%
            Unknown fraction: 0%
     Total number of regions: 1
                      AllSat: 1


Time for model checking: 0.000s.


real	0m0.016s
user	0m0.009s
sys	0m0.008s
