{"constants": {"N": 32, "MAX": 4}, "prism": "brp.pm", "prop": {"type": "probability", "dir": "min", "label": "uncertain", "bound": 0.012847122794}, "region_bound": 0.1, "big_step": false, "use_robust_pla": false, "epsilon": 0.1, "splitting_strategy": "estimate", "estimate_method": "delta", "simple": true, "splitting_threshold": 4}
Storm-pars 1.9.0

Date: Thu Dec 19 14:07:30 2024
Command line arguments: --prism /home/lheck/git/bigsteptest/testcases_standard/brp/brp.pm -const 'N=32,MAX=4' -prop 'Pmin<=0.012847122794 [F "uncertain"]' --mode verification --regionbound 0.1 --terminationCondition 0 '--minmax:method' vi -bisim --splitting-heuristic estimate --estimate-method delta --splitting-threshold 4
Current working directory: /home/lheck/git/bigsteptest

Time for model input parsing: 0.002s.

 WARN (FormulaParserGrammar.cpp:325): Identifier `T' coincides with a reserved keyword or operator. Property expressions using the variable or constant 'T' might not be parsed correctly.
Time for model construction: 0.025s.

-------------------------------------------------------------- 
Model type: 	DTMC (sparse)
States: 	2179
Transitions: 	2879
Reward Models:  none
State Labels: 	3 labels
   * deadlock -> 67 item(s)
   * init -> 1 item(s)
   * uncertain -> 2 item(s)
Choice Labels: 	none
-------------------------------------------------------------- 

Time for model preprocessing: 0.001s.

-------------------------------------------------------------- 
Model type: 	DTMC (sparse)
States: 	1094
Transitions: 	1542
Reward Models:  none
State Labels: 	2 labels
   * uncertain -> 1 item(s)
   * init -> 1 item(s)
Choice Labels: 	none
-------------------------------------------------------------- 
Region partitioning for extremal value terminated after analyzing 1741 regions.
	0% of the parameter space are not covered.
Extremal value: 6732389733925797/576460752303423488
Formula is satisfied by all parameter instantiations.
Time for model checking: 0.192s.

real	0m0.238s
user	0m0.225s
sys	0m0.013s
