{"constants": {"CrowdSize": 10, "TotalRuns": 2}, "prism": "crowds.pm", "prop": {"type": "probability", "dir": "min", "label": "observeIGreater1", "bound": 0.019922067627562}, "region_bound": 1e-06, "big_step": true, "use_robust_pla": true, "epsilon": 0.0001, "splitting_strategy": "estimate", "estimate_method": "delta", "simple": true, "splitting_threshold": 4}
Storm-pars 1.9.0

Date: Thu Dec 19 15:10:09 2024
Command line arguments: --prism /home/lheck/git/bigsteptest/testcases_standard/crowds/crowds.pm -const 'CrowdSize=10,TotalRuns=2' -prop 'Pmin<=0.019922067627562 [F "observeIGreater1"]' --big-step --mode verification --regionbound 1e-06 --terminationCondition 0 '--regionverif:engine' robustpl '--minmax:method' vi -bisim --splitting-heuristic estimate --estimate-method delta --splitting-threshold 4
Current working directory: /home/lheck/git/bigsteptest

Time for model input parsing: 0.004s.

Time for model construction: 0.017s.

-------------------------------------------------------------- 
Model type: 	DTMC (sparse)
States: 	1037
Transitions: 	2357
Reward Models:  none
State Labels: 	3 labels
   * deadlock -> 64 item(s)
   * init -> 1 item(s)
   * observeIGreater1 -> 2 item(s)
Choice Labels: 	none
-------------------------------------------------------------- 

Time for model preprocessing: 0.000s.

-------------------------------------------------------------- 
Model type: 	DTMC (sparse)
States: 	11
Transitions: 	18
Reward Models:  none
State Labels: 	2 labels
   * observeIGreater1 -> 1 item(s)
   * init -> 1 item(s)
Choice Labels: 	none
-------------------------------------------------------------- 
 WARN (parameterlifting.h:40): The input model contains a non-linear polynomial as transition: '(1/5 * (pL^2+4*pL))/(1)'. Can not validate that parameter lifting is sound on this model.
 WARN (region.h:180): Could not validate whether parameter lifting is applicable. Please validate manually...
 WARN (RobustParameterLifter.cpp:54): Cannot use graph monotonicity in robust mode.
Region partitioning for extremal value terminated after analyzing 29993 regions.
	0% of the parameter space are not covered.
Extremal value: 5740912161417161/288230376151711744
Formula is satisfied by all parameter instantiations.
Time for model checking: 1.335s.

real	0m1.399s
user	0m1.359s
sys	0m0.032s
