{"constants": {"CrowdSize": 20, "TotalRuns": 2}, "prism": "crowds.pm", "prop": {"type": "probability", "dir": "min", "label": "observeIGreater1", "bound": 0.004980236861740478}, "region_bound": 1e-06, "big_step": false, "use_robust_pla": false, "epsilon": 0.0001, "splitting_strategy": "estimate", "estimate_method": "delta", "simple": true, "splitting_threshold": 4}
Storm-pars 1.9.0

Date: Thu Dec 19 15:09:56 2024
Command line arguments: --prism /home/lheck/git/bigsteptest/testcases_standard/crowds/crowds.pm -const 'CrowdSize=20,TotalRuns=2' -prop 'Pmin<=0.004980236861740478 [F "observeIGreater1"]' --mode verification --regionbound 1e-06 --terminationCondition 0 '--minmax:method' vi -bisim --splitting-heuristic estimate --estimate-method delta --splitting-threshold 4
Current working directory: /home/lheck/git/bigsteptest

Time for model input parsing: 0.004s.

Time for model construction: 0.035s.

-------------------------------------------------------------- 
Model type: 	DTMC (sparse)
States: 	3772
Transitions: 	13012
Reward Models:  none
State Labels: 	3 labels
   * deadlock -> 229 item(s)
   * init -> 1 item(s)
   * observeIGreater1 -> 2 item(s)
Choice Labels: 	none
-------------------------------------------------------------- 

Time for model preprocessing: 0.001s.

-------------------------------------------------------------- 
Model type: 	DTMC (sparse)
States: 	20
Transitions: 	30
Reward Models:  none
State Labels: 	2 labels
   * observeIGreater1 -> 1 item(s)
   * init -> 1 item(s)
Choice Labels: 	none
-------------------------------------------------------------- 
Region partitioning for extremal value terminated after analyzing 116673 regions.
	0% of the parameter space are not covered.
Extremal value: 358839041447821/72057594037927936
Formula is satisfied by all parameter instantiations.
Time for model checking: 4.832s.

real	0m4.966s
user	0m4.870s
sys	0m0.096s
