{"constants": {}, "region_bound": 1e-06, "prism": "herman11_pla.pm", "prop": {"type": "reward", "dir": "max", "label": "stable", "bound": 12.1020120286695}, "big_step": false, "use_robust_pla": false, "epsilon": 1e-05, "splitting_strategy": "estimate", "estimate_method": "delta", "simple": true, "splitting_threshold": 4}
Storm-pars 1.9.0

Date: Thu Dec 19 14:05:38 2024
Command line arguments: --prism /home/lheck/git/bigsteptest/testcases_standard/herman/herman11_pla.pm -prop 'Rmax>=12.1020120286695 [F "stable"]' --mode verification --regionbound 1e-06 --terminationCondition 0 '--minmax:method' vi -bisim --splitting-heuristic estimate --estimate-method delta --splitting-threshold 4
Current working directory: /home/lheck/git/bigsteptest

Time for model input parsing: 0.003s.

Time for model construction: 5.229s.

-------------------------------------------------------------- 
Model type: 	DTMC (sparse)
States: 	788290
Transitions: 	1096202
Reward Models:  steps
State Labels: 	3 labels
   * deadlock -> 0 item(s)
   * init -> 1 item(s)
   * stable -> 44 item(s)
Choice Labels: 	none
-------------------------------------------------------------- 

Time for model preprocessing: 0.885s.

-------------------------------------------------------------- 
Model type: 	DTMC (sparse)
States: 	40690
Transitions: 	61128
Reward Models:  steps
State Labels: 	2 labels
   * stable -> 1 item(s)
   * init -> 1 item(s)
Choice Labels: 	none
-------------------------------------------------------------- 
Region partitioning for extremal value terminated after analyzing 19277 regions.
	0% of the parameter space are not covered.
Extremal value: 3406443545617999/281474976710656
Formula is satisfied by all parameter instantiations.
Time for model checking: 205.912s.

real	3m32.104s
user	3m32.012s
sys	0m0.089s
