{"constants": {}, "region_bound": 0.1, "prism": "herman5_pla.pm", "prop": {"type": "reward", "dir": "max", "label": "stable", "bound": 1.9140028182}, "big_step": true, "use_robust_pla": true, "epsilon": 0.01, "splitting_strategy": "estimate", "estimate_method": "delta", "simple": true, "splitting_threshold": 4}
Storm-pars 1.9.0

Date: Thu Dec 19 14:05:38 2024
Command line arguments: --prism /home/lheck/git/bigsteptest/testcases_standard/herman/herman5_pla.pm -prop 'Rmax>=1.9140028182 [F "stable"]' --big-step --mode verification --regionbound 0.1 --terminationCondition 0 '--regionverif:engine' robustpl '--minmax:method' vi -bisim --splitting-heuristic estimate --estimate-method delta --splitting-threshold 4
Current working directory: /home/lheck/git/bigsteptest

Time for model input parsing: 0.001s.

Time for model construction: 0.015s.

-------------------------------------------------------------- 
Model type: 	DTMC (sparse)
States: 	838
Transitions: 	1211
Reward Models:  steps
State Labels: 	3 labels
   * deadlock -> 0 item(s)
   * init -> 1 item(s)
   * stable -> 20 item(s)
Choice Labels: 	none
-------------------------------------------------------------- 

Time for model preprocessing: 0.003s.

-------------------------------------------------------------- 
Model type: 	DTMC (sparse)
States: 	89
Transitions: 	262
Reward Models:  steps
State Labels: 	2 labels
   * stable -> 1 item(s)
   * init -> 1 item(s)
Choice Labels: 	none
-------------------------------------------------------------- 
 WARN (parameterlifting.h:40): The input model contains a non-linear polynomial as transition: '(1/16 * (2*p^4+(-4)*p^3+(-5)*p^2+7*p))/(1)'. Can not validate that parameter lifting is sound on this model.
 WARN (region.h:180): Could not validate whether parameter lifting is applicable. Please validate manually...
 WARN (RobustParameterLifter.cpp:54): Cannot use graph monotonicity in robust mode.
Region partitioning for extremal value terminated after analyzing 19 regions.
	0% of the parameter space are not covered.
Extremal value: 4353479642128719/2251799813685248
Formula is satisfied by all parameter instantiations.
Time for model checking: 0.033s.

real	0m0.069s
user	0m0.041s
sys	0m0.028s
