{"memory_bound": 1, "region_bound": 1e-06, "constants": {}, "pomdp": "maze2.prism", "prop": {"type": "reward", "dir": "max", "label": "goal", "bound": 14.3159447891205}, "big_step": true, "use_robust_pla": true, "epsilon": 1e-05, "splitting_strategy": "estimate", "estimate_method": "delta", "simple": true, "splitting_threshold": 4}
Storm-pars 1.9.0

Date: Thu Dec 19 15:20:05 2024
Command line arguments: --explicit-drn /home/lheck/git/bigsteptest/build/testcases_standard/maze/maze2_reward_max_goal________7aa0130ed21dfc8a56a42042157143ba5e577f8306c347b0f9bdf7576fa74c27_1.drn -prop 'Rmax>=14.3159447891205 [F "goal"]' --big-step --mode verification --regionbound 1e-06 --terminationCondition 0 '--regionverif:engine' robustpl '--minmax:method' vi -bisim --splitting-heuristic estimate --estimate-method delta --splitting-threshold 4
Current working directory: /home/lheck/git/bigsteptest

Time for model construction: 0.003s.

-------------------------------------------------------------- 
Model type: 	DTMC (sparse)
States: 	41
Transitions: 	82
Reward Models:  (default)
State Labels: 	3 labels
   * goal -> 1 item(s)
   * notbad -> 35 item(s)
   * init -> 1 item(s)
Choice Labels: 	none
-------------------------------------------------------------- 

Time for model preprocessing: 0.000s.

-------------------------------------------------------------- 
Model type: 	DTMC (sparse)
States: 	50
Transitions: 	101
Reward Models:  (default)
State Labels: 	2 labels
   * init -> 1 item(s)
   * goal -> 1 item(s)
Choice Labels: 	none
-------------------------------------------------------------- 
 WARN (RobustParameterLifter.cpp:54): Cannot use graph monotonicity in robust mode.
ERROR (storm-pars.cpp:626): An unexpected exception occurred and caused Storm-pars to terminate. The message of this exception is: std::bad_alloc

real	5m11.579s
user	4m58.524s
sys	0m13.048s
