{"constants": {"N": 10, "K": 100}, "region_bound": 0.1, "prism": "nand.pm", "prop": {"type": "probability", "dir": "min", "label": "target", "bound": 0.28240063964024}, "big_step": false, "use_robust_pla": false, "epsilon": 0.0001, "splitting_strategy": "estimate", "estimate_method": "delta", "simple": true, "splitting_threshold": 4}
Storm-pars 1.9.0

Date: Thu Dec 19 15:26:07 2024
Command line arguments: --prism /home/lheck/git/bigsteptest/testcases_standard/nand/nand.pm -const 'N=10,K=100' -prop 'Pmin<=0.28240063964024 [F "target"]' --mode verification --regionbound 0.1 --terminationCondition 0 '--minmax:method' vi -bisim --splitting-heuristic estimate --estimate-method delta --splitting-threshold 4
Current working directory: /home/lheck/git/bigsteptest

Time for model input parsing: 0.001s.

Time for model construction: 2.767s.

-------------------------------------------------------------- 
Model type: 	DTMC (sparse)
States: 	693462
Transitions: 	1036847
Reward Models:  none
State Labels: 	3 labels
   * init -> 1 item(s)
   * deadlock -> 0 item(s)
   * target -> 1 item(s)
Choice Labels: 	none
-------------------------------------------------------------- 

Time for model preprocessing: 3.428s.

-------------------------------------------------------------- 
Model type: 	DTMC (sparse)
States: 	502402
Transitions: 	723792
Reward Models:  none
State Labels: 	2 labels
   * target -> 1 item(s)
   * init -> 1 item(s)
Choice Labels: 	none
-------------------------------------------------------------- 
Region partitioning for extremal value terminated after analyzing 16381 regions.
	0% of the parameter space are not covered.
Extremal value: 158523763864563/562949953421312
Formula is satisfied by all parameter instantiations.
Time for model checking: 913.471s.

real	15m19.745s
user	15m19.548s
sys	0m0.184s
