{"constants": {"N": 5, "K": 5}, "region_bound": 0.1, "prism": "nand.pm", "prop": {"type": "probability", "dir": "min", "label": "target", "bound": 0.49583473231538}, "big_step": true, "use_robust_pla": true, "epsilon": 0.0001, "splitting_strategy": "estimate", "estimate_method": "delta", "simple": true, "splitting_threshold": 4}
Storm-pars 1.9.0

Date: Thu Dec 19 15:26:49 2024
Command line arguments: --prism /home/lheck/git/bigsteptest/testcases_standard/nand/nand.pm -const 'N=5,K=5' -prop 'Pmin<=0.49583473231538 [F "target"]' --big-step --mode verification --regionbound 0.1 --terminationCondition 0 '--regionverif:engine' robustpl '--minmax:method' vi -bisim --splitting-heuristic estimate --estimate-method delta --splitting-threshold 4
Current working directory: /home/lheck/git/bigsteptest

Time for model input parsing: 0.001s.

Time for model construction: 0.028s.

-------------------------------------------------------------- 
Model type: 	DTMC (sparse)
States: 	4122
Transitions: 	5907
Reward Models:  none
State Labels: 	3 labels
   * init -> 1 item(s)
   * deadlock -> 0 item(s)
   * target -> 1 item(s)
Choice Labels: 	none
-------------------------------------------------------------- 

Time for model preprocessing: 0.259s.

-------------------------------------------------------------- 
Model type: 	DTMC (sparse)
States: 	112
Transitions: 	257
Reward Models:  none
State Labels: 	2 labels
   * target -> 1 item(s)
   * init -> 1 item(s)
Choice Labels: 	none
-------------------------------------------------------------- 
 WARN (parameterlifting.h:40): The input model contains a non-linear polynomial as transition: '(1/10000000000 * (1073741824000000000*perr^51+(-26038239232000000000)*perr^50+309157114675200000000*perr^49+(-2395630752235520000000)*perr^48+13623770480640000000000*perr^47+(-60613479812091084800000)*perr^46+219579857797319229440000*perr^45+(-665435666113724678144000)*perr^44+1719553224926556900556800*perr^43+(-3841636988181945935462400)*perr^42+7493806267951708364603392*perr^41+(-12849445579564951502061568)*perr^40+19439892479857034564468736*perr^39+(-25963874372730766191755264)*perr^38+30499977075098752594739200*perr^37+(-31176400988934938390691840)*perr^36+27038875616111789229473792*perr^35+(-18641616318163783906230272)*perr^34+7971580418034985537110016*perr^33+2310002474493813607890944*perr^32+(-9914576493878558399135744)*perr^31+13713906696988159277924352*perr^30+(-13918018010377788927836160)*perr^29+11673387522063919887548416*perr^28+(-8402767474389862784139264)*perr^27+5251006704594941473824768*perr^26+(-2836284318506333113270272)*perr^25+1292516013472874777712640*perr^24+(-462414123985362767982592)*perr^23+95778993903223028422656*perr^22+25515419737850633690624*perr^21+(-43448271776726173081600)*perr^20+30882632281712135370496*perr^19+(-16475934711237707206912)*perr^18+7316446642862485730816*perr^17+(-2804950669780992523520)*perr^16+944459479599809620352*perr^15+(-282327786981230771072)*perr^14+75628006628783737408*perr^13+(-18316739596424907008)*perr^12+4033895968361870720*perr^11+(-805156621224651488)*perr^10+143641964601601088*perr^9+(-22858825191276904)*perr^8+3593823849408536*perr^7+(-744977144183872)*perr^6+210205347275470*perr^5+(-56777004743312)*perr^4+11842249758057*perr^3+(-1744824180603)*perr^2+165271381802*perr+1915875610))/(1)'. Can not validate that parameter lifting is sound on this model.
 WARN (region.h:180): Could not validate whether parameter lifting is applicable. Please validate manually...
 WARN (RobustParameterLifter.cpp:54): Cannot use graph monotonicity in robust mode.
Region partitioning for extremal value terminated after analyzing 25 regions.
	0% of the parameter space are not covered.
Extremal value: 1996516662161311/9007199254740992
Formula is satisfied by all parameter instantiations.
Time for model checking: 2.819s.

real	0m3.128s
user	0m3.108s
sys	0m0.020s
