{"constants": {"N": 10, "K": 100}, "region_bound": 0.1, "prism": "nand.pm", "prop": {"type": "probability", "dir": "min", "label": "target", "bound": 0.285196126424}, "big_step": true, "use_robust_pla": true, "epsilon": 0.01, "splitting_strategy": "estimate", "estimate_method": "delta", "simple": true, "splitting_threshold": 4}
Storm-pars 1.9.0

Date: Thu Dec 19 15:50:30 2024
Command line arguments: --prism /home/lheck/git/bigsteptest/testcases_standard/nand/nand.pm -const 'N=10,K=100' -prop 'Pmin<=0.285196126424 [F "target"]' --big-step --mode verification --regionbound 0.1 --terminationCondition 0 '--regionverif:engine' robustpl '--minmax:method' vi -bisim --splitting-heuristic estimate --estimate-method delta --splitting-threshold 4
Current working directory: /home/lheck/git/bigsteptest

Time for model input parsing: 0.001s.

Time for model construction: 2.761s.

-------------------------------------------------------------- 
Model type: 	DTMC (sparse)
States: 	693462
Transitions: 	1036847
Reward Models:  none
State Labels: 	3 labels
   * init -> 1 item(s)
   * deadlock -> 0 item(s)
   * target -> 1 item(s)
Choice Labels: 	none
-------------------------------------------------------------- 
ERROR (storm-pars.cpp:626): An unexpected exception occurred and caused Storm-pars to terminate. The message of this exception is: map::at

real	37m37.024s
user	37m36.584s
sys	0m0.404s
