{"memory_bound": 1, "region_bound": 0.1, "constants": {"N": 4}, "pomdp": "newgrid.prism", "prop": {"type": "probability", "dir": "min", "label": "notbad U goal", "bound": 0.976458263903}, "big_step": false, "use_robust_pla": false, "epsilon": 0.01, "splitting_strategy": "estimate", "estimate_method": "delta", "simple": true, "splitting_threshold": 4}
Storm-pars 1.9.0

Date: Thu Dec 19 15:09:11 2024
Command line arguments: --explicit-drn /home/lheck/git/bigsteptest/build/testcases_standard/grids/newgrid_probability_min_notbad_U_goal______N=4__7a2f1fdb1607683b03b4e06864e90f3cd79a482d40affed47acc3f2e219b9623_1.drn -prop 'Pmin<=0.976458263903 ["notbad" U "goal"]' --mode verification --regionbound 0.1 --terminationCondition 0 '--minmax:method' vi -bisim --splitting-heuristic estimate --estimate-method delta --splitting-threshold 4
Current working directory: /home/lheck/git/bigsteptest

Time for model construction: 0.006s.

-------------------------------------------------------------- 
Model type: 	DTMC (sparse)
States: 	78
Transitions: 	152
Reward Models:  (default)
State Labels: 	3 labels
   * goal -> 1 item(s)
   * notbad -> 77 item(s)
   * init -> 1 item(s)
Choice Labels: 	none
-------------------------------------------------------------- 

Time for model preprocessing: 0.000s.

-------------------------------------------------------------- 
Model type: 	DTMC (sparse)
States: 	72
Transitions: 	144
Reward Models:  none
State Labels: 	3 labels
   * notbad -> 72 item(s)
   * init -> 1 item(s)
   * goal -> 1 item(s)
Choice Labels: 	none
-------------------------------------------------------------- 
Region partitioning for extremal value terminated after analyzing 177 regions.
	0% of the parameter space are not covered.
Extremal value: 8556157794421687/9007199254740992
Formula is satisfied by all parameter instantiations.
Time for model checking: 0.012s.

real	0m0.033s
user	0m0.026s
sys	0m0.007s
