{"memory_bound": 1, "region_bound": 1e-06, "constants": {"K": 5}, "pomdp": "nrp.prism", "prop": {"type": "probability", "dir": "min", "label": "unfair", "bound": 0.201999999697}, "big_step": false, "use_robust_pla": false, "epsilon": 0.01, "splitting_strategy": "estimate", "estimate_method": "delta", "simple": true, "splitting_threshold": 4}
Storm-pars 1.9.0

Date: Thu Dec 19 16:04:58 2024
Command line arguments: --explicit-drn /home/lheck/git/bigsteptest/build/testcases_standard/nrp/nrp_probability_min_unfair______K=5__7aa0130ed21dfc8a56a42042157143ba5e577f8306c347b0f9bdf7576fa74c27_1.drn -prop 'Pmin<=0.201999999697 [F "unfair"]' --mode verification --regionbound 1e-06 --terminationCondition 0 '--minmax:method' vi -bisim --splitting-heuristic estimate --estimate-method delta --splitting-threshold 4
Current working directory: /home/lheck/git/bigsteptest

Time for model construction: 0.001s.

-------------------------------------------------------------- 
Model type: 	DTMC (sparse)
States: 	56
Transitions: 	75
Reward Models:  none
State Labels: 	2 labels
   * unfair -> 5 item(s)
   * init -> 1 item(s)
Choice Labels: 	none
-------------------------------------------------------------- 

Time for model preprocessing: 0.000s.

-------------------------------------------------------------- 
Model type: 	DTMC (sparse)
States: 	33
Transitions: 	52
Reward Models:  none
State Labels: 	2 labels
   * unfair -> 1 item(s)
   * init -> 1 item(s)
Choice Labels: 	none
-------------------------------------------------------------- 
ERROR (storm-pars.cpp:626): An unexpected exception occurred and caused Storm-pars to terminate. The message of this exception is: std::bad_alloc

real	3m12.731s
user	2m58.522s
sys	0m14.205s
