{"constants": {}, "jani": "alarm.jani", "prop": {"type": "probability", "dir": "max", "label": "VENTTUBE=0", "bound": 0.0367772722136001}, "region_bound": 1e-06, "big_step": false, "use_robust_pla": true, "epsilon": 1e-05, "splitting_strategy": "estimate", "estimate_method": "delta", "simple": true, "splitting_threshold": 4}
Storm-pars 1.9.0

Date: Wed Jan 15 18:04:02 2025
Command line arguments: --jani /home/lheck/git/bigsteptest/testcases_standard/alarm/alarm.jani -prop 'Pmax>=0.0367772722136001 [F VENTTUBE=0]' --mode verification --regionbound 1e-06 --terminationCondition 0 '--regionverif:engine' robustpl '--minmax:method' vi -bisim --splitting-heuristic estimate --estimate-method delta --splitting-threshold 4
Current working directory: /home/lheck/git/bigsteptest

Time for model input parsing: 0.012s.

Time for model construction: 0.029s.

-------------------------------------------------------------- 
Model type: 	DTMC (sparse)
States: 	888
Transitions: 	2387
Reward Models:  none
State Labels: 	3 labels
   * init -> 1 item(s)
   * deadlock -> 3 item(s)
   * (VENTTUBE = 0) -> 1 item(s)
Choice Labels: 	none
-------------------------------------------------------------- 

Time for model preprocessing: 0.000s.

-------------------------------------------------------------- 
Model type: 	DTMC (sparse)
States: 	31
Transitions: 	65
Reward Models:  none
State Labels: 	2 labels
   * init -> 1 item(s)
   * (VENTTUBE = 0) -> 1 item(s)
Choice Labels: 	none
-------------------------------------------------------------- 
 WARN (RobustParameterLifter.cpp:54): Cannot use graph monotonicity in robust mode.
Region partitioning for extremal value terminated after analyzing 69 regions.
	0% of the parameter space are not covered.
Extremal value: 1325700342853395/36028797018963968
Formula is satisfied by all parameter instantiations.
Time for model checking: 0.003s.

real	0m0.067s
user	0m0.051s
sys	0m0.015s
