{"constants": {}, "region_bound": 1e-06, "prism": "herman7_pla.pm", "prop": {"type": "reward", "dir": "max", "label": "stable", "bound": 4.4928743206347}, "big_step": false, "use_robust_pla": false, "epsilon": 0.0001, "splitting_strategy": "estimate", "estimate_method": "delta", "simple": true, "splitting_threshold": 4}
Storm-pars 1.9.0

Date: Wed Jan 15 17:02:13 2025
Command line arguments: --prism /home/lheck/git/bigsteptest/testcases_standard/herman/herman7_pla.pm -prop 'Rmax>=4.4928743206347 [F "stable"]' --mode verification --regionbound 1e-06 --terminationCondition 0 '--minmax:method' vi -bisim --splitting-heuristic estimate --estimate-method delta --splitting-threshold 4
Current working directory: /home/lheck/git/bigsteptest

Time for model input parsing: 0.002s.

Time for model construction: 0.064s.

-------------------------------------------------------------- 
Model type: 	DTMC (sparse)
States: 	9066
Transitions: 	12736
Reward Models:  steps
State Labels: 	3 labels
   * deadlock -> 0 item(s)
   * init -> 1 item(s)
   * stable -> 28 item(s)
Choice Labels: 	none
-------------------------------------------------------------- 

Time for model preprocessing: 0.005s.

-------------------------------------------------------------- 
Model type: 	DTMC (sparse)
States: 	1422
Transitions: 	2164
Reward Models:  steps
State Labels: 	2 labels
   * stable -> 1 item(s)
   * init -> 1 item(s)
Choice Labels: 	none
-------------------------------------------------------------- 
Region partitioning for extremal value terminated after analyzing 2423 regions.
	0% of the parameter space are not covered.
Extremal value: 2529515771826817/562949953421312
Formula is satisfied by all parameter instantiations.
Time for model checking: 1.849s.

real	0m1.940s
user	0m1.920s
sys	0m0.020s
