{"constants": {"N": 5, "K": 10}, "region_bound": 0.1, "prism": "nand.pm", "prop": {"type": "probability", "dir": "min", "label": "target", "bound": 0.49577372538767706}, "big_step": false, "use_robust_pla": false, "epsilon": 1e-05, "splitting_strategy": "estimate", "estimate_method": "delta", "simple": true, "splitting_threshold": 4}
Storm-pars 1.9.0

Date: Wed Jan 15 18:10:50 2025
Command line arguments: --prism /home/lheck/git/bigsteptest/testcases_standard/nand/nand.pm -const 'N=5,K=10' -prop 'Pmin<=0.49577372538767706 [F "target"]' --mode verification --regionbound 0.1 --terminationCondition 0 '--minmax:method' vi -bisim --splitting-heuristic estimate --estimate-method delta --splitting-threshold 4
Current working directory: /home/lheck/git/bigsteptest

Time for model input parsing: 0.001s.

Time for model construction: 0.044s.

-------------------------------------------------------------- 
Model type: 	DTMC (sparse)
States: 	8112
Transitions: 	11577
Reward Models:  none
State Labels: 	3 labels
   * init -> 1 item(s)
   * deadlock -> 0 item(s)
   * target -> 1 item(s)
Choice Labels: 	none
-------------------------------------------------------------- 

Time for model preprocessing: 0.005s.

-------------------------------------------------------------- 
Model type: 	DTMC (sparse)
States: 	5447
Transitions: 	7374
Reward Models:  none
State Labels: 	2 labels
   * target -> 1 item(s)
   * init -> 1 item(s)
Choice Labels: 	none
-------------------------------------------------------------- 
Region partitioning for extremal value terminated after analyzing 97753 regions.
	0% of the parameter space are not covered.
Extremal value: 8929297226641057/18014398509481984
Formula is satisfied by all parameter instantiations.
Time for model checking: 67.933s.

real	1m8.008s
user	1m7.926s
sys	0m0.080s
