{"constants": {"N": 10, "K": 100}, "region_bound": 0.1, "prism": "nand.pm", "prop": {"type": "probability", "dir": "min", "label": "target", "bound": 0.28240063964024}, "big_step": false, "use_robust_pla": true, "epsilon": 0.0001, "splitting_strategy": "estimate", "estimate_method": "delta", "simple": true, "splitting_threshold": 4}
Storm-pars 1.9.0

Date: Wed Jan 15 18:36:01 2025
Command line arguments: --prism /home/lheck/git/bigsteptest/testcases_standard/nand/nand.pm -const 'N=10,K=100' -prop 'Pmin<=0.28240063964024 [F "target"]' --mode verification --regionbound 0.1 --terminationCondition 0 '--regionverif:engine' robustpl '--minmax:method' vi -bisim --splitting-heuristic estimate --estimate-method delta --splitting-threshold 4
Current working directory: /home/lheck/git/bigsteptest

Time for model input parsing: 0.001s.

Time for model construction: 2.840s.

-------------------------------------------------------------- 
Model type: 	DTMC (sparse)
States: 	693462
Transitions: 	1036847
Reward Models:  none
State Labels: 	3 labels
   * init -> 1 item(s)
   * deadlock -> 0 item(s)
   * target -> 1 item(s)
Choice Labels: 	none
-------------------------------------------------------------- 

Time for model preprocessing: 3.503s.

-------------------------------------------------------------- 
Model type: 	DTMC (sparse)
States: 	502402
Transitions: 	723792
Reward Models:  none
State Labels: 	2 labels
   * target -> 1 item(s)
   * init -> 1 item(s)
Choice Labels: 	none
-------------------------------------------------------------- 
 WARN (RobustParameterLifter.cpp:54): Cannot use graph monotonicity in robust mode.
Region partitioning for extremal value terminated after analyzing 16381 regions.
	0% of the parameter space are not covered.
Extremal value: 1268190110916503/4503599627370496
Formula is satisfied by all parameter instantiations.
Time for model checking: 2910.638s.

real	48m37.055s
user	48m35.252s
sys	0m1.744s
