{"memory_bound": 1, "region_bound": 0.1, "constants": {}, "pomdp": "4x4grid-avoid.prism", "prop": {"type": "probability", "dir": "min", "label": "notbad U goal", "bound": 0.84615762250152}, "big_step": true, "use_robust_pla": true, "epsilon": 0.0001, "splitting_strategy": "estimate", "estimate_method": "delta", "simple": true, "splitting_threshold": 4}
Storm-pars 1.8.1

Date: Wed Oct  9 20:54:57 2024
Command line arguments: --explicit-drn /home/lheck/git/bigsteptest/.build/testcases_standard/grids/4x4grid-avoid_probability_min_notbad_U_goal________7a2f1fdb1607683b03b4e06864e90f3cd79a482d40affed47acc3f2e219b9623_1.drn -prop 'Pmin<=0.84615762250152 ["notbad" U "goal"]' --big-step --mode partitioning --regionbound 0.1 --terminationCondition 0 '--regionverif:engine' robustpl '--minmax:method' vi -bisim --splitting-heuristic estimate --estimate-method delta --splitting-threshold 4
Current working directory: /home/lheck/git/bigsteptest

Time for model construction: 0.004s.

-------------------------------------------------------------- 
Model type: 	DTMC (sparse)
States: 	45
Transitions: 	100
Reward Models:  (default)
State Labels: 	4 labels
   * goal -> 1 item(s)
   * bad -> 1 item(s)
   * notbad -> 44 item(s)
   * init -> 1 item(s)
Choice Labels: 	none
-------------------------------------------------------------- 

Time for model preprocessing: 0.000s.

-------------------------------------------------------------- 
Model type: 	DTMC (sparse)
States: 	47
Transitions: 	116
Reward Models:  none
State Labels: 	3 labels
   * notbad -> 46 item(s)
   * init -> 1 item(s)
   * goal -> 1 item(s)
Choice Labels: 	none
-------------------------------------------------------------- 

Analyzing parameter region 1/10<=p1_0<=9/10,1/10<=p4_0<=9/10,1/10<=p5_0<=9/10; using Robust Parameter Lifting and splitting heuristic Estimate-Based with iterative refinement until 100% is covered.

Model checking property "1": Pmin<=10576970281269/12500000000000 ["notbad" U "goal"] ...
 WARN (RobustParameterLifter.cpp:53): Cannot use graph monotonicity in robust mode.
Result (initial states):  WARN (RegionRefinementCheckResult.cpp:117): Writing illustration of region check result to a stream is only implemented for two parameters.
  Fraction of satisfied area: 100%
Fraction of unsatisfied area: 0%
            Unknown fraction: 0%
     Total number of regions: 3928
                      AllSat: 3928


Time for model checking: 0.382s.


real	0m0.405s
user	0m0.393s
sys	0m0.012s
