{"region_bound": 1e-06, "memory_bound": 1, "constants": {"N": 4, "RADIUS": 1}, "pomdp": "avoid.prism", "prop": {"type": "probability", "dir": "min", "label": "notbad U goal", "bound": 0.077723770861}, "big_step": true, "use_robust_pla": true, "epsilon": 0.1, "splitting_strategy": "estimate", "estimate_method": "delta", "simple": true, "splitting_threshold": 4}
Storm-pars 1.8.1

Date: Wed Oct  9 20:32:08 2024
Command line arguments: --explicit-drn '/home/lheck/git/bigsteptest/.build/testcases_standard/gridworlds/avoid_probability_min_notbad_U_goal______N=4,RADIUS=1__7aa0130ed21dfc8a56a42042157143ba5e577f8306c347b0f9bdf7576fa74c27_1.drn' -prop 'Pmin<=0.077723770861 ["notbad" U "goal"]' --big-step --mode partitioning --regionbound 1e-06 --terminationCondition 0 '--regionverif:engine' robustpl '--minmax:method' vi -bisim --splitting-heuristic estimate --estimate-method delta --splitting-threshold 4
Current working directory: /home/lheck/git/bigsteptest

Time for model construction: 0.171s.

-------------------------------------------------------------- 
Model type: 	DTMC (sparse)
States: 	3009
Transitions: 	6193
Reward Models:  none
State Labels: 	4 labels
   * goal -> 64 item(s)
   * traps -> 224 item(s)
   * notbad -> 969 item(s)
   * init -> 1 item(s)
Choice Labels: 	none
-------------------------------------------------------------- 

Time for model preprocessing: 1.016s.

-------------------------------------------------------------- 
Model type: 	DTMC (sparse)
States: 	1837
Transitions: 	15551
Reward Models:  none
State Labels: 	3 labels
   * notbad -> 1836 item(s)
   * init -> 1 item(s)
   * goal -> 1 item(s)
Choice Labels: 	none
-------------------------------------------------------------- 

Analyzing parameter region 1/1000000<=p2_0<=999999/1000000,1/1000000<=p12_0<=999999/1000000,1/1000000<=p30_0<=999999/1000000,1/1000000<=p48_0<=999999/1000000,1/1000000<=p68_0<=999999/1000000,1/1000000<=p81_0<=999999/1000000,1/1000000<=p125_0<=999999/1000000,1/1000000<=p138_0<=999999/1000000,1/1000000<=p158_0<=999999/1000000,1/1000000<=p400_0<=999999/1000000,1/1000000<=p876_0<=999999/1000000,1/1000000<=p889_0<=999999/1000000,1/1000000<=p893_0<=999999/1000000,1/1000000<=p894_0<=999999/1000000,1/1000000<=p918_0<=999999/1000000,1/1000000<=p938_0<=999999/1000000,1/1000000<=p959_0<=999999/1000000,1/1000000<=p988_0<=999999/1000000,1/1000000<=p1151_0<=999999/1000000; using Robust Parameter Lifting and splitting heuristic Estimate-Based with iterative refinement until 100% is covered.

Model checking property "1": Pmin<=77723770861/1000000000000 ["notbad" U "goal"] ...
 WARN (RobustParameterLifter.cpp:53): Cannot use graph monotonicity in robust mode.
ERROR: The program received signal 15 and will be aborted in 3s.
Received signal 15

real	100m0.053s
user	99m59.067s
sys	0m0.868s
