{"region_bound": 1e-06, "memory_bound": 1, "constants": {"N": 4, "RADIUS": 1}, "pomdp": "avoid.prism", "prop": {"type": "probability", "dir": "min", "label": "notbad U goal", "bound": 0.07065868008973511}, "big_step": false, "use_robust_pla": false, "epsilon": 1e-05, "splitting_strategy": "estimate", "estimate_method": "delta", "simple": true, "splitting_threshold": 4}
Storm-pars 1.8.1

Date: Wed Oct  9 20:13:11 2024
Command line arguments: --explicit-drn '/home/lheck/git/bigsteptest/.build/testcases_standard/gridworlds/avoid_probability_min_notbad_U_goal______N=4,RADIUS=1__7aa0130ed21dfc8a56a42042157143ba5e577f8306c347b0f9bdf7576fa74c27_1.drn' -prop 'Pmin<=0.07065868008973511 ["notbad" U "goal"]' --mode partitioning --regionbound 1e-06 --terminationCondition 0 '--minmax:method' vi -bisim --splitting-heuristic estimate --estimate-method delta --splitting-threshold 4
Current working directory: /home/lheck/git/bigsteptest

Time for model construction: 0.172s.

-------------------------------------------------------------- 
Model type: 	DTMC (sparse)
States: 	3009
Transitions: 	6193
Reward Models:  none
State Labels: 	4 labels
   * goal -> 64 item(s)
   * traps -> 224 item(s)
   * notbad -> 969 item(s)
   * init -> 1 item(s)
Choice Labels: 	none
-------------------------------------------------------------- 

Time for model preprocessing: 0.002s.

-------------------------------------------------------------- 
Model type: 	DTMC (sparse)
States: 	483
Transitions: 	970
Reward Models:  none
State Labels: 	3 labels
   * notbad -> 482 item(s)
   * init -> 1 item(s)
   * goal -> 1 item(s)
Choice Labels: 	none
-------------------------------------------------------------- 

Analyzing parameter region 1/1000000<=p2_0<=999999/1000000,1/1000000<=p12_0<=999999/1000000,1/1000000<=p30_0<=999999/1000000,1/1000000<=p48_0<=999999/1000000,1/1000000<=p68_0<=999999/1000000,1/1000000<=p72_0<=999999/1000000,1/1000000<=p81_0<=999999/1000000,1/1000000<=p125_0<=999999/1000000,1/1000000<=p138_0<=999999/1000000,1/1000000<=p158_0<=999999/1000000,1/1000000<=p207_0<=999999/1000000,1/1000000<=p400_0<=999999/1000000,1/1000000<=p427_0<=999999/1000000,1/1000000<=p504_0<=999999/1000000,1/1000000<=p876_0<=999999/1000000,1/1000000<=p889_0<=999999/1000000,1/1000000<=p893_0<=999999/1000000,1/1000000<=p894_0<=999999/1000000,1/1000000<=p918_0<=999999/1000000,1/1000000<=p938_0<=999999/1000000,1/1000000<=p959_0<=999999/1000000,1/1000000<=p988_0<=999999/1000000,1/1000000<=p998_0<=999999/1000000,1/1000000<=p1151_0<=999999/1000000,1/1000000<=p1186_0<=999999/1000000,1/1000000<=p1212_0<=999999/1000000,1/1000000<=p1213_0<=999999/1000000; using Parameter Lifting and splitting heuristic Estimate-Based with iterative refinement until 100% is covered.

Model checking property "1": Pmin<=7065868008973511/100000000000000000 ["notbad" U "goal"] ...
ERROR (storm-pars.cpp:593): An unexpected exception occurred and caused Storm-pars to terminate. The message of this exception is: std::bad_alloc

real	8m27.378s
user	8m14.847s
sys	0m12.521s
