{"region_bound": 0.1, "memory_bound": 1, "constants": {"N": 4, "RADIUS": 1}, "pomdp": "avoid.prism", "prop": {"type": "probability", "dir": "min", "label": "notbad U goal", "bound": 0.026194254079921403}, "big_step": false, "use_robust_pla": false, "epsilon": 1e-05, "splitting_strategy": "estimate", "estimate_method": "delta", "simple": true, "splitting_threshold": 4}
Storm-pars 1.8.1

Date: Wed Oct  9 20:00:13 2024
Command line arguments: --explicit-drn '/home/lheck/git/bigsteptest/.build/testcases_standard/gridworlds/avoid_probability_min_notbad_U_goal______N=4,RADIUS=1__7a2f1fdb1607683b03b4e06864e90f3cd79a482d40affed47acc3f2e219b9623_1.drn' -prop 'Pmin<=0.026194254079921403 ["notbad" U "goal"]' --mode partitioning --regionbound 0.1 --terminationCondition 0 '--minmax:method' vi -bisim --splitting-heuristic estimate --estimate-method delta --splitting-threshold 4
Current working directory: /home/lheck/git/bigsteptest

Time for model construction: 0.172s.

-------------------------------------------------------------- 
Model type: 	DTMC (sparse)
States: 	3009
Transitions: 	6193
Reward Models:  none
State Labels: 	4 labels
   * goal -> 64 item(s)
   * traps -> 224 item(s)
   * notbad -> 969 item(s)
   * init -> 1 item(s)
Choice Labels: 	none
-------------------------------------------------------------- 

Time for model preprocessing: 0.002s.

-------------------------------------------------------------- 
Model type: 	DTMC (sparse)
States: 	483
Transitions: 	970
Reward Models:  none
State Labels: 	3 labels
   * notbad -> 482 item(s)
   * init -> 1 item(s)
   * goal -> 1 item(s)
Choice Labels: 	none
-------------------------------------------------------------- 

Analyzing parameter region 1/10<=p2_0<=9/10,1/10<=p12_0<=9/10,1/10<=p30_0<=9/10,1/10<=p48_0<=9/10,1/10<=p68_0<=9/10,1/10<=p72_0<=9/10,1/10<=p81_0<=9/10,1/10<=p125_0<=9/10,1/10<=p138_0<=9/10,1/10<=p158_0<=9/10,1/10<=p207_0<=9/10,1/10<=p400_0<=9/10,1/10<=p427_0<=9/10,1/10<=p504_0<=9/10,1/10<=p876_0<=9/10,1/10<=p889_0<=9/10,1/10<=p893_0<=9/10,1/10<=p894_0<=9/10,1/10<=p918_0<=9/10,1/10<=p938_0<=9/10,1/10<=p959_0<=9/10,1/10<=p988_0<=9/10,1/10<=p998_0<=9/10,1/10<=p1151_0<=9/10,1/10<=p1186_0<=9/10,1/10<=p1212_0<=9/10,1/10<=p1213_0<=9/10; using Parameter Lifting and splitting heuristic Estimate-Based with iterative refinement until 100% is covered.

Model checking property "1": Pmin<=26194254079921403/1000000000000000000 ["notbad" U "goal"] ...
ERROR (storm-pars.cpp:593): An unexpected exception occurred and caused Storm-pars to terminate. The message of this exception is: std::bad_alloc

real	12m58.393s
user	12m45.844s
sys	0m12.532s
