{"region_bound": 0.1, "memory_bound": 1, "constants": {"N": 4, "RADIUS": 1}, "pomdp": "avoid.prism", "prop": {"type": "probability", "dir": "min", "label": "notbad U goal", "bound": 0.028813391354000004}, "big_step": true, "use_robust_pla": true, "epsilon": 0.1, "splitting_strategy": "estimate", "estimate_method": "delta", "simple": true, "splitting_threshold": 4}
Storm-pars 1.8.1

Date: Wed Oct  9 20:18:08 2024
Command line arguments: --explicit-drn '/home/lheck/git/bigsteptest/.build/testcases_standard/gridworlds/avoid_probability_min_notbad_U_goal______N=4,RADIUS=1__7a2f1fdb1607683b03b4e06864e90f3cd79a482d40affed47acc3f2e219b9623_1.drn' -prop 'Pmin<=0.028813391354000004 ["notbad" U "goal"]' --big-step --mode partitioning --regionbound 0.1 --terminationCondition 0 '--regionverif:engine' robustpl '--minmax:method' vi -bisim --splitting-heuristic estimate --estimate-method delta --splitting-threshold 4
Current working directory: /home/lheck/git/bigsteptest

Time for model construction: 0.173s.

-------------------------------------------------------------- 
Model type: 	DTMC (sparse)
States: 	3009
Transitions: 	6193
Reward Models:  none
State Labels: 	4 labels
   * goal -> 64 item(s)
   * traps -> 224 item(s)
   * notbad -> 969 item(s)
   * init -> 1 item(s)
Choice Labels: 	none
-------------------------------------------------------------- 

Time for model preprocessing: 1.000s.

-------------------------------------------------------------- 
Model type: 	DTMC (sparse)
States: 	1837
Transitions: 	15551
Reward Models:  none
State Labels: 	3 labels
   * notbad -> 1836 item(s)
   * init -> 1 item(s)
   * goal -> 1 item(s)
Choice Labels: 	none
-------------------------------------------------------------- 

Analyzing parameter region 1/10<=p2_0<=9/10,1/10<=p12_0<=9/10,1/10<=p30_0<=9/10,1/10<=p48_0<=9/10,1/10<=p68_0<=9/10,1/10<=p81_0<=9/10,1/10<=p125_0<=9/10,1/10<=p138_0<=9/10,1/10<=p158_0<=9/10,1/10<=p400_0<=9/10,1/10<=p876_0<=9/10,1/10<=p889_0<=9/10,1/10<=p893_0<=9/10,1/10<=p894_0<=9/10,1/10<=p918_0<=9/10,1/10<=p938_0<=9/10,1/10<=p959_0<=9/10,1/10<=p988_0<=9/10,1/10<=p1151_0<=9/10; using Robust Parameter Lifting and splitting heuristic Estimate-Based with iterative refinement until 100% is covered.

Model checking property "1": Pmin<=7203347838500001/250000000000000000 ["notbad" U "goal"] ...
 WARN (RobustParameterLifter.cpp:53): Cannot use graph monotonicity in robust mode.
Result (initial states):  WARN (RegionRefinementCheckResult.cpp:117): Writing illustration of region check result to a stream is only implemented for two parameters.
  Fraction of satisfied area: 100%
Fraction of unsatisfied area: 0%
            Unknown fraction: 0%
     Total number of regions: 6121
                      AllSat: 6121


Time for model checking: 192.196s.


real	3m13.430s
user	3m13.402s
sys	0m0.024s
