{"constants": {"N": 32, "MAX": 4}, "prism": "brp.pm", "prop": {"type": "probability", "dir": "min", "label": "uncertain", "bound": 0.011680275760785}, "region_bound": 0.1, "big_step": false, "use_robust_pla": false, "epsilon": 0.0001, "splitting_strategy": "estimate", "estimate_method": "delta", "simple": true, "splitting_threshold": 4}
Storm-pars 1.8.1

Date: Wed Oct  9 17:32:24 2024
Command line arguments: --prism /home/lheck/git/bigsteptest/testcases_standard/brp/brp.pm -const 'N=32,MAX=4' -prop 'Pmin<=0.011680275760785 [F "uncertain"]' --mode partitioning --regionbound 0.1 --terminationCondition 0 '--minmax:method' vi -bisim --splitting-heuristic estimate --estimate-method delta --splitting-threshold 4
Current working directory: /home/lheck/git/bigsteptest

Time for model input parsing: 0.002s.

 WARN (FormulaParserGrammar.cpp:325): Identifier `T' coincides with a reserved keyword or operator. Property expressions using the variable or constant 'T' might not be parsed correctly.
Time for model construction: 0.024s.

-------------------------------------------------------------- 
Model type: 	DTMC (sparse)
States: 	2179
Transitions: 	2879
Reward Models:  none
State Labels: 	3 labels
   * deadlock -> 67 item(s)
   * init -> 1 item(s)
   * uncertain -> 2 item(s)
Choice Labels: 	none
-------------------------------------------------------------- 

Time for model preprocessing: 0.001s.

-------------------------------------------------------------- 
Model type: 	DTMC (sparse)
States: 	1094
Transitions: 	1542
Reward Models:  none
State Labels: 	2 labels
   * uncertain -> 1 item(s)
   * init -> 1 item(s)
Choice Labels: 	none
-------------------------------------------------------------- 

Analyzing parameter region 1/10<=pK<=9/10,1/10<=pL<=9/10; using Parameter Lifting and splitting heuristic Estimate-Based with iterative refinement until 100% is covered.

Model checking property "1": Pmin<=2336055152157/200000000000000 [F "uncertain"] ...
ERROR: The program received signal 15 and will be aborted in 3s.
Received signal 15

real	100m1.946s
user	99m43.705s
sys	0m17.887s
