{"constants": {"N": 64, "MAX": 8}, "prism": "brp.pm", "prop": {"type": "probability", "dir": "min", "label": "uncertain", "bound": 0.0057937858276507}, "region_bound": 1e-06, "big_step": false, "use_robust_pla": false, "epsilon": 0.0001, "splitting_strategy": "estimate", "estimate_method": "delta", "simple": true, "splitting_threshold": 4}
Storm-pars 1.8.1

Date: Wed Oct  9 17:34:56 2024
Command line arguments: --prism /home/lheck/git/bigsteptest/testcases_standard/brp/brp.pm -const 'N=64,MAX=8' -prop 'Pmin<=0.0057937858276507 [F "uncertain"]' --mode partitioning --regionbound 1e-06 --terminationCondition 0 '--minmax:method' vi -bisim --splitting-heuristic estimate --estimate-method delta --splitting-threshold 4
Current working directory: /home/lheck/git/bigsteptest

Time for model input parsing: 0.002s.

 WARN (FormulaParserGrammar.cpp:325): Identifier `T' coincides with a reserved keyword or operator. Property expressions using the variable or constant 'T' might not be parsed correctly.
Time for model construction: 0.056s.

-------------------------------------------------------------- 
Model type: 	DTMC (sparse)
States: 	7687
Transitions: 	10367
Reward Models:  none
State Labels: 	3 labels
   * deadlock -> 135 item(s)
   * init -> 1 item(s)
   * uncertain -> 2 item(s)
Choice Labels: 	none
-------------------------------------------------------------- 

Time for model preprocessing: 0.005s.

-------------------------------------------------------------- 
Model type: 	DTMC (sparse)
States: 	3978
Transitions: 	5642
Reward Models:  none
State Labels: 	2 labels
   * uncertain -> 1 item(s)
   * init -> 1 item(s)
Choice Labels: 	none
-------------------------------------------------------------- 

Analyzing parameter region 1/1000000<=pK<=999999/1000000,1/1000000<=pL<=999999/1000000; using Parameter Lifting and splitting heuristic Estimate-Based with iterative refinement until 100% is covered.

Model checking property "1": Pmin<=57937858276507/10000000000000000 [F "uncertain"] ...
ERROR: The program received signal 15 and will be aborted in 3s.
Received signal 15

real	100m0.420s
user	99m55.653s
sys	0m4.340s
