{"constants": {}, "region_bound": 1e-06, "prism": "herman9_pla.pm", "prop": {"type": "reward", "dir": "max", "label": "stable", "bound": 7.92095845362336}, "big_step": true, "use_robust_pla": true, "epsilon": 1e-05, "splitting_strategy": "estimate", "estimate_method": "delta", "simple": true, "splitting_threshold": 4}
Storm-pars 1.8.1

Date: Wed Oct  9 17:29:25 2024
Command line arguments: --prism /home/lheck/git/bigsteptest/testcases_standard/herman/herman9_pla.pm -prop 'Rmax>=7.92095845362336 [F "stable"]' --big-step --mode partitioning --regionbound 1e-06 --terminationCondition 0 '--regionverif:engine' robustpl '--minmax:method' vi -bisim --splitting-heuristic estimate --estimate-method delta --splitting-threshold 4
Current working directory: /home/lheck/git/bigsteptest

Time for model input parsing: 0.002s.

Time for model construction: 0.540s.

-------------------------------------------------------------- 
Model type: 	DTMC (sparse)
States: 	86078
Transitions: 	119973
Reward Models:  steps
State Labels: 	3 labels
   * deadlock -> 0 item(s)
   * init -> 1 item(s)
   * stable -> 36 item(s)
Choice Labels: 	none
-------------------------------------------------------------- 

Time for model preprocessing: 0.686s.

-------------------------------------------------------------- 
Model type: 	DTMC (sparse)
States: 	3707
Transitions: 	22942
Reward Models:  steps
State Labels: 	2 labels
   * stable -> 1 item(s)
   * init -> 1 item(s)
Choice Labels: 	none
-------------------------------------------------------------- 

Analyzing parameter region 1/1000000<=p<=999999/1000000; using Robust Parameter Lifting and splitting heuristic Estimate-Based with iterative refinement until 100% is covered.

Model checking property "1": Rmax>=24752995167573/3125000000000 [F "stable"] ...
 WARN (parameterlifting.h:40): The input model contains a non-linear polynomial as transition: '(1/256 * (2*p^8+(-8)*p^7+(-9)*p^6+55*p^5+(-21)*p^4+(-59)*p^3+11*p^2+29*p))/(1)'. Can not validate that parameter lifting is sound on this model.
 WARN (region.h:179): Could not validate whether parameter lifting is applicable. Please validate manually...
 WARN (RobustParameterLifter.cpp:53): Cannot use graph monotonicity in robust mode.
Result (initial states):  WARN (RegionRefinementCheckResult.cpp:117): Writing illustration of region check result to a stream is only implemented for two parameters.
  Fraction of satisfied area: 100%
Fraction of unsatisfied area: 0%
            Unknown fraction: 0%
     Total number of regions: 10060
                      AllSat: 10060


Time for model checking: 138.510s.


real	2m19.770s
user	2m19.732s
sys	0m0.036s
