{"memory_bound": 1, "region_bound": 1e-06, "constants": {}, "pomdp": "maze2.prism", "prop": {"type": "reward", "dir": "max", "label": "goal", "bound": 14.1729333273}, "big_step": false, "use_robust_pla": false, "epsilon": 0.01, "splitting_strategy": "estimate", "estimate_method": "delta", "simple": true, "splitting_threshold": 4}
Storm-pars 1.8.1

Date: Wed Oct  9 21:23:57 2024
Command line arguments: --explicit-drn /home/lheck/git/bigsteptest/.build/testcases_standard/maze/maze2_reward_max_goal________7aa0130ed21dfc8a56a42042157143ba5e577f8306c347b0f9bdf7576fa74c27_1.drn -prop 'Rmax>=14.1729333273 [F "goal"]' --mode partitioning --regionbound 1e-06 --terminationCondition 0 '--minmax:method' vi -bisim --splitting-heuristic estimate --estimate-method delta --splitting-threshold 4
Current working directory: /home/lheck/git/bigsteptest

Time for model construction: 0.003s.

-------------------------------------------------------------- 
Model type: 	DTMC (sparse)
States: 	41
Transitions: 	82
Reward Models:  (default)
State Labels: 	3 labels
   * goal -> 1 item(s)
   * notbad -> 35 item(s)
   * init -> 1 item(s)
Choice Labels: 	none
-------------------------------------------------------------- 

Time for model preprocessing: 0.000s.

-------------------------------------------------------------- 
Model type: 	DTMC (sparse)
States: 	41
Transitions: 	82
Reward Models:  (default)
State Labels: 	2 labels
   * init -> 1 item(s)
   * goal -> 1 item(s)
Choice Labels: 	none
-------------------------------------------------------------- 

Analyzing parameter region 1/1000000<=p1_0<=999999/1000000,1/1000000<=p2_0<=999999/1000000,1/1000000<=p3_0<=999999/1000000,1/1000000<=p4_0<=999999/1000000,1/1000000<=p5_0<=999999/1000000,1/1000000<=p6_0<=999999/1000000,1/1000000<=p8_0<=999999/1000000,1/1000000<=p9_0<=999999/1000000,1/1000000<=p10_0<=999999/1000000,1/1000000<=p12_0<=999999/1000000,1/1000000<=p13_0<=999999/1000000,1/1000000<=p14_0<=999999/1000000,1/1000000<=p15_0<=999999/1000000,1/1000000<=p17_0<=999999/1000000,1/1000000<=p19_0<=999999/1000000; using Parameter Lifting and splitting heuristic Estimate-Based with iterative refinement until 100% is covered.

Model checking property "1": Rmax>=141729333273/10000000000 [F "goal"] ...
Result (initial states):  WARN (RegionRefinementCheckResult.cpp:117): Writing illustration of region check result to a stream is only implemented for two parameters.
  Fraction of satisfied area: 100%
Fraction of unsatisfied area: 0%
            Unknown fraction: 0%
     Total number of regions: 95281
                      AllSat: 95281


Time for model checking: 12.119s.


real	0m12.929s
user	0m12.516s
sys	0m0.412s
