{"memory_bound": 1, "region_bound": 1e-06, "constants": {"K": 100}, "pomdp": "nrp.prism", "prop": {"type": "probability", "dir": "min", "label": "unfair", "bound": 0.0101}, "big_step": false, "use_robust_pla": false, "epsilon": 0.01, "splitting_strategy": "estimate", "estimate_method": "delta", "simple": true, "splitting_threshold": 4}
Storm-pars 1.8.1

Date: Wed Oct  9 22:19:43 2024
Command line arguments: --explicit-drn /home/lheck/git/bigsteptest/.build/testcases_standard/nrp/nrp_probability_min_unfair______K=100__7aa0130ed21dfc8a56a42042157143ba5e577f8306c347b0f9bdf7576fa74c27_1.drn -prop 'Pmin<=0.0101 [F "unfair"]' --mode partitioning --regionbound 1e-06 --terminationCondition 0 '--minmax:method' vi -bisim --splitting-heuristic estimate --estimate-method delta --splitting-threshold 4
Current working directory: /home/lheck/git/bigsteptest

Time for model construction: 0.077s.

-------------------------------------------------------------- 
Model type: 	DTMC (sparse)
States: 	15351
Transitions: 	20500
Reward Models:  none
State Labels: 	2 labels
   * unfair -> 100 item(s)
   * init -> 1 item(s)
Choice Labels: 	none
-------------------------------------------------------------- 

Time for model preprocessing: 0.013s.

-------------------------------------------------------------- 
Model type: 	DTMC (sparse)
States: 	10103
Transitions: 	15252
Reward Models:  none
State Labels: 	2 labels
   * unfair -> 1 item(s)
   * init -> 1 item(s)
Choice Labels: 	none
-------------------------------------------------------------- 

Analyzing parameter region 1/1000000<=p2_0<=999999/1000000,1/1000000<=p7_0<=999999/1000000,1/1000000<=p12_0<=999999/1000000,1/1000000<=p17_0<=999999/1000000,1/1000000<=p22_0<=999999/1000000,1/1000000<=p27_0<=999999/1000000,1/1000000<=p32_0<=999999/1000000,1/1000000<=p37_0<=999999/1000000,1/1000000<=p42_0<=999999/1000000,1/1000000<=p47_0<=999999/1000000,1/1000000<=p52_0<=999999/1000000,1/1000000<=p57_0<=999999/1000000,1/1000000<=p62_0<=999999/1000000,1/1000000<=p67_0<=999999/1000000,1/1000000<=p72_0<=999999/1000000,1/1000000<=p77_0<=999999/1000000,1/1000000<=p82_0<=999999/1000000,1/1000000<=p87_0<=999999/1000000,1/1000000<=p92_0<=999999/1000000,1/1000000<=p97_0<=999999/1000000,1/1000000<=p102_0<=999999/1000000,1/1000000<=p107_0<=999999/1000000,1/1000000<=p112_0<=999999/1000000,1/1000000<=p117_0<=999999/1000000,1/1000000<=p122_0<=999999/1000000,1/1000000<=p127_0<=999999/1000000,1/1000000<=p132_0<=999999/1000000,1/1000000<=p137_0<=999999/1000000,1/1000000<=p142_0<=999999/1000000,1/1000000<=p147_0<=999999/1000000,1/1000000<=p152_0<=999999/1000000,1/1000000<=p157_0<=999999/1000000,1/1000000<=p162_0<=999999/1000000,1/1000000<=p167_0<=999999/1000000,1/1000000<=p172_0<=999999/1000000,1/1000000<=p177_0<=999999/1000000,1/1000000<=p182_0<=999999/1000000,1/1000000<=p187_0<=999999/1000000,1/1000000<=p192_0<=999999/1000000,1/1000000<=p197_0<=999999/1000000,1/1000000<=p202_0<=999999/1000000,1/1000000<=p207_0<=999999/1000000,1/1000000<=p212_0<=999999/1000000,1/1000000<=p217_0<=999999/1000000,1/1000000<=p222_0<=999999/1000000,1/1000000<=p227_0<=999999/1000000,1/1000000<=p232_0<=999999/1000000,1/1000000<=p237_0<=999999/1000000,1/1000000<=p242_0<=999999/1000000,1/1000000<=p247_0<=999999/1000000,1/1000000<=p252_0<=999999/1000000,1/1000000<=p257_0<=999999/1000000,1/1000000<=p262_0<=999999/1000000,1/1000000<=p267_0<=999999/1000000,1/1000000<=p272_0<=999999/1000000,1/1000000<=p277_0<=999999/1000000,1/1000000<=p282_0<=999999/1000000,1/1000000<=p287_0<=999999/1000000,1/1000000<=p292_0<=999999/1000000,1/1000000<=p297_0<=999999/1000000,1/1000000<=p302_0<=999999/1000000,1/1000000<=p307_0<=999999/1000000,1/1000000<=p312_0<=999999/1000000,1/1000000<=p317_0<=999999/1000000,1/1000000<=p322_0<=999999/1000000,1/1000000<=p327_0<=999999/1000000,1/1000000<=p332_0<=999999/1000000,1/1000000<=p337_0<=999999/1000000,1/1000000<=p342_0<=999999/1000000,1/1000000<=p347_0<=999999/1000000,1/1000000<=p352_0<=999999/1000000,1/1000000<=p357_0<=999999/1000000,1/1000000<=p362_0<=999999/1000000,1/1000000<=p367_0<=999999/1000000,1/1000000<=p372_0<=999999/1000000,1/1000000<=p377_0<=999999/1000000,1/1000000<=p382_0<=999999/1000000,1/1000000<=p387_0<=999999/1000000,1/1000000<=p392_0<=999999/1000000,1/1000000<=p397_0<=999999/1000000,1/1000000<=p402_0<=999999/1000000,1/1000000<=p407_0<=999999/1000000,1/1000000<=p412_0<=999999/1000000,1/1000000<=p417_0<=999999/1000000,1/1000000<=p422_0<=999999/1000000,1/1000000<=p427_0<=999999/1000000,1/1000000<=p432_0<=999999/1000000,1/1000000<=p437_0<=999999/1000000,1/1000000<=p442_0<=999999/1000000,1/1000000<=p447_0<=999999/1000000,1/1000000<=p452_0<=999999/1000000,1/1000000<=p457_0<=999999/1000000,1/1000000<=p462_0<=999999/1000000,1/1000000<=p467_0<=999999/1000000,1/1000000<=p472_0<=999999/1000000,1/1000000<=p477_0<=999999/1000000,1/1000000<=p482_0<=999999/1000000,1/1000000<=p487_0<=999999/1000000,1/1000000<=p492_0<=999999/1000000,1/1000000<=p497_0<=999999/1000000; using Parameter Lifting and splitting heuristic Estimate-Based with iterative refinement until 100% is covered.

Model checking property "1": Pmin<=101/10000 [F "unfair"] ...
ERROR (storm-pars.cpp:593): An unexpected exception occurred and caused Storm-pars to terminate. The message of this exception is: std::bad_alloc

real	12m47.478s
user	12m34.489s
sys	0m12.960s
