{"region_bound": 0.1, "memory_bound": 1, "constants": {"N": 3}, "pomdp": "refuel.prism", "prop": {"type": "probability", "dir": "min", "label": "notbad U goal", "bound": 0.05704456843998}, "big_step": false, "use_robust_pla": true, "epsilon": 1e-05, "splitting_strategy": "estimate", "estimate_method": "delta", "simple": true, "splitting_threshold": 4}
Storm-pars 1.8.1

Date: Wed Oct  9 22:35:29 2024
Command line arguments: --explicit-drn /home/lheck/git/bigsteptest/.build/testcases_standard/refuel/refuel_probability_min_notbad_U_goal______N=3__7a2f1fdb1607683b03b4e06864e90f3cd79a482d40affed47acc3f2e219b9623_1.drn -prop 'Pmin<=0.05704456843998 ["notbad" U "goal"]' --mode partitioning --regionbound 0.1 --terminationCondition 0 '--regionverif:engine' robustpl '--minmax:method' vi -bisim --splitting-heuristic estimate --estimate-method delta --splitting-threshold 4
Current working directory: /home/lheck/git/bigsteptest

Time for model construction: 0.005s.

-------------------------------------------------------------- 
Model type: 	DTMC (sparse)
States: 	72
Transitions: 	127
Reward Models:  costs, refuels, steps
State Labels: 	5 labels
   * goal -> 1 item(s)
   * traps -> 6 item(s)
   * stationvisit -> 17 item(s)
   * notbad -> 53 item(s)
   * init -> 1 item(s)
Choice Labels: 	none
-------------------------------------------------------------- 

Time for model preprocessing: 0.000s.

-------------------------------------------------------------- 
Model type: 	DTMC (sparse)
States: 	34
Transitions: 	64
Reward Models:  none
State Labels: 	3 labels
   * notbad -> 32 item(s)
   * init -> 1 item(s)
   * goal -> 1 item(s)
Choice Labels: 	none
-------------------------------------------------------------- 

Analyzing parameter region 1/10<=p1_0<=9/10,1/10<=p2_0<=9/10,1/10<=p3_0<=9/10,1/10<=p12_0<=9/10,1/10<=p14_0<=9/10,1/10<=p15_0<=9/10,1/10<=p16_0<=9/10,1/10<=p23_0<=9/10,1/10<=p25_0<=9/10,1/10<=p26_0<=9/10,1/10<=p27_0<=9/10,1/10<=p31_0<=9/10,1/10<=p33_0<=9/10,1/10<=p35_0<=9/10; using Robust Parameter Lifting and splitting heuristic Estimate-Based with iterative refinement until 100% is covered.

Model checking property "1": Pmin<=2852228421999/50000000000000 ["notbad" U "goal"] ...
 WARN (RobustParameterLifter.cpp:53): Cannot use graph monotonicity in robust mode.
Result (initial states):  WARN (RegionRefinementCheckResult.cpp:117): Writing illustration of region check result to a stream is only implemented for two parameters.
  Fraction of satisfied area: 100%
Fraction of unsatisfied area: 0%
            Unknown fraction: 0%
     Total number of regions: 2536
                      AllSat: 2536


Time for model checking: 0.327s.


real	0m0.372s
user	0m0.344s
sys	0m0.028s
