{"constants": {}, "region_bound": 0, "prism": "herman5_pla.pm", "prop": {"type": "reward", "dir": "max", "label": "stable", "bound": 1.9331419184748}, "big_step": true, "use_robust_pla": true, "epsilon": 0.0001, "estimate_method": "delta", "splitting_strategy": "estimate", "splitting_threshold": 4, "simple": true, "additional_storm_args": "--not-graph-preserving", "region_interval": "0.2,1"}
Storm-pars 1.9.0

Date: Wed Jan 15 11:31:26 2025
Command line arguments: --prism /home/lheck/git/bigsteptest/testcases/herman/herman5_pla.pm -prop 'Rmax>=1.9331419184748 [F "stable"]' --big-step --mode verification --region '0.2<=p<=1' --terminationCondition 0 '--regionverif:engine' robustpl '--minmax:method' vi -bisim --not-graph-preserving --splitting-heuristic estimate --estimate-method delta --splitting-threshold 4
Current working directory: /home/lheck/git/bigsteptest

Time for model input parsing: 0.002s.

Time for model construction: 0.016s.

-------------------------------------------------------------- 
Model type: 	DTMC (sparse)
States: 	838
Transitions: 	1211
Reward Models:  steps
State Labels: 	3 labels
   * deadlock -> 0 item(s)
   * init -> 1 item(s)
   * stable -> 20 item(s)
Choice Labels: 	none
-------------------------------------------------------------- 

Time for model preprocessing: 0.003s.

-------------------------------------------------------------- 
Model type: 	DTMC (sparse)
States: 	89
Transitions: 	262
Reward Models:  steps
State Labels: 	3 labels
   * stable -> 1 item(s)
   * init -> 1 item(s)
   * deadlock -> 0 item(s)
Choice Labels: 	none
-------------------------------------------------------------- 
 WARN (parameterlifting.h:40): The input model contains a non-linear polynomial as transition: '(1/16 * (2*p^4+(-4)*p^3+(-5)*p^2+7*p))/(1)'. Can not validate that parameter lifting is sound on this model.
 WARN (region.h:180): Could not validate whether parameter lifting is applicable. Please validate manually...
 WARN (RobustParameterLifter.cpp:54): Cannot use graph monotonicity in robust mode.
Region partitioning for extremal value terminated after analyzing 195 regions.
	0% of the parameter space are not covered.
Extremal value: 8706958491325509/4503599627370496
Formula is satisfied by all parameter instantiations.
Time for model checking: 0.082s.

real	0m0.121s
user	0m0.109s
sys	0m0.012s
