{"constants": {}, "region_bound": 1e-06, "prism": "herman_random_pass_speedreducer_2-3.pm", "prop": {"type": "reward", "dir": "max", "label": "stable", "bound": 0.5833287700833055}, "big_step": false, "use_robust_pla": true, "epsilon": 1e-05, "estimate_method": "delta", "splitting_strategy": "estimate", "splitting_threshold": 4, "simple": true}
Storm-pars 1.9.0

Date: Wed Jan 15 11:17:52 2025
Command line arguments: --prism /home/lheck/git/bigsteptest/testcases/herman/herman_random_pass_speedreducer_2-3.pm -prop 'Rmax>=0.5833287700833055 [F "stable"]' --mode verification --regionbound 1e-06 --terminationCondition 0 '--regionverif:engine' robustpl '--minmax:method' vi -bisim --splitting-heuristic estimate --estimate-method delta --splitting-threshold 4
Current working directory: /home/lheck/git/bigsteptest

Time for model input parsing: 0.001s.

Time for model construction: 0.015s.

-------------------------------------------------------------- 
Model type: 	DTMC (sparse)
States: 	231
Transitions: 	598
Reward Models:  steps
State Labels: 	3 labels
   * deadlock -> 0 item(s)
   * init -> 1 item(s)
   * stable -> 48 item(s)
Choice Labels: 	none
-------------------------------------------------------------- 

Time for model preprocessing: 0.001s.

-------------------------------------------------------------- 
Model type: 	DTMC (sparse)
States: 	22
Transitions: 	42
Reward Models:  steps
State Labels: 	2 labels
   * stable -> 1 item(s)
   * init -> 1 item(s)
Choice Labels: 	none
-------------------------------------------------------------- 
 WARN (parameterlifting.h:40): The input model contains a non-linear polynomial as transition: '(-3 * ((r) * (r+(-1))))/(1)'. Can not validate that parameter lifting is sound on this model.
 WARN (region.h:180): Could not validate whether parameter lifting is applicable. Please validate manually...
 WARN (RobustParameterLifter.cpp:54): Cannot use graph monotonicity in robust mode.
ERROR (storm-pars.cpp:626): An unexpected exception occurred and caused Storm-pars to terminate. The message of this exception is: std::bad_alloc

real	13m32.535s
user	13m15.100s
sys	0m17.416s
