{"memory_bound": 1, "region_bound": 0, "constants": {"K": 10}, "pomdp": "nrp.prism", "prop": {"type": "probability", "dir": "min", "label": "unfair", "bound": 0.10000997573757399}, "big_step": false, "use_robust_pla": true, "epsilon": 0.0001, "estimate_method": "delta", "splitting_strategy": "estimate", "splitting_threshold": 4, "simple": true, "additional_storm_args": "--not-graph-preserving", "region_interval": "0,0.8"}
Storm-pars 1.9.0

Date: Wed Jan 15 15:36:31 2025
Command line arguments: --explicit-drn /home/lheck/git/bigsteptest/build/testcases/nrp/nrp_probability_min_unfair______K=10__afeb1e19b91f55c416c3616f61b61df069ee707067e01ee6f79bcef91972ef65_1.drn -prop 'Pmin<=0.10000997573757399 [F "unfair"]' --mode verification --region '0<=p2_0<=0.8,0<=p7_0<=0.8,0<=p12_0<=0.8,0<=p17_0<=0.8,0<=p22_0<=0.8,0<=p27_0<=0.8,0<=p32_0<=0.8,0<=p37_0<=0.8,0<=p42_0<=0.8,0<=p47_0<=0.8' --terminationCondition 0 '--regionverif:engine' robustpl '--minmax:method' vi -bisim --not-graph-preserving --splitting-heuristic estimate --estimate-method delta --splitting-threshold 4
Current working directory: /home/lheck/git/bigsteptest

Time for model construction: 0.002s.

-------------------------------------------------------------- 
Model type: 	DTMC (sparse)
States: 	186
Transitions: 	250
Reward Models:  none
State Labels: 	2 labels
   * unfair -> 10 item(s)
   * init -> 1 item(s)
Choice Labels: 	none
-------------------------------------------------------------- 

Time for model preprocessing: 0.000s.

-------------------------------------------------------------- 
Model type: 	DTMC (sparse)
States: 	114
Transitions: 	178
Reward Models:  none
State Labels: 	2 labels
   * unfair -> 1 item(s)
   * init -> 1 item(s)
Choice Labels: 	none
-------------------------------------------------------------- 
 WARN (RobustParameterLifter.cpp:54): Cannot use graph monotonicity in robust mode.
ERROR (storm-pars.cpp:626): An unexpected exception occurred and caused Storm-pars to terminate. The message of this exception is: std::bad_alloc

real	4m1.429s
user	3m47.123s
sys	0m14.300s
