{"memory_bound": 1, "region_bound": 1e-06, "constants": {}, "pomdp": "4x4grid.prism", "prop": {"type": "reward", "dir": "max", "label": "goal", "bound": 5.041627221223621}, "big_step": false, "use_robust_pla": true, "epsilon": 1e-05, "estimate_method": "delta", "splitting_strategy": "roundrobin", "splitting_threshold": 4, "simple": true}
Storm-pars 1.9.0

Date: Tue Apr  8 19:41:22 2025
Command line arguments: --explicit-drn /home/lheck/git/bigsteptest/build/testcases/grids/4x4grid_reward_max_goal________7aa0130ed21dfc8a56a42042157143ba5e577f8306c347b0f9bdf7576fa74c27_1.drn -prop 'Rmax>=5.041627221223621 [F "goal"]' --mode verification --regionbound 1e-06 --terminationCondition 0 '--regionverif:engine' robustpl '--minmax:method' vi -bisim --splitting-heuristic roundrobin --estimate-method delta --splitting-threshold 4
Current working directory: /home/lheck/git/bigsteptest

Time for model construction: 0.002s.

-------------------------------------------------------------- 
Model type: 	DTMC (sparse)
States: 	47
Transitions: 	106
Reward Models:  (default)
State Labels: 	2 labels
   * goal -> 1 item(s)
   * init -> 1 item(s)
Choice Labels: 	none
-------------------------------------------------------------- 

Time for model preprocessing: 0.000s.

-------------------------------------------------------------- 
Model type: 	DTMC (sparse)
States: 	47
Transitions: 	106
Reward Models:  (default)
State Labels: 	2 labels
   * init -> 1 item(s)
   * goal -> 1 item(s)
Choice Labels: 	none
-------------------------------------------------------------- 
ERROR (RegionVerificationSettings.cpp:93): Setting an estimate method requires setting the estimate splitting strategy
 WARN (RobustParameterLifter.cpp:54): Cannot use graph monotonicity in robust mode.
Region partitioning for extremal value terminated after analyzing 4281 regions.
	0% of the parameter space are not covered.
Extremal value: 354782411248409/70368744177664
Formula is satisfied by all parameter instantiations.
Time for model checking: 0.521s.

real	0m0.559s
user	0m0.534s
sys	0m0.025s
