{"constants": {}, "jani": "alarm.jani", "prop": {"type": "probability", "dir": "max", "label": "VENTTUBE=0", "bound": 0.036771626039643}, "region_bound": 0, "big_step": true, "use_robust_pla": true, "epsilon": 0.0001, "estimate_method": "delta", "splitting_strategy": "roundrobin", "splitting_threshold": 4, "simple": true, "additional_storm_args": "--not-graph-preserving", "region_interval": "0,0.8"}
Storm-pars 1.9.0

Date: Tue Apr  8 19:39:56 2025
Command line arguments: --jani /home/lheck/git/bigsteptest/testcases/alarm/alarm.jani -prop 'Pmax>=0.036771626039643 [F VENTTUBE=0]' --big-step --mode verification --region '0<=y<=0.8,0<=x<=0.8' --terminationCondition 0 '--regionverif:engine' robustpl '--minmax:method' vi -bisim --not-graph-preserving --splitting-heuristic roundrobin --estimate-method delta --splitting-threshold 4
Current working directory: /home/lheck/git/bigsteptest

Time for model input parsing: 0.027s.

Time for model construction: 0.064s.

-------------------------------------------------------------- 
Model type: 	DTMC (sparse)
States: 	888
Transitions: 	2387
Reward Models:  none
State Labels: 	3 labels
   * init -> 1 item(s)
   * deadlock -> 3 item(s)
   * (VENTTUBE = 0) -> 1 item(s)
Choice Labels: 	none
-------------------------------------------------------------- 

Time for model preprocessing: 0.003s.

-------------------------------------------------------------- 
Model type: 	DTMC (sparse)
States: 	15
Transitions: 	38
Reward Models:  none
State Labels: 	3 labels
   * init -> 1 item(s)
   * deadlock -> 1 item(s)
   * (VENTTUBE = 0) -> 1 item(s)
Choice Labels: 	none
-------------------------------------------------------------- 
ERROR (RegionVerificationSettings.cpp:93): Setting an estimate method requires setting the estimate splitting strategy
 WARN (parameterlifting.h:40): The input model contains a non-linear polynomial as transition: '(1/2514375 * (315385*y^2+(-797819)*y+500326))/(1)'. Can not validate that parameter lifting is sound on this model.
 WARN (region.h:180): Could not validate whether parameter lifting is applicable. Please validate manually...
 WARN (RobustParameterLifter.cpp:54): Cannot use graph monotonicity in robust mode.
Region partitioning for extremal value terminated after analyzing 1 regions.
	0% of the parameter space are not covered.
Extremal value: 8967718163757651/18014398509481984
Formula is satisfied by all parameter instantiations.
Time for model checking: 0.001s.

real	0m0.138s
user	0m0.112s
sys	0m0.025s
