{"constants": {}, "region_bound": 0.1, "prism": "herman_random_pass_speedreducer_2-5.pm", "prop": {"type": "reward", "dir": "max", "label": "stable", "bound": 2.49894903654}, "big_step": true, "use_robust_pla": true, "epsilon": 0.01, "estimate_method": "delta", "splitting_strategy": "roundrobin", "splitting_threshold": 4, "simple": true}
Storm-pars 1.9.0

Date: Tue Apr  8 16:15:14 2025
Command line arguments: --prism /home/lheck/git/bigsteptest/testcases/herman/herman_random_pass_speedreducer_2-5.pm -prop 'Rmax>=2.49894903654 [F "stable"]' --big-step --mode verification --regionbound 0.1 --terminationCondition 0 '--regionverif:engine' robustpl '--minmax:method' vi -bisim --splitting-heuristic roundrobin --estimate-method delta --splitting-threshold 4
Current working directory: /home/lheck/git/bigsteptest

Time for model input parsing: 0.005s.

Time for model construction: 0.922s.

-------------------------------------------------------------- 
Model type: 	DTMC (sparse)
States: 	9155
Transitions: 	41942
Reward Models:  steps
State Labels: 	3 labels
   * deadlock -> 0 item(s)
   * init -> 1 item(s)
   * stable -> 320 item(s)
Choice Labels: 	none
-------------------------------------------------------------- 

Time for model preprocessing: 0.196s.

-------------------------------------------------------------- 
Model type: 	DTMC (sparse)
States: 	673
Transitions: 	2921
Reward Models:  steps
State Labels: 	2 labels
   * stable -> 1 item(s)
   * init -> 1 item(s)
Choice Labels: 	none
-------------------------------------------------------------- 
ERROR (RegionVerificationSettings.cpp:93): Setting an estimate method requires setting the estimate splitting strategy
 WARN (parameterlifting.h:40): The input model contains a non-linear polynomial as transition: '(5 * ((r)^2 * (r+(-1))^2))/(1)'. Can not validate that parameter lifting is sound on this model.
 WARN (region.h:180): Could not validate whether parameter lifting is applicable. Please validate manually...
 WARN (RobustParameterLifter.cpp:54): Cannot use graph monotonicity in robust mode.
Region partitioning for extremal value terminated after analyzing 14753 regions.
	0% of the parameter space are not covered.
Extremal value: 5687655317543879/2251799813685248
Formula is satisfied by all parameter instantiations.
Time for model checking: 29.866s.

real	0m31.029s
user	0m30.990s
sys	0m0.042s
