{"constants": {}, "region_bound": 0, "prism": "herman11_pla.pm", "prop": {"type": "reward", "dir": "max", "label": "stable", "bound": 12.1020120286695}, "big_step": true, "use_robust_pla": true, "epsilon": 1e-05, "estimate_method": "delta", "splitting_strategy": "roundrobin", "splitting_threshold": 4, "simple": true, "additional_storm_args": "--not-graph-preserving", "region_interval": "0.2,1"}
Storm-pars 1.9.0

Date: Tue Apr  8 16:49:29 2025
Command line arguments: --prism /home/lheck/git/bigsteptest/testcases/herman/herman11_pla.pm -prop 'Rmax>=12.1020120286695 [F "stable"]' --big-step --mode verification --region '0.2<=p<=1' --terminationCondition 0 '--regionverif:engine' robustpl '--minmax:method' vi -bisim --not-graph-preserving --splitting-heuristic roundrobin --estimate-method delta --splitting-threshold 4
Current working directory: /home/lheck/git/bigsteptest

Time for model input parsing: 0.007s.

Time for model construction: 12.752s.

-------------------------------------------------------------- 
Model type: 	DTMC (sparse)
States: 	788290
Transitions: 	1096202
Reward Models:  steps
State Labels: 	3 labels
   * deadlock -> 0 item(s)
   * init -> 1 item(s)
   * stable -> 44 item(s)
Choice Labels: 	none
-------------------------------------------------------------- 

Time for model preprocessing: 39.150s.

-------------------------------------------------------------- 
Model type: 	DTMC (sparse)
States: 	18872
Transitions: 	191933
Reward Models:  steps
State Labels: 	3 labels
   * stable -> 1 item(s)
   * init -> 1 item(s)
   * deadlock -> 0 item(s)
Choice Labels: 	none
-------------------------------------------------------------- 
ERROR (RegionVerificationSettings.cpp:93): Setting an estimate method requires setting the estimate splitting strategy
 WARN (parameterlifting.h:40): The input model contains a non-linear polynomial as transition: '(-1/1024 * (2*p^10+(-10)*p^9+(-11)*p^8+104*p^7+(-91)*p^6+(-133)*p^5+133*p^4+97*p^3+(-45)*p^2+(-46)*p))/(1)'. Can not validate that parameter lifting is sound on this model.
 WARN (region.h:180): Could not validate whether parameter lifting is applicable. Please validate manually...
 WARN (RobustParameterLifter.cpp:54): Cannot use graph monotonicity in robust mode.
Region partitioning for extremal value terminated after analyzing 7965 regions.
	0% of the parameter space are not covered.
Extremal value: 1703222687479197/140737488355328
Formula is satisfied by all parameter instantiations.
Time for model checking: 1223.868s.

real	21m15.920s
user	21m15.685s
sys	0m0.208s
