{"constants": {"N": 5, "K": 5}, "region_bound": 0.1, "prism": "nand.pm", "prop": {"type": "probability", "dir": "min", "label": "target", "bound": 0.500743005338}, "big_step": false, "use_robust_pla": true, "epsilon": 0.01, "estimate_method": "delta", "splitting_strategy": "roundrobin", "splitting_threshold": 4, "simple": true}
Storm-pars 1.9.0

Date: Tue Apr  8 20:41:58 2025
Command line arguments: --prism /home/lheck/git/bigsteptest/testcases/nand/nand.pm -const 'N=5,K=5' -prop 'Pmin<=0.500743005338 [F "target"]' --mode verification --regionbound 0.1 --terminationCondition 0 '--regionverif:engine' robustpl '--minmax:method' vi -bisim --splitting-heuristic roundrobin --estimate-method delta --splitting-threshold 4
Current working directory: /home/lheck/git/bigsteptest

Time for model input parsing: 0.003s.

Time for model construction: 0.063s.

-------------------------------------------------------------- 
Model type: 	DTMC (sparse)
States: 	4122
Transitions: 	5907
Reward Models:  none
State Labels: 	3 labels
   * init -> 1 item(s)
   * deadlock -> 0 item(s)
   * target -> 1 item(s)
Choice Labels: 	none
-------------------------------------------------------------- 

Time for model preprocessing: 0.006s.

-------------------------------------------------------------- 
Model type: 	DTMC (sparse)
States: 	2687
Transitions: 	3654
Reward Models:  none
State Labels: 	2 labels
   * target -> 1 item(s)
   * init -> 1 item(s)
Choice Labels: 	none
-------------------------------------------------------------- 
ERROR (RegionVerificationSettings.cpp:93): Setting an estimate method requires setting the estimate splitting strategy
 WARN (RobustParameterLifter.cpp:54): Cannot use graph monotonicity in robust mode.
Region partitioning for extremal value terminated after analyzing 125 regions.
	0% of the parameter space are not covered.
Extremal value: 7343957779888243/18014398509481984
Formula is satisfied by all parameter instantiations.
Time for model checking: 0.097s.

real	0m0.204s
user	0m0.179s
sys	0m0.024s
