{"region_bound": 0.1, "memory_bound": 1, "constants": {"N": 3}, "pomdp": "refuel.prism", "prop": {"type": "probability", "dir": "min", "label": "notbad U goal", "bound": 0.062748419954}, "big_step": false, "use_robust_pla": true, "epsilon": 0.1, "estimate_method": "delta", "splitting_strategy": "roundrobin", "splitting_threshold": 4, "simple": true}
Storm-pars 1.9.0

Date: Tue Apr  8 21:53:06 2025
Command line arguments: --explicit-drn /home/lheck/git/bigsteptest/build/testcases/refuel/refuel_probability_min_notbad_U_goal______N=3__7a2f1fdb1607683b03b4e06864e90f3cd79a482d40affed47acc3f2e219b9623_1.drn -prop 'Pmin<=0.062748419954 ["notbad" U "goal"]' --mode verification --regionbound 0.1 --terminationCondition 0 '--regionverif:engine' robustpl '--minmax:method' vi -bisim --splitting-heuristic roundrobin --estimate-method delta --splitting-threshold 4
Current working directory: /home/lheck/git/bigsteptest

Time for model construction: 0.013s.

-------------------------------------------------------------- 
Model type: 	DTMC (sparse)
States: 	72
Transitions: 	127
Reward Models:  costs, refuels, steps
State Labels: 	5 labels
   * goal -> 1 item(s)
   * traps -> 6 item(s)
   * stationvisit -> 17 item(s)
   * notbad -> 53 item(s)
   * init -> 1 item(s)
Choice Labels: 	none
-------------------------------------------------------------- 

Time for model preprocessing: 0.000s.

-------------------------------------------------------------- 
Model type: 	DTMC (sparse)
States: 	34
Transitions: 	64
Reward Models:  none
State Labels: 	3 labels
   * notbad -> 32 item(s)
   * init -> 1 item(s)
   * goal -> 1 item(s)
Choice Labels: 	none
-------------------------------------------------------------- 
ERROR (RegionVerificationSettings.cpp:93): Setting an estimate method requires setting the estimate splitting strategy
 WARN (RobustParameterLifter.cpp:54): Cannot use graph monotonicity in robust mode.
Region partitioning for extremal value terminated after analyzing 17 regions.
	0% of the parameter space are not covered.
Extremal value: 7737728218837985/1152921504606846976
Formula is satisfied by all parameter instantiations.
Time for model checking: 0.005s.

real	0m0.049s
user	0m0.032s
sys	0m0.017s
