{"region_bound": 0, "memory_bound": 1, "constants": {"N": 3}, "pomdp": "refuel.prism", "prop": {"type": "probability", "dir": "min", "label": "notbad U goal", "bound": 0.057926851675957}, "big_step": true, "use_robust_pla": true, "epsilon": 0.0001, "estimate_method": "delta", "splitting_strategy": "roundrobin", "splitting_threshold": 4, "simple": true, "additional_storm_args": "--not-graph-preserving", "region_interval": "0,0.8"}
Storm-pars 1.9.0

Date: Tue Apr  8 22:02:17 2025
Command line arguments: --explicit-drn /home/lheck/git/bigsteptest/build/testcases/refuel/refuel_probability_min_notbad_U_goal______N=3__afeb1e19b91f55c416c3616f61b61df069ee707067e01ee6f79bcef91972ef65_1.drn -prop 'Pmin<=0.057926851675957 ["notbad" U "goal"]' --big-step --mode verification --region '0<=p1_0<=0.8,0<=p2_0<=0.8,0<=p3_0<=0.8,0<=p12_0<=0.8,0<=p13_0<=0.8,0<=p14_0<=0.8,0<=p15_0<=0.8,0<=p16_0<=0.8,0<=p23_0<=0.8,0<=p25_0<=0.8,0<=p26_0<=0.8,0<=p27_0<=0.8,0<=p28_0<=0.8,0<=p29_0<=0.8,0<=p30_0<=0.8,0<=p31_0<=0.8,0<=p33_0<=0.8,0<=p35_0<=0.8' --terminationCondition 0 '--regionverif:engine' robustpl '--minmax:method' vi -bisim --not-graph-preserving --splitting-heuristic roundrobin --estimate-method delta --splitting-threshold 4
Current working directory: /home/lheck/git/bigsteptest

Time for model construction: 0.013s.

-------------------------------------------------------------- 
Model type: 	DTMC (sparse)
States: 	72
Transitions: 	127
Reward Models:  costs, refuels, steps
State Labels: 	5 labels
   * goal -> 1 item(s)
   * traps -> 6 item(s)
   * stationvisit -> 17 item(s)
   * notbad -> 53 item(s)
   * init -> 1 item(s)
Choice Labels: 	none
-------------------------------------------------------------- 

Time for model preprocessing: 0.001s.

-------------------------------------------------------------- 
Model type: 	DTMC (sparse)
States: 	51
Transitions: 	96
Reward Models:  none
State Labels: 	5 labels
   * traps -> 6 item(s)
   * stationvisit -> 16 item(s)
   * notbad -> 43 item(s)
   * init -> 1 item(s)
   * goal -> 1 item(s)
Choice Labels: 	none
-------------------------------------------------------------- 
ERROR (RegionVerificationSettings.cpp:93): Setting an estimate method requires setting the estimate splitting strategy
 WARN (RobustParameterLifter.cpp:54): Cannot use graph monotonicity in robust mode.
ERROR (storm-pars.cpp:626): An unexpected exception occurred and caused Storm-pars to terminate. The message of this exception is: std::bad_alloc
bash: line 1: 1030272 Killed                  timeout 3600 ../storm/build_release/bin/storm-pars --explicit-drn /home/lheck/git/bigsteptest/build/testcases/refuel/refuel_probability_min_notbad_U_goal______N=3__afeb1e19b91f55c416c3616f61b61df069ee707067e01ee6f79bcef91972ef65_1.drn -prop "Pmin<=0.057926851675957 [\"notbad\" U \"goal\"]" --big-step --mode verification --region "0<=p1_0<=0.8,0<=p2_0<=0.8,0<=p3_0<=0.8,0<=p12_0<=0.8,0<=p13_0<=0.8,0<=p14_0<=0.8,0<=p15_0<=0.8,0<=p16_0<=0.8,0<=p23_0<=0.8,0<=p25_0<=0.8,0<=p26_0<=0.8,0<=p27_0<=0.8,0<=p28_0<=0.8,0<=p29_0<=0.8,0<=p30_0<=0.8,0<=p31_0<=0.8,0<=p33_0<=0.8,0<=p35_0<=0.8" --terminationCondition 0 --regionverif:engine robustpl --minmax:method vi -bisim --not-graph-preserving --splitting-heuristic roundrobin --estimate-method delta --splitting-threshold 4

real	10m16.873s
user	9m35.110s
sys	0m39.770s
