{"constants": {"N": 16, "MAX": 2}, "prism": "brp.pm", "prop": {"type": "probability", "dir": "min", "label": "uncertain", "bound": 0.023740642376855}, "region_bound": 0, "big_step": true, "use_robust_pla": true, "epsilon": 0.0001, "estimate_method": "delta", "splitting_strategy": "estimate", "splitting_threshold": 4, "simple": true, "additional_storm_args": "--not-graph-preserving", "region_interval": "0.2,1"}
Storm-pars 1.9.0

Date: Wed Jan 15 13:23:15 2025
Command line arguments: --prism /home/lheck/git/bigsteptest/testcases/brp/brp.pm -const 'N=16,MAX=2' -prop 'Pmin<=0.023740642376855 [F "uncertain"]' --big-step --mode verification --region '0.2<=pL<=1,0.2<=pK<=1,0.2<=TOMsg<=1,0.2<=TOAck<=1' --terminationCondition 0 '--regionverif:engine' robustpl '--minmax:method' vi -bisim --not-graph-preserving --splitting-heuristic estimate --estimate-method delta --splitting-threshold 4
Current working directory: /home/lheck/git/bigsteptest

Time for model input parsing: 0.002s.

 WARN (FormulaParserGrammar.cpp:325): Identifier `T' coincides with a reserved keyword or operator. Property expressions using the variable or constant 'T' might not be parsed correctly.
Time for model construction: 0.015s.

-------------------------------------------------------------- 
Model type: 	DTMC (sparse)
States: 	673
Transitions: 	863
Reward Models:  none
State Labels: 	3 labels
   * deadlock -> 33 item(s)
   * init -> 1 item(s)
   * uncertain -> 2 item(s)
Choice Labels: 	none
-------------------------------------------------------------- 

Time for model preprocessing: 0.001s.

-------------------------------------------------------------- 
Model type: 	DTMC (sparse)
States: 	183
Transitions: 	327
Reward Models:  none
State Labels: 	3 labels
   * uncertain -> 1 item(s)
   * init -> 1 item(s)
   * deadlock -> 1 item(s)
Choice Labels: 	none
-------------------------------------------------------------- 
 WARN (ParameterRegionParser.cpp:47): Could not find parameter TOMsg in the set of considered variables. Ignoring this parameter.
 WARN (ParameterRegionParser.cpp:47): Could not find parameter TOAck in the set of considered variables. Ignoring this parameter.
 WARN (parameterlifting.h:40): The input model contains a non-linear polynomial as transition: '(-1 * (pK^3+(-3)*pK^2+3*pK+(-1)))/(1)'. Can not validate that parameter lifting is sound on this model.
 WARN (region.h:180): Could not validate whether parameter lifting is applicable. Please validate manually...
 WARN (RobustParameterLifter.cpp:54): Cannot use graph monotonicity in robust mode.
ERROR (storm-pars.cpp:626): An unexpected exception occurred and caused Storm-pars to terminate. The message of this exception is: std::bad_alloc

real	50m58.508s
user	50m34.722s
sys	0m23.699s
