{"constants": {"N": 5, "K": 5}, "region_bound": 0, "prism": "nand.pm", "prop": {"type": "probability", "dir": "min", "label": "target", "bound": 0.8307679816700001}, "big_step": false, "use_robust_pla": true, "epsilon": 0.1, "estimate_method": "delta", "splitting_strategy": "estimate", "splitting_threshold": 4, "simple": true, "additional_storm_args": "--not-graph-preserving", "region_interval": "0,0.8"}
Storm-pars 1.9.0

Date: Wed Jan 15 15:03:48 2025
Command line arguments: --prism /home/lheck/git/bigsteptest/testcases/nand/nand.pm -const 'N=5,K=5' -prop 'Pmin<=0.8307679816700001 [F "target"]' --mode verification --region '0<=perr<=0.8,0<=prob1<=0.8' --terminationCondition 0 '--regionverif:engine' robustpl '--minmax:method' vi -bisim --not-graph-preserving --splitting-heuristic estimate --estimate-method delta --splitting-threshold 4
Current working directory: /home/lheck/git/bigsteptest

Time for model input parsing: 0.001s.

Time for model construction: 0.028s.

-------------------------------------------------------------- 
Model type: 	DTMC (sparse)
States: 	4122
Transitions: 	5907
Reward Models:  none
State Labels: 	3 labels
   * init -> 1 item(s)
   * deadlock -> 0 item(s)
   * target -> 1 item(s)
Choice Labels: 	none
-------------------------------------------------------------- 

Time for model preprocessing: 0.003s.

-------------------------------------------------------------- 
Model type: 	DTMC (sparse)
States: 	2688
Transitions: 	3655
Reward Models:  none
State Labels: 	3 labels
   * init -> 1 item(s)
   * target -> 1 item(s)
   * deadlock -> 0 item(s)
Choice Labels: 	none
-------------------------------------------------------------- 
 WARN (RobustParameterLifter.cpp:54): Cannot use graph monotonicity in robust mode.
Region partitioning for extremal value terminated after analyzing 41 regions.
	0% of the parameter space are not covered.
Extremal value: 3899085283783743/9007199254740992
Formula is satisfied by all parameter instantiations.
Time for model checking: 0.062s.

real	0m0.112s
user	0m0.095s
sys	0m0.017s
