{"constants": {"N": 10, "K": 50}, "region_bound": 0.1, "prism": "nand.pm", "prop": {"type": "probability", "dir": "min", "label": "target", "bound": 0.31060964264}, "big_step": false, "use_robust_pla": true, "epsilon": 0.1, "estimate_method": "delta", "splitting_strategy": "estimate", "splitting_threshold": 4, "simple": true}
Storm-pars 1.9.0

Date: Wed Jan 15 15:03:05 2025
Command line arguments: --prism /home/lheck/git/bigsteptest/testcases/nand/nand.pm -const 'N=10,K=50' -prop 'Pmin<=0.31060964264 [F "target"]' --mode verification --regionbound 0.1 --terminationCondition 0 '--regionverif:engine' robustpl '--minmax:method' vi -bisim --splitting-heuristic estimate --estimate-method delta --splitting-threshold 4
Current working directory: /home/lheck/git/bigsteptest

Time for model input parsing: 0.001s.

Time for model construction: 1.399s.

-------------------------------------------------------------- 
Model type: 	DTMC (sparse)
States: 	346962
Transitions: 	518847
Reward Models:  none
State Labels: 	3 labels
   * init -> 1 item(s)
   * deadlock -> 0 item(s)
   * target -> 1 item(s)
Choice Labels: 	none
-------------------------------------------------------------- 

Time for model preprocessing: 0.943s.

-------------------------------------------------------------- 
Model type: 	DTMC (sparse)
States: 	250402
Transitions: 	360792
Reward Models:  none
State Labels: 	2 labels
   * target -> 1 item(s)
   * init -> 1 item(s)
Choice Labels: 	none
-------------------------------------------------------------- 
 WARN (RobustParameterLifter.cpp:54): Cannot use graph monotonicity in robust mode.
Region partitioning for extremal value terminated after analyzing 13 regions.
	0% of the parameter space are not covered.
Extremal value: 7197377138300427/576460752303423488
Formula is satisfied by all parameter instantiations.
Time for model checking: 9.238s.

real	0m11.630s
user	0m11.533s
sys	0m0.096s
