{"memory_bound": 1, "region_bound": 0.1, "constants": {"N": 4}, "pomdp": "newgrid.prism", "prop": {"type": "probability", "dir": "min", "label": "notbad U goal", "bound": 0.9667967810711321}, "big_step": true, "use_robust_pla": true, "epsilon": 1e-05, "estimate_method": "delta", "splitting_strategy": "estimate", "splitting_threshold": 4, "simple": true}
Storm-pars 1.9.0

Date: Wed Jan 15 14:16:36 2025
Command line arguments: --explicit-drn /home/lheck/git/bigsteptest/build/testcases/grids/newgrid_probability_min_notbad_U_goal______N=4__7a2f1fdb1607683b03b4e06864e90f3cd79a482d40affed47acc3f2e219b9623_1.drn -prop 'Pmin<=0.9667967810711321 ["notbad" U "goal"]' --big-step --mode verification --regionbound 0.1 --terminationCondition 0 '--regionverif:engine' robustpl '--minmax:method' vi -bisim --splitting-heuristic estimate --estimate-method delta --splitting-threshold 4
Current working directory: /home/lheck/git/bigsteptest

Time for model construction: 0.006s.

-------------------------------------------------------------- 
Model type: 	DTMC (sparse)
States: 	78
Transitions: 	152
Reward Models:  (default)
State Labels: 	3 labels
   * goal -> 1 item(s)
   * notbad -> 77 item(s)
   * init -> 1 item(s)
Choice Labels: 	none
-------------------------------------------------------------- 

Time for model preprocessing: 0.001s.

-------------------------------------------------------------- 
Model type: 	DTMC (sparse)
States: 	74
Transitions: 	150
Reward Models:  none
State Labels: 	3 labels
   * notbad -> 74 item(s)
   * init -> 1 item(s)
   * goal -> 1 item(s)
Choice Labels: 	none
-------------------------------------------------------------- 
 WARN (RobustParameterLifter.cpp:54): Cannot use graph monotonicity in robust mode.
Region partitioning for extremal value terminated after analyzing 10665 regions.
	0% of the parameter space are not covered.
Extremal value: 8707804281940293/9007199254740992
Formula is satisfied by all parameter instantiations.
Time for model checking: 1.040s.

real	0m1.077s
user	0m1.045s
sys	0m0.024s
