{"memory_bound": 1, "region_bound": 0, "constants": {"N": 2}, "pomdp": "newgrid.prism", "prop": {"type": "probability", "dir": "min", "label": "notbad U goal", "bound": 0.8711394033100001}, "big_step": true, "use_robust_pla": true, "epsilon": 0.1, "estimate_method": "delta", "splitting_strategy": "estimate", "splitting_threshold": 4, "simple": true, "additional_storm_args": "--not-graph-preserving", "region_interval": "0,0.8"}
Storm-pars 1.9.0

Date: Wed Jan 15 14:17:42 2025
Command line arguments: --explicit-drn /home/lheck/git/bigsteptest/build/testcases/grids/newgrid_probability_min_notbad_U_goal______N=2__afeb1e19b91f55c416c3616f61b61df069ee707067e01ee6f79bcef91972ef65_1.drn -prop 'Pmin<=0.8711394033100001 ["notbad" U "goal"]' --big-step --mode verification --region '0<=p1_0<=0.8,0<=p4_0<=0.8,0<=p5_0<=0.8' --terminationCondition 0 '--regionverif:engine' robustpl '--minmax:method' vi -bisim --not-graph-preserving --splitting-heuristic estimate --estimate-method delta --splitting-threshold 4
Current working directory: /home/lheck/git/bigsteptest

Time for model construction: 0.003s.

-------------------------------------------------------------- 
Model type: 	DTMC (sparse)
States: 	39
Transitions: 	71
Reward Models:  (default)
State Labels: 	3 labels
   * goal -> 1 item(s)
   * notbad -> 38 item(s)
   * init -> 1 item(s)
Choice Labels: 	none
-------------------------------------------------------------- 

Time for model preprocessing: 0.001s.

-------------------------------------------------------------- 
Model type: 	DTMC (sparse)
States: 	47
Transitions: 	105
Reward Models:  none
State Labels: 	3 labels
   * notbad -> 46 item(s)
   * init -> 1 item(s)
   * goal -> 1 item(s)
Choice Labels: 	none
-------------------------------------------------------------- 
 WARN (parameterlifting.h:40): The input model contains a non-linear polynomial as transition: '(-1/4 * (p1_0^2+(-1)*p1_0))/(1)'. Can not validate that parameter lifting is sound on this model.
 WARN (region.h:180): Could not validate whether parameter lifting is applicable. Please validate manually...
 WARN (RobustParameterLifter.cpp:54): Cannot use graph monotonicity in robust mode.
Region partitioning for extremal value terminated after analyzing 281 regions.
	0% of the parameter space are not covered.
Extremal value: 5739735062458165/9007199254740992
Formula is satisfied by all parameter instantiations.
Time for model checking: 0.150s.

real	0m0.169s
user	0m0.161s
sys	0m0.008s
