{"memory_bound": 1, "region_bound": 0, "constants": {"K": 100}, "pomdp": "nrp.prism", "prop": {"type": "probability", "dir": "min", "label": "unfair", "bound": 0.0101}, "big_step": true, "use_robust_pla": true, "epsilon": 0.01, "estimate_method": "delta", "splitting_strategy": "estimate", "splitting_threshold": 4, "simple": true, "additional_storm_args": "--not-graph-preserving"}
Storm-pars 1.9.0

Date: Wed Jan 15 15:26:42 2025
Command line arguments: --explicit-drn /home/lheck/git/bigsteptest/build/testcases/nrp/nrp_probability_min_unfair______K=100__40777b229e0c5ae6c593a3159e1566ef32abb0b9365d0c229a581986e9ff32cb_1.drn -prop 'Pmin<=0.0101 [F "unfair"]' --big-step --mode verification --regionbound 0 --terminationCondition 0 '--regionverif:engine' robustpl '--minmax:method' vi -bisim --not-graph-preserving --splitting-heuristic estimate --estimate-method delta --splitting-threshold 4
Current working directory: /home/lheck/git/bigsteptest

Time for model construction: 0.078s.

-------------------------------------------------------------- 
Model type: 	DTMC (sparse)
States: 	15351
Transitions: 	20500
Reward Models:  none
State Labels: 	2 labels
   * unfair -> 100 item(s)
   * init -> 1 item(s)
Choice Labels: 	none
-------------------------------------------------------------- 

Time for model preprocessing: 0.899s.

-------------------------------------------------------------- 
Model type: 	DTMC (sparse)
States: 	202
Transitions: 	500
Reward Models:  none
State Labels: 	2 labels
   * unfair -> 1 item(s)
   * init -> 1 item(s)
Choice Labels: 	none
-------------------------------------------------------------- 
 WARN (RobustParameterLifter.cpp:54): Cannot use graph monotonicity in robust mode.
Region partitioning for extremal value terminated after analyzing 1 regions.
	0% of the parameter space are not covered.
Extremal value: 5764607523034235/576460752303423488
Formula is satisfied by all parameter instantiations.
Time for model checking: 0.002s.

real	0m1.000s
user	0m0.963s
sys	0m0.036s
