{"memory_bound": 1, "region_bound": 0, "constants": {}, "pomdp": "4x4grid-avoid.prism", "prop": {"type": "probability", "dir": "min", "label": "notbad U goal", "bound": 0.99628571196}, "big_step": false, "use_robust_pla": true, "epsilon": 0.1, "estimate_method": "delta", "splitting_strategy": "estimate", "splitting_threshold": 4, "simple": true, "additional_storm_args": "--not-graph-preserving", "region_interval": "0.2,1"}
Storm-pars 1.8.1

Date: Thu Oct 10 15:31:39 2024
Command line arguments: --explicit-drn /home/lheck/git/bigsteptest/.build/testcases/grids/4x4grid-avoid_probability_min_notbad_U_goal________bc84d137e0e4865bde8a6e1c1b8d1b2de270980c6e8b3b56bfd1ee93f94fcb11_1.drn -prop 'Pmin<=0.99628571196 ["notbad" U "goal"]' --mode partitioning --region '0.2<=p1_0<=1,0.2<=p4_0<=1,0.2<=p5_0<=1' --terminationCondition 0 '--regionverif:engine' robustpl '--minmax:method' vi -bisim --not-graph-preserving --splitting-heuristic estimate --estimate-method delta --splitting-threshold 4
Current working directory: /home/lheck/git/bigsteptest

Time for model construction: 0.004s.

-------------------------------------------------------------- 
Model type: 	DTMC (sparse)
States: 	45
Transitions: 	100
Reward Models:  (default)
State Labels: 	4 labels
   * goal -> 1 item(s)
   * bad -> 1 item(s)
   * notbad -> 44 item(s)
   * init -> 1 item(s)
Choice Labels: 	none
-------------------------------------------------------------- 

Time for model preprocessing: 0.000s.

-------------------------------------------------------------- 
Model type: 	DTMC (sparse)
States: 	45
Transitions: 	100
Reward Models:  none
State Labels: 	4 labels
   * goal -> 1 item(s)
   * notbad -> 44 item(s)
   * init -> 1 item(s)
   * bad -> 1 item(s)
Choice Labels: 	none
-------------------------------------------------------------- 

Analyzing parameter region 1/5<=p1_0<=1,1/5<=p4_0<=1,1/5<=p5_0<=1; using Robust Parameter Lifting and splitting heuristic Estimate-Based with iterative refinement until 100% is covered.

Model checking property "1": Pmin<=24907142799/25000000000 ["notbad" U "goal"] ...
 WARN (RobustParameterLifter.cpp:53): Cannot use graph monotonicity in robust mode.
Result (initial states):  WARN (RegionRefinementCheckResult.cpp:117): Writing illustration of region check result to a stream is only implemented for two parameters.
  Fraction of satisfied area: 100%
Fraction of unsatisfied area: 0%
            Unknown fraction: 0%
     Total number of regions: 8
                      AllSat: 8


Time for model checking: 0.002s.


real	0m0.019s
user	0m0.014s
sys	0m0.004s
