{"constants": {"N": 64, "MAX": 8}, "prism": "brp.pm", "prop": {"type": "probability", "dir": "min", "label": "uncertain", "bound": 0.0057940161526809}, "region_bound": 0, "big_step": false, "use_robust_pla": true, "epsilon": 0.0001, "estimate_method": "delta", "splitting_strategy": "estimate", "splitting_threshold": 4, "simple": true, "additional_storm_args": "--not-graph-preserving"}
Storm-pars 1.8.1

Date: Thu Oct 10 11:24:57 2024
Command line arguments: --prism /home/lheck/git/bigsteptest/testcases/brp/brp.pm -const 'N=64,MAX=8' -prop 'Pmin<=0.0057940161526809 [F "uncertain"]' --mode partitioning --regionbound 0 --terminationCondition 0 '--regionverif:engine' robustpl '--minmax:method' vi -bisim --not-graph-preserving --splitting-heuristic estimate --estimate-method delta --splitting-threshold 4
Current working directory: /home/lheck/git/bigsteptest

Time for model input parsing: 0.002s.

 WARN (FormulaParserGrammar.cpp:325): Identifier `T' coincides with a reserved keyword or operator. Property expressions using the variable or constant 'T' might not be parsed correctly.
Time for model construction: 0.056s.

-------------------------------------------------------------- 
Model type: 	DTMC (sparse)
States: 	7687
Transitions: 	10367
Reward Models:  none
State Labels: 	3 labels
   * deadlock -> 135 item(s)
   * init -> 1 item(s)
   * uncertain -> 2 item(s)
Choice Labels: 	none
-------------------------------------------------------------- 

Time for model preprocessing: 0.006s.

-------------------------------------------------------------- 
Model type: 	DTMC (sparse)
States: 	3984
Transitions: 	5648
Reward Models:  none
State Labels: 	3 labels
   * uncertain -> 1 item(s)
   * init -> 1 item(s)
   * deadlock -> 1 item(s)
Choice Labels: 	none
-------------------------------------------------------------- 

Analyzing parameter region 0<=pK<=1,0<=pL<=1; using Robust Parameter Lifting and splitting heuristic Estimate-Based with iterative refinement until 100% is covered.

Model checking property "1": Pmin<=57940161526809/10000000000000000 [F "uncertain"] ...
 WARN (RobustParameterLifter.cpp:53): Cannot use graph monotonicity in robust mode.
ERROR: The program received signal 15 and will be aborted in 3s.
Received signal 15

real	60m0.096s
user	59m58.720s
sys	0m1.221s
