{"constants": {}, "region_bound": 0, "prism": "herman5_pla.pm", "prop": {"type": "reward", "dir": "max", "label": "stable", "bound": 1.91399965614}, "big_step": true, "use_robust_pla": true, "epsilon": 0.01, "estimate_method": "delta", "splitting_strategy": "estimate", "splitting_threshold": 4, "simple": true, "additional_storm_args": "--not-graph-preserving", "region_interval": "0.2,1"}
Storm-pars 1.8.1

Date: Thu Oct 10 08:41:43 2024
Command line arguments: --prism /home/lheck/git/bigsteptest/testcases/herman/herman5_pla.pm -prop 'Rmax>=1.91399965614 [F "stable"]' --big-step --mode partitioning --region '0.2<=p<=1' --terminationCondition 0 '--regionverif:engine' robustpl '--minmax:method' vi -bisim --not-graph-preserving --splitting-heuristic estimate --estimate-method delta --splitting-threshold 4
Current working directory: /home/lheck/git/bigsteptest

Time for model input parsing: 0.001s.

Time for model construction: 0.015s.

-------------------------------------------------------------- 
Model type: 	DTMC (sparse)
States: 	838
Transitions: 	1211
Reward Models:  steps
State Labels: 	3 labels
   * deadlock -> 0 item(s)
   * init -> 1 item(s)
   * stable -> 20 item(s)
Choice Labels: 	none
-------------------------------------------------------------- 

Time for model preprocessing: 0.003s.

-------------------------------------------------------------- 
Model type: 	DTMC (sparse)
States: 	89
Transitions: 	262
Reward Models:  steps
State Labels: 	3 labels
   * stable -> 1 item(s)
   * init -> 1 item(s)
   * deadlock -> 0 item(s)
Choice Labels: 	none
-------------------------------------------------------------- 

Analyzing parameter region 1/5<=p<=1; using Robust Parameter Lifting and splitting heuristic Estimate-Based with iterative refinement until 100% is covered.

Model checking property "1": Rmax>=95699982807/50000000000 [F "stable"] ...
 WARN (parameterlifting.h:40): The input model contains a non-linear polynomial as transition: '(1/16 * (2*p^4+(-4)*p^3+(-5)*p^2+7*p))/(1)'. Can not validate that parameter lifting is sound on this model.
 WARN (region.h:179): Could not validate whether parameter lifting is applicable. Please validate manually...
 WARN (RobustParameterLifter.cpp:53): Cannot use graph monotonicity in robust mode.
Result (initial states):  WARN (RegionRefinementCheckResult.cpp:117): Writing illustration of region check result to a stream is only implemented for two parameters.
  Fraction of satisfied area: 100%
Fraction of unsatisfied area: 0%
            Unknown fraction: 0%
     Total number of regions: 10
                      AllSat: 10


Time for model checking: 0.036s.


real	0m0.072s
user	0m0.060s
sys	0m0.012s
