{"constants": {}, "region_bound": 1e-06, "prism": "herman_random_pass_speedreducer_2-3.pm", "prop": {"type": "reward", "dir": "max", "label": "stable", "bound": 0.57754108566}, "big_step": true, "use_robust_pla": true, "epsilon": 0.01, "estimate_method": "delta", "splitting_strategy": "estimate", "splitting_threshold": 4, "simple": true}
Storm-pars 1.8.1

Date: Thu Oct 10 08:22:02 2024
Command line arguments: --prism /home/lheck/git/bigsteptest/testcases/herman/herman_random_pass_speedreducer_2-3.pm -prop 'Rmax>=0.57754108566 [F "stable"]' --big-step --mode partitioning --regionbound 1e-06 --terminationCondition 0 '--regionverif:engine' robustpl '--minmax:method' vi -bisim --splitting-heuristic estimate --estimate-method delta --splitting-threshold 4
Current working directory: /home/lheck/git/bigsteptest

Time for model input parsing: 0.001s.

Time for model construction: 0.014s.

-------------------------------------------------------------- 
Model type: 	DTMC (sparse)
States: 	231
Transitions: 	598
Reward Models:  steps
State Labels: 	3 labels
   * deadlock -> 0 item(s)
   * init -> 1 item(s)
   * stable -> 48 item(s)
Choice Labels: 	none
-------------------------------------------------------------- 

Time for model preprocessing: 0.001s.

-------------------------------------------------------------- 
Model type: 	DTMC (sparse)
States: 	22
Transitions: 	42
Reward Models:  steps
State Labels: 	2 labels
   * stable -> 1 item(s)
   * init -> 1 item(s)
Choice Labels: 	none
-------------------------------------------------------------- 

Analyzing parameter region 1/1000000<=q<=999999/1000000,1/1000000<=r<=999999/1000000,1/1000000<=p<=999999/1000000; using Robust Parameter Lifting and splitting heuristic Estimate-Based with iterative refinement until 100% is covered.

Model checking property "1": Rmax>=28877054283/50000000000 [F "stable"] ...
 WARN (parameterlifting.h:40): The input model contains a non-linear polynomial as transition: '(-3 * ((r) * (r+(-1))))/(1)'. Can not validate that parameter lifting is sound on this model.
 WARN (region.h:179): Could not validate whether parameter lifting is applicable. Please validate manually...
 WARN (RobustParameterLifter.cpp:53): Cannot use graph monotonicity in robust mode.
Result (initial states):  WARN (RegionRefinementCheckResult.cpp:117): Writing illustration of region check result to a stream is only implemented for two parameters.
  Fraction of satisfied area: 100%
Fraction of unsatisfied area: 0%
            Unknown fraction: 0%
     Total number of regions: 9619
                      AllSat: 9619


Time for model checking: 1.730s.


real	0m1.773s
user	0m1.753s
sys	0m0.020s
