{"constants": {}, "region_bound": 0, "prism": "herman9_pla.pm", "prop": {"type": "reward", "dir": "max", "label": "stable", "bound": 7.92095845362336}, "big_step": false, "use_robust_pla": true, "epsilon": 1e-05, "estimate_method": "delta", "splitting_strategy": "estimate", "splitting_threshold": 4, "simple": true, "additional_storm_args": "--not-graph-preserving"}
Storm-pars 1.8.1

Date: Thu Oct 10 08:27:59 2024
Command line arguments: --prism /home/lheck/git/bigsteptest/testcases/herman/herman9_pla.pm -prop 'Rmax>=7.92095845362336 [F "stable"]' --mode partitioning --regionbound 0 --terminationCondition 0 '--regionverif:engine' robustpl '--minmax:method' vi -bisim --not-graph-preserving --splitting-heuristic estimate --estimate-method delta --splitting-threshold 4
Current working directory: /home/lheck/git/bigsteptest

Time for model input parsing: 0.002s.

Time for model construction: 0.520s.

-------------------------------------------------------------- 
Model type: 	DTMC (sparse)
States: 	86078
Transitions: 	119973
Reward Models:  steps
State Labels: 	3 labels
   * deadlock -> 0 item(s)
   * init -> 1 item(s)
   * stable -> 36 item(s)
Choice Labels: 	none
-------------------------------------------------------------- 

Time for model preprocessing: 0.069s.

-------------------------------------------------------------- 
Model type: 	DTMC (sparse)
States: 	8008
Transitions: 	12070
Reward Models:  steps
State Labels: 	3 labels
   * stable -> 1 item(s)
   * init -> 1 item(s)
   * deadlock -> 0 item(s)
Choice Labels: 	none
-------------------------------------------------------------- 

Analyzing parameter region 0<=p<=1; using Robust Parameter Lifting and splitting heuristic Estimate-Based with iterative refinement until 100% is covered.

Model checking property "1": Rmax>=24752995167573/3125000000000 [F "stable"] ...
 WARN (RobustParameterLifter.cpp:53): Cannot use graph monotonicity in robust mode.
Result (initial states):  WARN (RegionRefinementCheckResult.cpp:117): Writing illustration of region check result to a stream is only implemented for two parameters.
  Fraction of satisfied area: 100%
Fraction of unsatisfied area: 0%
            Unknown fraction: 0%
     Total number of regions: 26020
                      AllSat: 26020


Time for model checking: 554.513s.


real	9m15.134s
user	9m15.056s
sys	0m0.068s
