{"constants": {}, "region_bound": 0, "prism": "herman_random_pass_speedreducer_2-5.pm", "prop": {"type": "reward", "dir": "max", "label": "stable", "bound": 2.4779258559}, "big_step": true, "use_robust_pla": true, "epsilon": 0.01, "estimate_method": "delta", "splitting_strategy": "estimate", "splitting_threshold": 4, "simple": true, "additional_storm_args": "--not-graph-preserving"}
Storm-pars 1.8.1

Date: Thu Oct 10 08:38:03 2024
Command line arguments: --prism /home/lheck/git/bigsteptest/testcases/herman/herman_random_pass_speedreducer_2-5.pm -prop 'Rmax>=2.4779258559 [F "stable"]' --big-step --mode partitioning --regionbound 0 --terminationCondition 0 '--regionverif:engine' robustpl '--minmax:method' vi -bisim --not-graph-preserving --splitting-heuristic estimate --estimate-method delta --splitting-threshold 4
Current working directory: /home/lheck/git/bigsteptest

Time for model input parsing: 0.002s.

Time for model construction: 0.372s.

-------------------------------------------------------------- 
Model type: 	DTMC (sparse)
States: 	9155
Transitions: 	41942
Reward Models:  steps
State Labels: 	3 labels
   * deadlock -> 0 item(s)
   * init -> 1 item(s)
   * stable -> 320 item(s)
Choice Labels: 	none
-------------------------------------------------------------- 

Time for model preprocessing: 0.078s.

-------------------------------------------------------------- 
Model type: 	DTMC (sparse)
States: 	673
Transitions: 	2921
Reward Models:  steps
State Labels: 	3 labels
   * stable -> 1 item(s)
   * init -> 1 item(s)
   * deadlock -> 0 item(s)
Choice Labels: 	none
-------------------------------------------------------------- 

Analyzing parameter region 0<=q<=1,0<=r<=1,0<=p<=1; using Robust Parameter Lifting and splitting heuristic Estimate-Based with iterative refinement until 100% is covered.

Model checking property "1": Rmax>=24779258559/10000000000 [F "stable"] ...
 WARN (parameterlifting.h:40): The input model contains a non-linear polynomial as transition: '(5 * ((r)^2 * (r+(-1))^2))/(1)'. Can not validate that parameter lifting is sound on this model.
 WARN (region.h:179): Could not validate whether parameter lifting is applicable. Please validate manually...
 WARN (RobustParameterLifter.cpp:53): Cannot use graph monotonicity in robust mode.
Result (initial states):  WARN (RegionRefinementCheckResult.cpp:117): Writing illustration of region check result to a stream is only implemented for two parameters.
  Fraction of satisfied area: 100%
Fraction of unsatisfied area: 0%
            Unknown fraction: 0%
     Total number of regions: 1
                      AllSat: 1


Time for model checking: 48.029s.


real	0m48.501s
user	0m48.474s
sys	0m0.028s
