{"constants": {}, "region_bound": 0.1, "prism": "herman11_pla.pm", "prop": {"type": "reward", "dir": "max", "label": "stable", "bound": 12.102003198757801}, "big_step": false, "use_robust_pla": true, "epsilon": 1e-05, "estimate_method": "delta", "splitting_strategy": "estimate", "splitting_threshold": 4, "simple": true}
Storm-pars 1.8.1

Date: Thu Oct 10 08:17:52 2024
Command line arguments: --prism /home/lheck/git/bigsteptest/testcases/herman/herman11_pla.pm -prop 'Rmax>=12.102003198757801 [F "stable"]' --mode partitioning --regionbound 0.1 --terminationCondition 0 '--regionverif:engine' robustpl '--minmax:method' vi -bisim --splitting-heuristic estimate --estimate-method delta --splitting-threshold 4
Current working directory: /home/lheck/git/bigsteptest

Time for model input parsing: 0.003s.

Time for model construction: 5.181s.

-------------------------------------------------------------- 
Model type: 	DTMC (sparse)
States: 	788290
Transitions: 	1096202
Reward Models:  steps
State Labels: 	3 labels
   * deadlock -> 0 item(s)
   * init -> 1 item(s)
   * stable -> 44 item(s)
Choice Labels: 	none
-------------------------------------------------------------- 

Time for model preprocessing: 0.827s.

-------------------------------------------------------------- 
Model type: 	DTMC (sparse)
States: 	40690
Transitions: 	61128
Reward Models:  steps
State Labels: 	2 labels
   * stable -> 1 item(s)
   * init -> 1 item(s)
Choice Labels: 	none
-------------------------------------------------------------- 

Analyzing parameter region 1/10<=p<=9/10; using Robust Parameter Lifting and splitting heuristic Estimate-Based with iterative refinement until 100% is covered.

Model checking property "1": Rmax>=12102003198757801/1000000000000000 [F "stable"] ...
 WARN (RobustParameterLifter.cpp:53): Cannot use graph monotonicity in robust mode.
Result (initial states):  WARN (RegionRefinementCheckResult.cpp:117): Writing illustration of region check result to a stream is only implemented for two parameters.
  Fraction of satisfied area: 100%
Fraction of unsatisfied area: 0%
            Unknown fraction: 0%
     Total number of regions: 9924
                      AllSat: 9924


Time for model checking: 480.167s.


real	8m6.250s
user	8m6.159s
sys	0m0.084s
