{"memory_bound": 1, "region_bound": 0, "constants": {"N": 2}, "pomdp": "newgrid.prism", "prop": {"type": "probability", "dir": "min", "label": "notbad U goal", "bound": 0.99964001520612}, "big_step": true, "use_robust_pla": true, "epsilon": 0.0001, "estimate_method": "delta", "splitting_strategy": "estimate", "splitting_threshold": 4, "simple": true, "additional_storm_args": "--not-graph-preserving"}
Storm-pars 1.8.1

Date: Thu Oct 10 14:41:25 2024
Command line arguments: --explicit-drn /home/lheck/git/bigsteptest/.build/testcases/grids/newgrid_probability_min_notbad_U_goal______N=2__40777b229e0c5ae6c593a3159e1566ef32abb0b9365d0c229a581986e9ff32cb_1.drn -prop 'Pmin<=0.99964001520612 ["notbad" U "goal"]' --big-step --mode partitioning --regionbound 0 --terminationCondition 0 '--regionverif:engine' robustpl '--minmax:method' vi -bisim --not-graph-preserving --splitting-heuristic estimate --estimate-method delta --splitting-threshold 4
Current working directory: /home/lheck/git/bigsteptest

Time for model construction: 0.003s.

-------------------------------------------------------------- 
Model type: 	DTMC (sparse)
States: 	39
Transitions: 	71
Reward Models:  (default)
State Labels: 	3 labels
   * goal -> 1 item(s)
   * notbad -> 38 item(s)
   * init -> 1 item(s)
Choice Labels: 	none
-------------------------------------------------------------- 

Time for model preprocessing: 0.001s.

-------------------------------------------------------------- 
Model type: 	DTMC (sparse)
States: 	47
Transitions: 	105
Reward Models:  none
State Labels: 	3 labels
   * notbad -> 46 item(s)
   * init -> 1 item(s)
   * goal -> 1 item(s)
Choice Labels: 	none
-------------------------------------------------------------- 

Analyzing parameter region 0<=p1_0<=1,0<=p4_0<=1,0<=p5_0<=1; using Robust Parameter Lifting and splitting heuristic Estimate-Based with iterative refinement until 100% is covered.

Model checking property "1": Pmin<=24991000380153/25000000000000 ["notbad" U "goal"] ...
 WARN (parameterlifting.h:40): The input model contains a non-linear polynomial as transition: '(-1/4 * (p1_0^2+(-1)*p1_0))/(1)'. Can not validate that parameter lifting is sound on this model.
 WARN (region.h:179): Could not validate whether parameter lifting is applicable. Please validate manually...
 WARN (RobustParameterLifter.cpp:53): Cannot use graph monotonicity in robust mode.
 WARN (SparseMatrix.cpp:233): Unordered insertion into matrix builder caused duplicate entries.
 WARN (SparseMatrix.cpp:233): Unordered insertion into matrix builder caused duplicate entries.
 WARN (SparseMatrix.cpp:233): Unordered insertion into matrix builder caused duplicate entries.
 WARN (SparseMatrix.cpp:233): Unordered insertion into matrix builder caused duplicate entries.
 WARN (SparseMatrix.cpp:233): Unordered insertion into matrix builder caused duplicate entries.
 WARN (SparseMatrix.cpp:233): Unordered insertion into matrix builder caused duplicate entries.
 WARN (SparseMatrix.cpp:233): Unordered insertion into matrix builder caused duplicate entries.
 WARN (SparseMatrix.cpp:233): Unordered insertion into matrix builder caused duplicate entries.
 WARN (SparseMatrix.cpp:233): Unordered insertion into matrix builder caused duplicate entries.
ERROR: The program received signal 15 and will be aborted in 3s.
Received signal 15

real	60m0.112s
user	59m58.438s
sys	0m1.584s
