{"memory_bound": 1, "region_bound": 0, "constants": {"K": 10}, "pomdp": "nrp.prism", "prop": {"type": "probability", "dir": "min", "label": "unfair", "bound": 0.1009999361882}, "big_step": true, "use_robust_pla": true, "epsilon": 0.01, "estimate_method": "delta", "splitting_strategy": "estimate", "splitting_threshold": 4, "simple": true, "additional_storm_args": "--not-graph-preserving", "region_interval": "0,0.8"}
Storm-pars 1.8.1

Date: Thu Oct 10 19:10:34 2024
Command line arguments: --explicit-drn /home/lheck/git/bigsteptest/.build/testcases/nrp/nrp_probability_min_unfair______K=10__afeb1e19b91f55c416c3616f61b61df069ee707067e01ee6f79bcef91972ef65_1.drn -prop 'Pmin<=0.1009999361882 [F "unfair"]' --big-step --mode partitioning --region '0<=p2_0<=0.8,0<=p7_0<=0.8,0<=p12_0<=0.8,0<=p17_0<=0.8,0<=p22_0<=0.8,0<=p27_0<=0.8,0<=p32_0<=0.8,0<=p37_0<=0.8,0<=p42_0<=0.8,0<=p47_0<=0.8' --terminationCondition 0 '--regionverif:engine' robustpl '--minmax:method' vi -bisim --not-graph-preserving --splitting-heuristic estimate --estimate-method delta --splitting-threshold 4
Current working directory: /home/lheck/git/bigsteptest

Time for model construction: 0.002s.

-------------------------------------------------------------- 
Model type: 	DTMC (sparse)
States: 	186
Transitions: 	250
Reward Models:  none
State Labels: 	2 labels
   * unfair -> 10 item(s)
   * init -> 1 item(s)
Choice Labels: 	none
-------------------------------------------------------------- 

Time for model preprocessing: 0.001s.

-------------------------------------------------------------- 
Model type: 	DTMC (sparse)
States: 	22
Transitions: 	50
Reward Models:  none
State Labels: 	2 labels
   * unfair -> 1 item(s)
   * init -> 1 item(s)
Choice Labels: 	none
-------------------------------------------------------------- 

Analyzing parameter region 0<=p2_0<=4/5,0<=p7_0<=4/5,0<=p12_0<=4/5,0<=p17_0<=4/5,0<=p22_0<=4/5,0<=p27_0<=4/5,0<=p32_0<=4/5,0<=p37_0<=4/5,0<=p42_0<=4/5,0<=p47_0<=4/5; using Robust Parameter Lifting and splitting heuristic Estimate-Based with iterative refinement until 100% is covered.

Model checking property "1": Pmin<=504999680941/5000000000000 [F "unfair"] ...
 WARN (RobustParameterLifter.cpp:53): Cannot use graph monotonicity in robust mode.
Result (initial states):  WARN (RegionRefinementCheckResult.cpp:117): Writing illustration of region check result to a stream is only implemented for two parameters.
  Fraction of satisfied area: 100%
Fraction of unsatisfied area: 0%
            Unknown fraction: 0%
     Total number of regions: 1
                      AllSat: 1


Time for model checking: 0.000s.


real	0m0.019s
user	0m0.012s
sys	0m0.007s
