{"region_bound": 0, "memory_bound": 1, "constants": {"N": 3}, "pomdp": "refuel.prism", "prop": {"type": "probability", "dir": "min", "label": "notbad U goal", "bound": 0.0864714529458824}, "big_step": true, "use_robust_pla": true, "epsilon": 1e-05, "estimate_method": "delta", "splitting_strategy": "estimate", "splitting_threshold": 4, "simple": true, "additional_storm_args": "--not-graph-preserving"}
Storm-pars 1.8.1

Date: Thu Oct 10 19:26:33 2024
Command line arguments: --explicit-drn /home/lheck/git/bigsteptest/.build/testcases/refuel/refuel_probability_min_notbad_U_goal______N=3__40777b229e0c5ae6c593a3159e1566ef32abb0b9365d0c229a581986e9ff32cb_1.drn -prop 'Pmin<=0.0864714529458824 ["notbad" U "goal"]' --big-step --mode partitioning --regionbound 0 --terminationCondition 0 '--regionverif:engine' robustpl '--minmax:method' vi -bisim --not-graph-preserving --splitting-heuristic estimate --estimate-method delta --splitting-threshold 4
Current working directory: /home/lheck/git/bigsteptest

Time for model construction: 0.005s.

-------------------------------------------------------------- 
Model type: 	DTMC (sparse)
States: 	72
Transitions: 	127
Reward Models:  costs, refuels, steps
State Labels: 	5 labels
   * goal -> 1 item(s)
   * traps -> 6 item(s)
   * stationvisit -> 17 item(s)
   * notbad -> 53 item(s)
   * init -> 1 item(s)
Choice Labels: 	none
-------------------------------------------------------------- 

Time for model preprocessing: 0.000s.

-------------------------------------------------------------- 
Model type: 	DTMC (sparse)
States: 	51
Transitions: 	96
Reward Models:  none
State Labels: 	5 labels
   * traps -> 6 item(s)
   * stationvisit -> 16 item(s)
   * notbad -> 43 item(s)
   * init -> 1 item(s)
   * goal -> 1 item(s)
Choice Labels: 	none
-------------------------------------------------------------- 

Analyzing parameter region 0<=p1_0<=1,0<=p2_0<=1,0<=p3_0<=1,0<=p12_0<=1,0<=p13_0<=1,0<=p14_0<=1,0<=p15_0<=1,0<=p16_0<=1,0<=p23_0<=1,0<=p25_0<=1,0<=p26_0<=1,0<=p27_0<=1,0<=p28_0<=1,0<=p29_0<=1,0<=p30_0<=1,0<=p31_0<=1,0<=p33_0<=1,0<=p35_0<=1; using Robust Parameter Lifting and splitting heuristic Estimate-Based with iterative refinement until 100% is covered.

Model checking property "1": Pmin<=108089316182353/1250000000000000 ["notbad" U "goal"] ...
 WARN (RobustParameterLifter.cpp:53): Cannot use graph monotonicity in robust mode.
ERROR (storm-pars.cpp:593): An unexpected exception occurred and caused Storm-pars to terminate. The message of this exception is: std::bad_alloc

real	5m32.737s
user	5m19.514s
sys	0m13.212s
