{"memory_bound": 1, "region_bound": 0, "constants": {}, "pomdp": "4x4grid-avoid.prism", "prop": {"type": "probability", "dir": "min", "label": "notbad U goal", "bound": 0.914771426436}, "big_step": false, "use_robust_pla": true, "epsilon": 0.01, "estimate_method": "delta", "splitting_strategy": "estimate", "splitting_threshold": 4, "simple": true, "additional_storm_args": "--not-graph-preserving", "region_interval": "0.2,1"}
Storm-pars 1.8.1

Date: Sun Oct 13 04:14:04 2024
Command line arguments: --explicit-drn /home/lheck/git/bigsteptest/build/testcases/grids/4x4grid-avoid_probability_min_notbad_U_goal________bc84d137e0e4865bde8a6e1c1b8d1b2de270980c6e8b3b56bfd1ee93f94fcb11_1.drn -prop 'Pmin<=0.914771426436 ["notbad" U "goal"]' --mode partitioning --region '0.2<=p1_0<=1,0.2<=p4_0<=1,0.2<=p5_0<=1' --terminationCondition 0 '--regionverif:engine' robustpl '--minmax:method' vi -bisim --not-graph-preserving --splitting-heuristic estimate --estimate-method delta --splitting-threshold 4
Current working directory: /home/lheck/git/bigsteptest

Time for model construction: 0.004s.

-------------------------------------------------------------- 
Model type: 	DTMC (sparse)
States: 	45
Transitions: 	100
Reward Models:  (default)
State Labels: 	4 labels
   * goal -> 1 item(s)
   * bad -> 1 item(s)
   * notbad -> 44 item(s)
   * init -> 1 item(s)
Choice Labels: 	none
-------------------------------------------------------------- 

Time for model preprocessing: 0.000s.

-------------------------------------------------------------- 
Model type: 	DTMC (sparse)
States: 	45
Transitions: 	100
Reward Models:  none
State Labels: 	4 labels
   * goal -> 1 item(s)
   * notbad -> 44 item(s)
   * init -> 1 item(s)
   * bad -> 1 item(s)
Choice Labels: 	none
-------------------------------------------------------------- 

Analyzing parameter region 1/5<=p1_0<=1,1/5<=p4_0<=1,1/5<=p5_0<=1; using Robust Parameter Lifting and splitting heuristic Estimate-Based with iterative refinement until 100% is covered.

Model checking property "1": Pmin<=228692856609/250000000000 ["notbad" U "goal"] ...
 WARN (RobustParameterLifter.cpp:53): Cannot use graph monotonicity in robust mode.
ERROR: The program received signal 15 and will be aborted in 3s.
Received signal 15

real	60m0.006s
user	59m59.551s
sys	0m0.396s
