{"memory_bound": 1, "region_bound": 0, "constants": {}, "pomdp": "4x4grid.prism", "prop": {"type": "reward", "dir": "max", "label": "goal", "bound": 6.0185647521000005}, "big_step": false, "use_robust_pla": true, "epsilon": 0.1, "estimate_method": "delta", "splitting_strategy": "estimate", "splitting_threshold": 4, "simple": true, "additional_storm_args": "--not-graph-preserving", "region_interval": "0,0.8"}
Storm-pars 1.8.1

Date: Sun Oct 13 04:26:23 2024
Command line arguments: --explicit-drn /home/lheck/git/bigsteptest/.build/testcases/grids/4x4grid_reward_max_goal________afeb1e19b91f55c416c3616f61b61df069ee707067e01ee6f79bcef91972ef65_1.drn -prop 'Rmax>=6.0185647521000005 [F "goal"]' --mode partitioning --region '0<=p1_0<=0.8,0<=p3_0<=0.8,0<=p4_0<=0.8' --terminationCondition 0 '--regionverif:engine' robustpl '--minmax:method' vi -bisim --not-graph-preserving --splitting-heuristic estimate --estimate-method delta --splitting-threshold 4
Current working directory: /home/lheck/git/bigsteptest

Time for model construction: 0.001s.

-------------------------------------------------------------- 
Model type: 	DTMC (sparse)
States: 	47
Transitions: 	106
Reward Models:  (default)
State Labels: 	2 labels
   * goal -> 1 item(s)
   * init -> 1 item(s)
Choice Labels: 	none
-------------------------------------------------------------- 

Time for model preprocessing: 0.000s.

-------------------------------------------------------------- 
Model type: 	DTMC (sparse)
States: 	47
Transitions: 	106
Reward Models:  (default)
State Labels: 	2 labels
   * init -> 1 item(s)
   * goal -> 1 item(s)
Choice Labels: 	none
-------------------------------------------------------------- 

Analyzing parameter region 0<=p1_0<=4/5,0<=p3_0<=4/5,0<=p4_0<=4/5; using Robust Parameter Lifting and splitting heuristic Estimate-Based with iterative refinement until 100% is covered.

Model checking property "1": Rmax>=12037129504200001/2000000000000000 [F "goal"] ...
 WARN (RobustParameterLifter.cpp:53): Cannot use graph monotonicity in robust mode.
Result (initial states):  WARN (RegionRefinementCheckResult.cpp:117): Writing illustration of region check result to a stream is only implemented for two parameters.
  Fraction of satisfied area: 100%
Fraction of unsatisfied area: 0%
            Unknown fraction: 0%
     Total number of regions: 22
                      AllSat: 22


Time for model checking: 0.005s.


real	0m0.020s
user	0m0.016s
sys	0m0.004s
