{"constants": {"CrowdSize": 20, "TotalRuns": 2}, "prism": "crowds.pm", "prop": {"type": "probability", "dir": "min", "label": "observeIGreater1", "bound": 0.004950744077905299}, "region_bound": 0, "big_step": true, "use_robust_pla": true, "epsilon": 0.0001, "estimate_method": "delta", "splitting_strategy": "estimate", "splitting_threshold": 4, "simple": true, "additional_storm_args": "--not-graph-preserving"}
Storm-pars 1.8.1

Date: Sun Oct 13 05:28:25 2024
Command line arguments: --prism /home/lheck/git/bigsteptest/testcases/crowds/crowds.pm -const 'CrowdSize=20,TotalRuns=2' -prop 'Pmin<=0.004950744077905299 [F "observeIGreater1"]' --big-step --mode partitioning --regionbound 0 --terminationCondition 0 '--regionverif:engine' robustpl '--minmax:method' vi -bisim --not-graph-preserving --splitting-heuristic estimate --estimate-method delta --splitting-threshold 4
Current working directory: /home/lheck/git/bigsteptest

Time for model input parsing: 0.004s.

Time for model construction: 0.033s.

-------------------------------------------------------------- 
Model type: 	DTMC (sparse)
States: 	3772
Transitions: 	13012
Reward Models:  none
State Labels: 	3 labels
   * deadlock -> 229 item(s)
   * init -> 1 item(s)
   * observeIGreater1 -> 2 item(s)
Choice Labels: 	none
-------------------------------------------------------------- 

Time for model preprocessing: 0.004s.

-------------------------------------------------------------- 
Model type: 	DTMC (sparse)
States: 	19
Transitions: 	33
Reward Models:  none
State Labels: 	3 labels
   * observeIGreater1 -> 1 item(s)
   * init -> 1 item(s)
   * deadlock -> 1 item(s)
Choice Labels: 	none
-------------------------------------------------------------- 

Analyzing parameter region 0<=pL<=1,0<=pK<=1; using Robust Parameter Lifting and splitting heuristic Estimate-Based with iterative refinement until 100% is covered.

Model checking property "1": Pmin<=4950744077905299/1000000000000000000 [F "observeIGreater1"] ...
 WARN (parameterlifting.h:40): The input model contains a non-linear polynomial as transition: '(pL^2)/(1)'. Can not validate that parameter lifting is sound on this model.
 WARN (region.h:179): Could not validate whether parameter lifting is applicable. Please validate manually...
 WARN (RobustParameterLifter.cpp:53): Cannot use graph monotonicity in robust mode.
ERROR (storm-pars.cpp:593): An unexpected exception occurred and caused Storm-pars to terminate. The message of this exception is: std::bad_alloc

real	18m46.500s
user	18m25.849s
sys	0m20.603s
