{"constants": {}, "region_bound": 1e-06, "prism": "herman9_pla.pm", "prop": {"type": "reward", "dir": "max", "label": "stable", "bound": 7.92095845362336}, "big_step": false, "use_robust_pla": true, "epsilon": 1e-05, "estimate_method": "delta", "splitting_strategy": "estimate", "splitting_threshold": 4, "simple": true}
Storm-pars 1.8.1

Date: Sat Oct 12 22:15:28 2024
Command line arguments: --prism /home/lheck/git/bigsteptest/testcases/herman/herman9_pla.pm -prop 'Rmax>=7.92095845362336 [F "stable"]' --mode partitioning --regionbound 1e-06 --terminationCondition 0 '--regionverif:engine' robustpl '--minmax:method' vi -bisim --splitting-heuristic estimate --estimate-method delta --splitting-threshold 4
Current working directory: /home/lheck/git/bigsteptest

Time for model input parsing: 0.002s.

Time for model construction: 0.517s.

-------------------------------------------------------------- 
Model type: 	DTMC (sparse)
States: 	86078
Transitions: 	119973
Reward Models:  steps
State Labels: 	3 labels
   * deadlock -> 0 item(s)
   * init -> 1 item(s)
   * stable -> 36 item(s)
Choice Labels: 	none
-------------------------------------------------------------- 

Time for model preprocessing: 0.067s.

-------------------------------------------------------------- 
Model type: 	DTMC (sparse)
States: 	8008
Transitions: 	12070
Reward Models:  steps
State Labels: 	2 labels
   * stable -> 1 item(s)
   * init -> 1 item(s)
Choice Labels: 	none
-------------------------------------------------------------- 

Analyzing parameter region 1/1000000<=p<=999999/1000000; using Robust Parameter Lifting and splitting heuristic Estimate-Based with iterative refinement until 100% is covered.

Model checking property "1": Rmax>=24752995167573/3125000000000 [F "stable"] ...
 WARN (RobustParameterLifter.cpp:53): Cannot use graph monotonicity in robust mode.
Result (initial states):  WARN (RegionRefinementCheckResult.cpp:117): Writing illustration of region check result to a stream is only implemented for two parameters.
  Fraction of satisfied area: 100%
Fraction of unsatisfied area: 0%
            Unknown fraction: 0%
     Total number of regions: 26020
                      AllSat: 26020


Time for model checking: 221.380s.


real	3m42.000s
user	3m41.963s
sys	0m0.032s
