{"constants": {}, "region_bound": 0, "prism": "herman_random_pass_speedreducer_2-5.pm", "prop": {"type": "reward", "dir": "max", "label": "stable", "bound": 2.55032310251394}, "big_step": true, "use_robust_pla": true, "epsilon": 1e-05, "estimate_method": "delta", "splitting_strategy": "estimate", "splitting_threshold": 4, "simple": true, "additional_storm_args": "--not-graph-preserving", "region_interval": "0.2,1"}
Storm-pars 1.8.1

Date: Sat Oct 12 23:07:20 2024
Command line arguments: --prism /home/lheck/git/bigsteptest/testcases/herman/herman_random_pass_speedreducer_2-5.pm -prop 'Rmax>=2.55032310251394 [F "stable"]' --big-step --mode partitioning --region '0.2<=r<=1,0.2<=p<=1,0.2<=q<=1' --terminationCondition 0 '--regionverif:engine' robustpl '--minmax:method' vi -bisim --not-graph-preserving --splitting-heuristic estimate --estimate-method delta --splitting-threshold 4
Current working directory: /home/lheck/git/bigsteptest

Time for model input parsing: 0.002s.

Time for model construction: 0.369s.

-------------------------------------------------------------- 
Model type: 	DTMC (sparse)
States: 	9155
Transitions: 	41942
Reward Models:  steps
State Labels: 	3 labels
   * deadlock -> 0 item(s)
   * init -> 1 item(s)
   * stable -> 320 item(s)
Choice Labels: 	none
-------------------------------------------------------------- 

Time for model preprocessing: 0.077s.

-------------------------------------------------------------- 
Model type: 	DTMC (sparse)
States: 	673
Transitions: 	2921
Reward Models:  steps
State Labels: 	3 labels
   * stable -> 1 item(s)
   * init -> 1 item(s)
   * deadlock -> 0 item(s)
Choice Labels: 	none
-------------------------------------------------------------- 

Analyzing parameter region 1/5<=q<=1,1/5<=r<=1,1/5<=p<=1; using Robust Parameter Lifting and splitting heuristic Estimate-Based with iterative refinement until 100% is covered.

Model checking property "1": Rmax>=127516155125697/50000000000000 [F "stable"] ...
 WARN (parameterlifting.h:40): The input model contains a non-linear polynomial as transition: '(5 * ((r)^2 * (r+(-1))^2))/(1)'. Can not validate that parameter lifting is sound on this model.
 WARN (region.h:179): Could not validate whether parameter lifting is applicable. Please validate manually...
 WARN (RobustParameterLifter.cpp:53): Cannot use graph monotonicity in robust mode.
ERROR: The program received signal ERROR: The program received signal 15 and will be aborted in 3s.
15 and will be aborted in 3s.
 WARN (TopologicalLinearEquationSolver.cpp:118): Topological solver aborted after analyzing 1/6 SCCs.
 WARN (TopologicalLinearEquationSolver.cpp:118): Topological solver aborted after analyzing 1/6 SCCs.
 WARN (TopologicalLinearEquationSolver.cpp:118): Topological solver aborted after analyzing 1/6 SCCs.
 WARN (TopologicalLinearEquationSolver.cpp:118): Topological solver aborted after analyzing 1/6 SCCs.
 WARN (TopologicalLinearEquationSolver.cpp:118): Topological solver aborted after analyzing 1/6 SCCs.
 WARN (TopologicalLinearEquationSolver.cpp:118): Topological solver aborted after analyzing 1/6 SCCs.
 WARN (TopologicalLinearEquationSolver.cpp:118): Topological solver aborted after analyzing 1/6 SCCs.
 WARN (TopologicalLinearEquationSolver.cpp:118): Topological solver aborted after analyzing 1/6 SCCs.
 WARN (TopologicalLinearEquationSolver.cpp:118): Topological solver aborted after analyzing 1/6 SCCs.
 WARN (TopologicalLinearEquationSolver.cpp:118): Topological solver aborted after analyzing 1/6 SCCs.
 WARN (TopologicalLinearEquationSolver.cpp:118): Topological solver aborted after analyzing 1/6 SCCs.
 WARN (TopologicalLinearEquationSolver.cpp:118): Topological solver aborted after analyzing 1/6 SCCs.
 WARN (TopologicalLinearEquationSolver.cpp:118): Topological solver aborted after analyzing 1/6 SCCs.
 WARN (TopologicalLinearEquationSolver.cpp:118): Topological solver aborted after analyzing 1/6 SCCs.
 WARN (TopologicalLinearEquationSolver.cpp:118): Topological solver aborted after analyzing 1/6 SCCs.
 WARN (TopologicalLinearEquationSolver.cpp:118): Topological solver aborted after analyzing 1/6 SCCs.
 WARN (TopologicalLinearEquationSolver.cpp:118): Topological solver aborted after analyzing 1/6 SCCs.
 WARN (TopologicalLinearEquationSolver.cpp:118): Topological solver aborted after analyzing 1/6 SCCs.
 WARN (TopologicalLinearEquationSolver.cpp:118): Topological solver aborted after analyzing 1/6 SCCs.
 WARN (TopologicalLinearEquationSolver.cpp:118): Topological solver aborted after analyzing 1/6 SCCs.
 WARN (TopologicalLinearEquationSolver.cpp:118): Topological solver aborted after analyzing 1/6 SCCs.
 WARN (TopologicalLinearEquationSolver.cpp:118): Topological solver aborted after analyzing 1/6 SCCs.
 WARN (TopologicalLinearEquationSolver.cpp:118): Topological solver aborted after analyzing 1/6 SCCs.
 WARN (TopologicalLinearEquationSolver.cpp:118): Topological solver aborted after analyzing 1/6 SCCs.
 WARN (TopologicalLinearEquationSolver.cpp:118): Topological solver aborted after analyzing 1/6 SCCs.
 WARN (TopologicalLinearEquationSolver.cpp:118): Topological solver aborted after analyzing 1/6 SCCs.
 WARN (TopologicalLinearEquationSolver.cpp:118): Topological solver aborted after analyzing 1/6 SCCs.
 WARN (TopologicalLinearEquationSolver.cpp:118): Topological solver aborted after analyzing 1/6 SCCs.
 WARN (TopologicalLinearEquationSolver.cpp:118): Topological solver aborted after analyzing 1/6 SCCs.
 WARN (TopologicalLinearEquationSolver.cpp:118): Topological solver aborted after analyzing 1/6 SCCs.
 WARN (TopologicalLinearEquationSolver.cpp:118): Topological solver aborted after analyzing 1/6 SCCs.
 WARN (TopologicalLinearEquationSolver.cpp:118): Topological solver aborted after analyzing 1/6 SCCs.
 WARN (TopologicalLinearEquationSolver.cpp:118): Topological solver aborted after analyzing 1/6 SCCs.
 WARN (TopologicalLinearEquationSolver.cpp:118): Topological solver aborted after analyzing 1/6 SCCs.
 WARN (TopologicalLinearEquationSolver.cpp:118): Topological solver aborted after analyzing 1/6 SCCs.
 WARN (TopologicalLinearEquationSolver.cpp:118): Topological solver aborted after analyzing 1/6 SCCs.
 WARN (TopologicalLinearEquationSolver.cpp:118): Topological solver aborted after analyzing 1/6 SCCs.
 WARN (TopologicalLinearEquationSolver.cpp:118): Topological solver aborted after analyzing 1/6 SCCs.
 WARN (TopologicalLinearEquationSolver.cpp:118): Topological solver aborted after analyzing 1/6 SCCs.
 WARN (TopologicalLinearEquationSolver.cpp:118): Topological solver aborted after analyzing 1/6 SCCs.
 WARN (TopologicalLinearEquationSolver.cpp:118): Topological solver aborted after analyzing 1/6 SCCs.
 WARN (TopologicalLinearEquationSolver.cpp:118): Topological solver aborted after analyzing 1/6 SCCs.
 WARN (TopologicalLinearEquationSolver.cpp:118): Topological solver aborted after analyzing 1/6 SCCs.
 WARN (TopologicalLinearEquationSolver.cpp:118): Topological solver aborted after analyzing 1/6 SCCs.
 WARN (TopologicalLinearEquationSolver.cpp:118): Topological solver aborted after analyzing 1/6 SCCs.
 WARN (TopologicalLinearEquationSolver.cpp:118): Topological solver aborted after analyzing 1/6 SCCs.
 WARN (TopologicalLinearEquationSolver.cpp:118): Topological solver aborted after analyzing 1/6 SCCs.
 WARN (TopologicalLinearEquationSolver.cpp:118): Topological solver aborted after analyzing 1/6 SCCs.
 WARN (TopologicalLinearEquationSolver.cpp:118): Topological solver aborted after analyzing 1/6 SCCs.
 WARN (TopologicalLinearEquationSolver.cpp:118): Topological solver aborted after analyzing 1/6 SCCs.
 WARN (TopologicalLinearEquationSolver.cpp:118): Topological solver aborted after analyzing 1/6 SCCs.
 WARN (TopologicalLinearEquationSolver.cpp:118): Topological solver aborted after analyzing 1/6 SCCs.
 WARN (TopologicalLinearEquationSolver.cpp:118): Topological solver aborted after analyzing 1/6 SCCs.
 WARN (TopologicalLinearEquationSolver.cpp:118): Topological solver aborted after analyzing 1/6 SCCs.
 WARN (TopologicalLinearEquationSolver.cpp:118): Topological solver aborted after analyzing 1/6 SCCs.
 WARN (TopologicalLinearEquationSolver.cpp:118): Topological solver aborted after analyzing 1/6 SCCs.
 WARN (TopologicalLinearEquationSolver.cpp:118): Topological solver aborted after analyzing 1/6 SCCs.
 WARN (TopologicalLinearEquationSolver.cpp:118): Topological solver aborted after analyzing 1/6 SCCs.
 WARN (TopologicalLinearEquationSolver.cpp:118): Topological solver aborted after analyzing 1/6 SCCs.
 WARN (TopologicalLinearEquationSolver.cpp:118): Topological solver aborted after analyzing 1/6 SCCs.
 WARN (TopologicalLinearEquationSolver.cpp:118): Topological solver aborted after analyzing 1/6 SCCs.
 WARN (TopologicalLinearEquationSolver.cpp:118): Topological solver aborted after analyzing 1/6 SCCs.
 WARN (TopologicalLinearEquationSolver.cpp:118): Topological solver aborted after analyzing 1/6 SCCs.
 WARN (TopologicalLinearEquationSolver.cpp:118): Topological solver aborted after analyzing 1/6 SCCs.
 WARN (TopologicalLinearEquationSolver.cpp:118): Topological solver aborted after analyzing 1/6 SCCs.
 WARN (TopologicalLinearEquationSolver.cpp:118): Topological solver aborted after analyzing 1/6 SCCs.
 WARN (TopologicalLinearEquationSolver.cpp:118): Topological solver aborted after analyzing 1/6 SCCs.
 WARN (TopologicalLinearEquationSolver.cpp:118): Topological solver aborted after analyzing 1/6 SCCs.
 WARN (TopologicalLinearEquationSolver.cpp:118): Topological solver aborted after analyzing 1/6 SCCs.
 WARN (TopologicalLinearEquationSolver.cpp:118): Topological solver aborted after analyzing 1/6 SCCs.
 WARN (TopologicalLinearEquationSolver.cpp:118): Topological solver aborted after analyzing 1/6 SCCs.
 WARN (TopologicalLinearEquationSolver.cpp:118): Topological solver aborted after analyzing 1/6 SCCs.
 WARN (TopologicalLinearEquationSolver.cpp:118): Topological solver aborted after analyzing 1/6 SCCs.
 WARN (TopologicalLinearEquationSolver.cpp:118): Topological solver aborted after analyzing 1/6 SCCs.
 WARN (TopologicalLinearEquationSolver.cpp:118): Topological solver aborted after analyzing 1/6 SCCs.
 WARN (TopologicalLinearEquationSolver.cpp:118): Topological solver aborted after analyzing 1/6 SCCs.
 WARN (TopologicalLinearEquationSolver.cpp:118): Topological solver aborted after analyzing 1/6 SCCs.
 WARN (TopologicalLinearEquationSolver.cpp:118): Topological solver aborted after analyzing 1/6 SCCs.
 WARN (TopologicalLinearEquationSolver.cpp:118): Topological solver aborted after analyzing 1/6 SCCs.
 WARN (TopologicalLinearEquationSolver.cpp:118): Topological solver aborted after analyzing 1/6 SCCs.
 WARN (TopologicalLinearEquationSolver.cpp:118): Topological solver aborted after analyzing 1/6 SCCs.
 WARN (TopologicalLinearEquationSolver.cpp:118): Topological solver aborted after analyzing 1/6 SCCs.
 WARN (TopologicalLinearEquationSolver.cpp:118): Topological solver aborted after analyzing 1/6 SCCs.
 WARN (TopologicalLinearEquationSolver.cpp:118): Topological solver aborted after analyzing 1/6 SCCs.
 WARN (TopologicalLinearEquationSolver.cpp:118): Topological solver aborted after analyzing 1/6 SCCs.
 WARN (TopologicalLinearEquationSolver.cpp:118): Topological solver aborted after analyzing 1/6 SCCs.
 WARN (TopologicalLinearEquationSolver.cpp:118): Topological solver aborted after analyzing 1/6 SCCs.
 WARN (TopologicalLinearEquationSolver.cpp:118): Topological solver aborted after analyzing 1/6 SCCs.
 WARN (TopologicalLinearEquationSolver.cpp:118): Topological solver aborted after analyzing 1/6 SCCs.
 WARN (TopologicalLinearEquationSolver.cpp:118): Topological solver aborted after analyzing 1/6 SCCs.
 WARN (TopologicalLinearEquationSolver.cpp:118): Topological solver aborted after analyzing 1/6 SCCs.
 WARN (TopologicalLinearEquationSolver.cpp:118): Topological solver aborted after analyzing 1/6 SCCs.
 WARN (TopologicalLinearEquationSolver.cpp:118): Topological solver aborted after analyzing 1/6 SCCs.
 WARN (TopologicalLinearEquationSolver.cpp:118): Topological solver aborted after analyzing 1/6 SCCs.
 WARN (TopologicalLinearEquationSolver.cpp:118): Topological solver aborted after analyzing 1/6 SCCs.
 WARN (TopologicalLinearEquationSolver.cpp:118): Topological solver aborted after analyzing 1/6 SCCs.
 WARN (TopologicalLinearEquationSolver.cpp:118): Topological solver aborted after analyzing 1/6 SCCs.
 WARN (TopologicalLinearEquationSolver.cpp:118): Topological solver aborted after analyzing 1/6 SCCs.
 WARN (TopologicalLinearEquationSolver.cpp:118): Topological solver aborted after analyzing 1/6 SCCs.
 WARN (TopologicalLinearEquationSolver.cpp:118): Topological solver aborted after analyzing 1/6 SCCs.
 WARN (TopologicalLinearEquationSolver.cpp:118): Topological solver aborted after analyzing 1/6 SCCs.
 WARN (TopologicalLinearEquationSolver.cpp:118): Topological solver aborted after analyzing 1/6 SCCs.
 WARN (TopologicalLinearEquationSolver.cpp:118): Topological solver aborted after analyzing 1/6 SCCs.
 WARN (TopologicalLinearEquationSolver.cpp:118): Topological solver aborted after analyzing 1/6 SCCs.
 WARN (TopologicalLinearEquationSolver.cpp:118): Topological solver aborted after analyzing 1/6 SCCs.
 WARN (TopologicalLinearEquationSolver.cpp:118): Topological solver aborted after analyzing 1/6 SCCs.
 WARN (TopologicalLinearEquationSolver.cpp:118): Topological solver aborted after analyzing 1/6 SCCs.
 WARN (TopologicalLinearEquationSolver.cpp:118): Topological solver aborted after analyzing 1/6 SCCs.
 WARN (TopologicalLinearEquationSolver.cpp:118): Topological solver aborted after analyzing 1/6 SCCs.
 WARN (TopologicalLinearEquationSolver.cpp:118): Topological solver aborted after analyzing 1/6 SCCs.
 WARN (TopologicalLinearEquationSolver.cpp:118): Topological solver aborted after analyzing 1/6 SCCs.
 WARN (TopologicalLinearEquationSolver.cpp:118): Topological solver aborted after analyzing 1/6 SCCs.
 WARN (TopologicalLinearEquationSolver.cpp:118): Topological solver aborted after analyzing 1/6 SCCs.
 WARN (TopologicalLinearEquationSolver.cpp:118): Topological solver aborted after analyzing 1/6 SCCs.
 WARN (TopologicalLinearEquationSolver.cpp:118): Topological solver aborted after analyzing 1/6 SCCs.
 WARN (TopologicalLinearEquationSolver.cpp:118): Topological solver aborted after analyzing 1/6 SCCs.
 WARN (TopologicalLinearEquationSolver.cpp:118): Topological solver aborted after analyzing 1/6 SCCs.
 WARN (TopologicalLinearEquationSolver.cpp:118): Topological solver aborted after analyzing 1/6 SCCs.
 WARN (TopologicalLinearEquationSolver.cpp:118): Topological solver aborted after analyzing 1/6 SCCs.
 WARN (TopologicalLinearEquationSolver.cpp:118): Topological solver aborted after analyzing 1/6 SCCs.
 WARN (TopologicalLinearEquationSolver.cpp:118): Topological solver aborted after analyzing 1/6 SCCs.
 WARN (TopologicalLinearEquationSolver.cpp:118): Topological solver aborted after analyzing 1/6 SCCs.
 WARN (TopologicalLinearEquationSolver.cpp:118): Topological solver aborted after analyzing 1/6 SCCs.
 WARN (TopologicalLinearEquationSolver.cpp:118): Topological solver aborted after analyzing 1/6 SCCs.
 WARN (TopologicalLinearEquationSolver.cpp:118): Topological solver aborted after analyzing 1/6 SCCs.
 WARN (TopologicalLinearEquationSolver.cpp:118): Topological solver aborted after analyzing 1/6 SCCs.
 WARN (TopologicalLinearEquationSolver.cpp:118): Topological solver aborted after analyzing 1/6 SCCs.
 WARN (TopologicalLinearEquationSolver.cpp:118): Topological solver aborted after analyzing 1/6 SCCs.
 WARN (TopologicalLinearEquationSolver.cpp:118): Topological solver aborted after analyzing 1/6 SCCs.
 WARN (TopologicalLinearEquationSolver.cpp:118): Topological solver aborted after analyzing 1/6 SCCs.
 WARN (TopologicalLinearEquationSolver.cpp:118): Topological solver aborted after analyzing 1/6 SCCs.
 WARN (TopologicalLinearEquationSolver.cpp:118): Topological solver aborted after analyzing 1/6 SCCs.
 WARN (TopologicalLinearEquationSolver.cpp:118): Topological solver aborted after analyzing 1/6 SCCs.
 WARN (TopologicalLinearEquationSolver.cpp:118): Topological solver aborted after analyzing 1/6 SCCs.
 WARN (TopologicalLinearEquationSolver.cpp:118): Topological solver aborted after analyzing 1/6 SCCs.
 WARN (TopologicalLinearEquationSolver.cpp:118): Topological solver aborted after analyzing 1/6 SCCs.
 WARN (TopologicalLinearEquationSolver.cpp:118): Topological solver aborted after analyzing 1/6 SCCs.
 WARN (TopologicalLinearEquationSolver.cpp:118): Topological solver aborted after analyzing 1/6 SCCs.
 WARN (TopologicalLinearEquationSolver.cpp:118): Topological solver aborted after analyzing 1/6 SCCs.
 WARN (TopologicalLinearEquationSolver.cpp:118): Topological solver aborted after analyzing 1/6 SCCs.
 WARN (TopologicalLinearEquationSolver.cpp:118): Topological solver aborted after analyzing 1/6 SCCs.
 WARN (TopologicalLinearEquationSolver.cpp:118): Topological solver aborted after analyzing 1/6 SCCs.
 WARN (TopologicalLinearEquationSolver.cpp:118): Topological solver aborted after analyzing 1/6 SCCs.
 WARN (TopologicalLinearEquationSolver.cpp:118): Topological solver aborted after analyzing 1/6 SCCs.
 WARN (TopologicalLinearEquationSolver.cpp:118): Topological solver aborted after analyzing 1/6 SCCs.
 WARN (TopologicalLinearEquationSolver.cpp:118): Topological solver aborted after analyzing 1/6 SCCs.
 WARN (TopologicalLinearEquationSolver.cpp:118): Topological solver aborted after analyzing 1/6 SCCs.
 WARN (TopologicalLinearEquationSolver.cpp:118): Topological solver aborted after analyzing 1/6 SCCs.
 WARN (TopologicalLinearEquationSolver.cpp:118): Topological solver aborted after analyzing 1/6 SCCs.
 WARN (TopologicalLinearEquationSolver.cpp:118): Topological solver aborted after analyzing 1/6 SCCs.
 WARN (TopologicalLinearEquationSolver.cpp:118): Topological solver aborted after analyzing 1/6 SCCs.
 WARN (TopologicalLinearEquationSolver.cpp:118): Topological solver aborted after analyzing 1/6 SCCs.
 WARN (TopologicalLinearEquationSolver.cpp:118): Topological solver aborted after analyzing 1/6 SCCs.
 WARN (TopologicalLinearEquationSolver.cpp:118): Topological solver aborted after analyzing 1/6 SCCs.
 WARN (TopologicalLinearEquationSolver.cpp:118): Topological solver aborted after analyzing 1/6 SCCs.
 WARN (TopologicalLinearEquationSolver.cpp:118): Topological solver aborted after analyzing 1/6 SCCs.
 WARN (TopologicalLinearEquationSolver.cpp:118): Topological solver aborted after analyzing 1/6 SCCs.
 WARN (TopologicalLinearEquationSolver.cpp:118): Topological solver aborted after analyzing 1/6 SCCs.
 WARN (TopologicalLinearEquationSolver.cpp:118): Topological solver aborted after analyzing 1/6 SCCs.
 WARN (TopologicalLinearEquationSolver.cpp:118): Topological solver aborted after analyzing 1/6 SCCs.
 WARN (TopologicalLinearEquationSolver.cpp:118): Topological solver aborted after analyzing 1/6 SCCs.
 WARN (TopologicalLinearEquationSolver.cpp:118): Topological solver aborted after analyzing 1/6 SCCs.
 WARN (TopologicalLinearEquationSolver.cpp:118): Topological solver aborted after analyzing 1/6 SCCs.
 WARN (TopologicalLinearEquationSolver.cpp:118): Topological solver aborted after analyzing 1/6 SCCs.
 WARN (TopologicalLinearEquationSolver.cpp:118): Topological solver aborted after analyzing 1/6 SCCs.
 WARN (TopologicalLinearEquationSolver.cpp:118): Topological solver aborted after analyzing 1/6 SCCs.
 WARN (TopologicalLinearEquationSolver.cpp:118): Topological solver aborted after analyzing 1/6 SCCs.
 WARN (TopologicalLinearEquationSolver.cpp:118): Topological solver aborted after analyzing 1/6 SCCs.
 WARN (TopologicalLinearEquationSolver.cpp:118): Topological solver aborted after analyzing 1/6 SCCs.
 WARN (TopologicalLinearEquationSolver.cpp:118): Topological solver aborted after analyzing 1/6 SCCs.
 WARN (TopologicalLinearEquationSolver.cpp:118): Topological solver aborted after analyzing 1/6 SCCs.
 WARN (TopologicalLinearEquationSolver.cpp:118): Topological solver aborted after analyzing 1/6 SCCs.
 WARN (TopologicalLinearEquationSolver.cpp:118): Topological solver aborted after analyzing 1/6 SCCs.
 WARN (TopologicalLinearEquationSolver.cpp:118): Topological solver aborted after analyzing 1/6 SCCs.
 WARN (TopologicalLinearEquationSolver.cpp:118): Topological solver aborted after analyzing 1/6 SCCs.
 WARN (TopologicalLinearEquationSolver.cpp:118): Topological solver aborted after analyzing 1/6 SCCs.
 WARN (TopologicalLinearEquationSolver.cpp:118): Topological solver aborted after analyzing 1/6 SCCs.
 WARN (TopologicalLinearEquationSolver.cpp:118): Topological solver aborted after analyzing 1/6 SCCs.
 WARN (TopologicalLinearEquationSolver.cpp:118): Topological solver aborted after analyzing 1/6 SCCs.
 WARN (TopologicalLinearEquationSolver.cpp:118): Topological solver aborted after analyzing 1/6 SCCs.
 WARN (TopologicalLinearEquationSolver.cpp:118): Topological solver aborted after analyzing 1/6 SCCs.
 WARN (TopologicalLinearEquationSolver.cpp:118): Topological solver aborted after analyzing 1/6 SCCs.
 WARN (TopologicalLinearEquationSolver.cpp:118): Topological solver aborted after analyzing 1/6 SCCs.
 WARN (TopologicalLinearEquationSolver.cpp:118): Topological solver aborted after analyzing 1/6 SCCs.
 WARN (TopologicalLinearEquationSolver.cpp:118): Topological solver aborted after analyzing 1/6 SCCs.
 WARN (TopologicalLinearEquationSolver.cpp:118): Topological solver aborted after analyzing 1/6 SCCs.
 WARN (TopologicalLinearEquationSolver.cpp:118): Topological solver aborted after analyzing 1/6 SCCs.
 WARN (TopologicalLinearEquationSolver.cpp:118): Topological solver aborted after analyzing 1/6 SCCs.
 WARN (TopologicalLinearEquationSolver.cpp:118): Topological solver aborted after analyzing 1/6 SCCs.
 WARN (TopologicalLinearEquationSolver.cpp:118): Topological solver aborted after analyzing 1/6 SCCs.
 WARN (TopologicalLinearEquationSolver.cpp:118): Topological solver aborted after analyzing 1/6 SCCs.
 WARN (TopologicalLinearEquationSolver.cpp:118): Topological solver aborted after analyzing 1/6 SCCs.
 WARN (TopologicalLinearEquationSolver.cpp:118): Topological solver aborted after analyzing 1/6 SCCs.
 WARN (TopologicalLinearEquationSolver.cpp:118): Topological solver aborted after analyzing 1/6 SCCs.
 WARN (TopologicalLinearEquationSolver.cpp:118): Topological solver aborted after analyzing 1/6 SCCs.
 WARN (TopologicalLinearEquationSolver.cpp:118): Topological solver aborted after analyzing 1/6 SCCs.
 WARN (TopologicalLinearEquationSolver.cpp:118): Topological solver aborted after analyzing 1/6 SCCs.
 WARN (TopologicalLinearEquationSolver.cpp:118): Topological solver aborted after analyzing 1/6 SCCs.
 WARN (TopologicalLinearEquationSolver.cpp:118): Topological solver aborted after analyzing 1/6 SCCs.
 WARN (TopologicalLinearEquationSolver.cpp:118): Topological solver aborted after analyzing 1/6 SCCs.
 WARN (TopologicalLinearEquationSolver.cpp:118): Topological solver aborted after analyzing 1/6 SCCs.
 WARN (TopologicalLinearEquationSolver.cpp:118): Topological solver aborted after analyzing 1/6 SCCs.
 WARN (TopologicalLinearEquationSolver.cpp:118): Topological solver aborted after analyzing 1/6 SCCs.
 WARN (TopologicalLinearEquationSolver.cpp:118): Topological solver aborted after analyzing 1/6 SCCs.
 WARN (TopologicalLinearEquationSolver.cpp:118): Topological solver aborted after analyzing 1/6 SCCs.
 WARN (TopologicalLinearEquationSolver.cpp:118): Topological solver aborted after analyzing 1/6 SCCs.
 WARN (TopologicalLinearEquationSolver.cpp:118): Topological solver aborted after analyzing 1/6 SCCs.
 WARN (TopologicalLinearEquationSolver.cpp:118): Topological solver aborted after analyzing 1/6 SCCs.
 WARN (TopologicalLinearEquationSolver.cpp:118): Topological solver aborted after analyzing 1/6 SCCs.
 WARN (TopologicalLinearEquationSolver.cpp:118): Topological solver aborted after analyzing 1/6 SCCs.
 WARN (TopologicalLinearEquationSolver.cpp:118): Topological solver aborted after analyzing 1/6 SCCs.
 WARN (TopologicalLinearEquationSolver.cpp:118): Topological solver aborted after analyzing 1/6 SCCs.
 WARN (TopologicalLinearEquationSolver.cpp:118): Topological solver aborted after analyzing 1/6 SCCs.
 WARN (TopologicalLinearEquationSolver.cpp:118): Topological solver aborted after analyzing 1/6 SCCs.
 WARN (TopologicalLinearEquationSolver.cpp:118): Topological solver aborted after analyzing 1/6 SCCs.
 WARN (TopologicalLinearEquationSolver.cpp:118): Topological solver aborted after analyzing 1/6 SCCs.
 WARN (TopologicalLinearEquationSolver.cpp:118): Topological solver aborted after analyzing 1/6 SCCs.
 WARN (TopologicalLinearEquationSolver.cpp:118): Topological solver aborted after analyzing 1/6 SCCs.
 WARN (TopologicalLinearEquationSolver.cpp:118): Topological solver aborted after analyzing 1/6 SCCs.
 WARN (TopologicalLinearEquationSolver.cpp:118): Topological solver aborted after analyzing 1/6 SCCs.
 WARN (TopologicalLinearEquationSolver.cpp:118): Topological solver aborted after analyzing 1/6 SCCs.
 WARN (TopologicalLinearEquationSolver.cpp:118): Topological solver aborted after analyzing 1/6 SCCs.
 WARN (TopologicalLinearEquationSolver.cpp:118): Topological solver aborted after analyzing 1/6 SCCs.
 WARN (TopologicalLinearEquationSolver.cpp:118): Topological solver aborted after analyzing 1/6 SCCs.
 WARN (TopologicalLinearEquationSolver.cpp:118): Topological solver aborted after analyzing 1/6 SCCs.
 WARN (TopologicalLinearEquationSolver.cpp:118): Topological solver aborted after analyzing 1/6 SCCs.
 WARN (TopologicalLinearEquationSolver.cpp:118): Topological solver aborted after analyzing 1/6 SCCs.
 WARN (TopologicalLinearEquationSolver.cpp:118): Topological solver aborted after analyzing 1/6 SCCs.
 WARN (TopologicalLinearEquationSolver.cpp:118): Topological solver aborted after analyzing 1/6 SCCs.
 WARN (TopologicalLinearEquationSolver.cpp:118): Topological solver aborted after analyzing 1/6 SCCs.
 WARN (TopologicalLinearEquationSolver.cpp:118): Topological solver aborted after analyzing 1/6 SCCs.
 WARN (TopologicalLinearEquationSolver.cpp:118): Topological solver aborted after analyzing 1/6 SCCs.
 WARN (TopologicalLinearEquationSolver.cpp:118): Topological solver aborted after analyzing 1/6 SCCs.
 WARN (TopologicalLinearEquationSolver.cpp:118): Topological solver aborted after analyzing 1/6 SCCs.
 WARN (TopologicalLinearEquationSolver.cpp:118): Topological solver aborted after analyzing 1/6 SCCs.
 WARN (TopologicalLinearEquationSolver.cpp:118): Topological solver aborted after analyzing 1/6 SCCs.
 WARN (TopologicalLinearEquationSolver.cpp:118): Topological solver aborted after analyzing 1/6 SCCs.
 WARN (TopologicalLinearEquationSolver.cpp:118): Topological solver aborted after analyzing 1/6 SCCs.
 WARN (TopologicalLinearEquationSolver.cpp:118): Topological solver aborted after analyzing 1/6 SCCs.
 WARN (TopologicalLinearEquationSolver.cpp:118): Topological solver aborted after analyzing 1/6 SCCs.
 WARN (TopologicalLinearEquationSolver.cpp:118): Topological solver aborted after analyzing 1/6 SCCs.
 WARN (TopologicalLinearEquationSolver.cpp:118): Topological solver aborted after analyzing 1/6 SCCs.
 WARN (TopologicalLinearEquationSolver.cpp:118): Topological solver aborted after analyzing 1/6 SCCs.
 WARN (TopologicalLinearEquationSolver.cpp:118): Topological solver aborted after analyzing 1/6 SCCs.
 WARN (TopologicalLinearEquationSolver.cpp:118): Topological solver aborted after analyzing 1/6 SCCs.
 WARN (TopologicalLinearEquationSolver.cpp:118): Topological solver aborted after analyzing 1/6 SCCs.
 WARN (TopologicalLinearEquationSolver.cpp:118): Topological solver aborted after analyzing 1/6 SCCs.
 WARN (TopologicalLinearEquationSolver.cpp:118): Topological solver aborted after analyzing 1/6 SCCs.
 WARN (TopologicalLinearEquationSolver.cpp:118): Topological solver aborted after analyzing 1/6 SCCs.
 WARN (TopologicalLinearEquationSolver.cpp:118): Topological solver aborted after analyzing 1/6 SCCs.
 WARN (TopologicalLinearEquationSolver.cpp:118): Topological solver aborted after analyzing 1/6 SCCs.
 WARN (TopologicalLinearEquationSolver.cpp:118): Topological solver aborted after analyzing 1/6 SCCs.
 WARN (TopologicalLinearEquationSolver.cpp:118): Topological solver aborted after analyzing 1/6 SCCs.
 WARN (TopologicalLinearEquationSolver.cpp:118): Topological solver aborted after analyzing 1/6 SCCs.
 WARN (TopologicalLinearEquationSolver.cpp:118): Topological solver aborted after analyzing 1/6 SCCs.
 WARN (TopologicalLinearEquationSolver.cpp:118): Topological solver aborted after analyzing 1/6 SCCs.
 WARN (TopologicalLinearEquationSolver.cpp:118): Topological solver aborted after analyzing 1/6 SCCs.
 WARN (TopologicalLinearEquationSolver.cpp:118): Topological solver aborted after analyzing 1/6 SCCs.
 WARN (TopologicalLinearEquationSolver.cpp:118): Topological solver aborted after analyzing 1/6 SCCs.
 WARN (TopologicalLinearEquationSolver.cpp:118): Topological solver aborted after analyzing 1/6 SCCs.
 WARN (TopologicalLinearEquationSolver.cpp:118): Topological solver aborted after analyzing 1/6 SCCs.
 WARN (TopologicalLinearEquationSolver.cpp:118): Topological solver aborted after analyzing 1/6 SCCs.
 WARN (TopologicalLinearEquationSolver.cpp:118): Topological solver aborted after analyzing 1/6 SCCs.
 WARN (TopologicalLinearEquationSolver.cpp:118): Topological solver aborted after analyzing 1/6 SCCs.
 WARN (TopologicalLinearEquationSolver.cpp:118): Topological solver aborted after analyzing 1/6 SCCs.
 WARN (TopologicalLinearEquationSolver.cpp:118): Topological solver aborted after analyzing 1/6 SCCs.
 WARN (TopologicalLinearEquationSolver.cpp:118): Topological solver aborted after analyzing 1/6 SCCs.
 WARN (TopologicalLinearEquationSolver.cpp:118): Topological solver aborted after analyzing 1/6 SCCs.
 WARN (TopologicalLinearEquationSolver.cpp:118): Topological solver aborted after analyzing 1/6 SCCs.
 WARN (TopologicalLinearEquationSolver.cpp:118): Topological solver aborted after analyzing 1/6 SCCs.
 WARN (TopologicalLinearEquationSolver.cpp:118): Topological solver aborted after analyzing 1/6 SCCs.
 WARN (TopologicalLinearEquationSolver.cpp:118): Topological solver aborted after analyzing 1/6 SCCs.
 WARN (TopologicalLinearEquationSolver.cpp:118): Topological solver aborted after analyzing 1/6 SCCs.
 WARN (TopologicalLinearEquationSolver.cpp:118): Topological solver aborted after analyzing 1/6 SCCs.
 WARN (TopologicalLinearEquationSolver.cpp:118): Topological solver aborted after analyzing 1/6 SCCs.
 WARN (TopologicalLinearEquationSolver.cpp:118): Topological solver aborted after analyzing 1/6 SCCs.
 WARN (TopologicalLinearEquationSolver.cpp:118): Topological solver aborted after analyzing 1/6 SCCs.
 WARN (TopologicalLinearEquationSolver.cpp:118): Topological solver aborted after analyzing 1/6 SCCs.
 WARN (TopologicalLinearEquationSolver.cpp:118): Topological solver aborted after analyzing 1/6 SCCs.
 WARN (TopologicalLinearEquationSolver.cpp:118): Topological solver aborted after analyzing 1/6 SCCs.
 WARN (TopologicalLinearEquationSolver.cpp:118): Topological solver aborted after analyzing 1/6 SCCs.
 WARN (TopologicalLinearEquationSolver.cpp:118): Topological solver aborted after analyzing 1/6 SCCs.
 WARN (TopologicalLinearEquationSolver.cpp:118): Topological solver aborted after analyzing 1/6 SCCs.
 WARN (TopologicalLinearEquationSolver.cpp:118): Topological solver aborted after analyzing 1/6 SCCs.
 WARN (TopologicalLinearEquationSolver.cpp:118): Topological solver aborted after analyzing 1/6 SCCs.
 WARN (TopologicalLinearEquationSolver.cpp:118): Topological solver aborted after analyzing 1/6 SCCs.
 WARN (TopologicalLinearEquationSolver.cpp:118): Topological solver aborted after analyzing 1/6 SCCs.
 WARN (TopologicalLinearEquationSolver.cpp:118): Topological solver aborted after analyzing 1/6 SCCs.
 WARN (TopologicalLinearEquationSolver.cpp:118): Topological solver aborted after analyzing 1/6 SCCs.
 WARN (TopologicalLinearEquationSolver.cpp:118): Topological solver aborted after analyzing 1/6 SCCs.
 WARN (TopologicalLinearEquationSolver.cpp:118): Topological solver aborted after analyzing 1/6 SCCs.
 WARN (TopologicalLinearEquationSolver.cpp:118): Topological solver aborted after analyzing 1/6 SCCs.
 WARN (TopologicalLinearEquationSolver.cpp:118): Topological solver aborted after analyzing 1/6 SCCs.
 WARN (TopologicalLinearEquationSolver.cpp:118): Topological solver aborted after analyzing 1/6 SCCs.
 WARN (TopologicalLinearEquationSolver.cpp:118): Topological solver aborted after analyzing 1/6 SCCs.
 WARN (TopologicalLinearEquationSolver.cpp:118): Topological solver aborted after analyzing 1/6 SCCs.
 WARN (TopologicalLinearEquationSolver.cpp:118): Topological solver aborted after analyzing 1/6 SCCs.
 WARN (TopologicalLinearEquationSolver.cpp:118): Topological solver aborted after analyzing 1/6 SCCs.
 WARN (TopologicalLinearEquationSolver.cpp:118): Topological solver aborted after analyzing 1/6 SCCs.
 WARN (TopologicalLinearEquationSolver.cpp:118): Topological solver aborted after analyzing 1/6 SCCs.
 WARN (TopologicalLinearEquationSolver.cpp:118): Topological solver aborted after analyzing 1/6 SCCs.
 WARN (TopologicalLinearEquationSolver.cpp:118): Topological solver aborted after analyzing 1/6 SCCs.
 WARN (TopologicalLinearEquationSolver.cpp:118): Topological solver aborted after analyzing 1/6 SCCs.
 WARN (TopologicalLinearEquationSolver.cpp:118): Topological solver aborted after analyzing 1/6 SCCs.
 WARN (TopologicalLinearEquationSolver.cpp:118): Topological solver aborted after analyzing 1/6 SCCs.
 WARN (TopologicalLinearEquationSolver.cpp:118): Topological solver aborted after analyzing 1/6 SCCs.
 WARN (TopologicalLinearEquationSolver.cpp:118): Topological solver aborted after analyzing 1/6 SCCs.
 WARN (TopologicalLinearEquationSolver.cpp:118): Topological solver aborted after analyzing 1/6 SCCs.
 WARN (TopologicalLinearEquationSolver.cpp:118): Topological solver aborted after analyzing 1/6 SCCs.
 WARN (TopologicalLinearEquationSolver.cpp:118): Topological solver aborted after analyzing 1/6 SCCs.
 WARN (TopologicalLinearEquationSolver.cpp:118): Topological solver aborted after analyzing 1/6 SCCs.
 WARN (TopologicalLinearEquationSolver.cpp:118): Topological solver aborted after analyzing 1/6 SCCs.
 WARN (TopologicalLinearEquationSolver.cpp:118): Topological solver aborted after analyzing 1/6 SCCs.
 WARN (TopologicalLinearEquationSolver.cpp:118): Topological solver aborted after analyzing 1/6 SCCs.
 WARN (TopologicalLinearEquationSolver.cpp:118): Topological solver aborted after analyzing 1/6 SCCs.
 WARN (TopologicalLinearEquationSolver.cpp:118): Topological solver aborted after analyzing 1/6 SCCs.
 WARN (TopologicalLinearEquationSolver.cpp:118): Topological solver aborted after analyzing 1/6 SCCs.
 WARN (TopologicalLinearEquationSolver.cpp:118): Topological solver aborted after analyzing 1/6 SCCs.
 WARN (TopologicalLinearEquationSolver.cpp:118): Topological solver aborted after analyzing 1/6 SCCs.
 WARN (TopologicalLinearEquationSolver.cpp:118): Topological solver aborted after analyzing 1/6 SCCs.
 WARN (TopologicalLinearEquationSolver.cpp:118): Topological solver aborted after analyzing 1/6 SCCs.
 WARN (TopologicalLinearEquationSolver.cpp:118): Topological solver aborted after analyzing 1/6 SCCs.
 WARN (TopologicalLinearEquationSolver.cpp:118): Topological solver aborted after analyzing 1/6 SCCs.
 WARN (TopologicalLinearEquationSolver.cpp:118): Topological solver aborted after analyzing 1/6 SCCs.
 WARN (TopologicalLinearEquationSolver.cpp:118): Topological solver aborted after analyzing 1/6 SCCs.
 WARN (TopologicalLinearEquationSolver.cpp:118): Topological solver aborted after analyzing 1/6 SCCs.
 WARN (TopologicalLinearEquationSolver.cpp:118): Topological solver aborted after analyzing 1/6 SCCs.
 WARN (TopologicalLinearEquationSolver.cpp:118): Topological solver aborted after analyzing 1/6 SCCs.
 WARN (TopologicalLinearEquationSolver.cpp:118): Topological solver aborted after analyzing 1/6 SCCs.
 WARN (TopologicalLinearEquationSolver.cpp:118): Topological solver aborted after analyzing 1/6 SCCs.
 WARN (TopologicalLinearEquationSolver.cpp:118): Topological solver aborted after analyzing 1/6 SCCs.
 WARN (TopologicalLinearEquationSolver.cpp:118): Topological solver aborted after analyzing 1/6 SCCs.
 WARN (TopologicalLinearEquationSolver.cpp:118): Topological solver aborted after analyzing 1/6 SCCs.
 WARN (TopologicalLinearEquationSolver.cpp:118): Topological solver aborted after analyzing 1/6 SCCs.
 WARN (TopologicalLinearEquationSolver.cpp:118): Topological solver aborted after analyzing 1/6 SCCs.
 WARN (TopologicalLinearEquationSolver.cpp:118): Topological solver aborted after analyzing 1/6 SCCs.
 WARN (TopologicalLinearEquationSolver.cpp:118): Topological solver aborted after analyzing 1/6 SCCs.
 WARN (TopologicalLinearEquationSolver.cpp:118): Topological solver aborted after analyzing 1/6 SCCs.
 WARN (TopologicalLinearEquationSolver.cpp:118): Topological solver aborted after analyzing 1/6 SCCs.
 WARN (TopologicalLinearEquationSolver.cpp:118): Topological solver aborted after analyzing 1/6 SCCs.
 WARN (TopologicalLinearEquationSolver.cpp:118): Topological solver aborted after analyzing 1/6 SCCs.
 WARN (TopologicalLinearEquationSolver.cpp:118): Topological solver aborted after analyzing 1/6 SCCs.
 WARN (TopologicalLinearEquationSolver.cpp:118): Topological solver aborted after analyzing 1/6 SCCs.
 WARN (TopologicalLinearEquationSolver.cpp:118): Topological solver aborted after analyzing 1/6 SCCs.
 WARN (TopologicalLinearEquationSolver.cpp:118): Topological solver aborted after analyzing 1/6 SCCs.
 WARN (TopologicalLinearEquationSolver.cpp:118): Topological solver aborted after analyzing 1/6 SCCs.
 WARN (TopologicalLinearEquationSolver.cpp:118): Topological solver aborted after analyzing 1/6 SCCs.
 WARN (TopologicalLinearEquationSolver.cpp:118): Topological solver aborted after analyzing 1/6 SCCs.
 WARN (TopologicalLinearEquationSolver.cpp:118): Topological solver aborted after analyzing 1/6 SCCs.
 WARN (TopologicalLinearEquationSolver.cpp:118): Topological solver aborted after analyzing 1/6 SCCs.
 WARN (TopologicalLinearEquationSolver.cpp:118): Topological solver aborted after analyzing 1/6 SCCs.
 WARN (TopologicalLinearEquationSolver.cpp:118): Topological solver aborted after analyzing 1/6 SCCs.
 WARN (TopologicalLinearEquationSolver.cpp:118): Topological solver aborted after analyzing 1/6 SCCs.
 WARN (TopologicalLinearEquationSolver.cpp:118): Topological solver aborted after analyzing 1/6 SCCs.
 WARN (TopologicalLinearEquationSolver.cpp:118): Topological solver aborted after analyzing 1/6 SCCs.
 WARN (TopologicalLinearEquationSolver.cpp:118): Topological solver aborted after analyzing 1/6 SCCs.
 WARN (TopologicalLinearEquationSolver.cpp:118): Topological solver aborted after analyzing 1/6 SCCs.
 WARN (TopologicalLinearEquationSolver.cpp:118): Topological solver aborted after analyzing 1/6 SCCs.
 WARN (TopologicalLinearEquationSolver.cpp:118): Topological solver aborted after analyzing 1/6 SCCs.
 WARN (TopologicalLinearEquationSolver.cpp:118): Topological solver aborted after analyzing 1/6 SCCs.
 WARN (TopologicalLinearEquationSolver.cpp:118): Topological solver aborted after analyzing 1/6 SCCs.
 WARN (TopologicalLinearEquationSolver.cpp:118): Topological solver aborted after analyzing 1/6 SCCs.
 WARN (TopologicalLinearEquationSolver.cpp:118): Topological solver aborted after analyzing 1/6 SCCs.
 WARN (TopologicalLinearEquationSolver.cpp:118): Topological solver aborted after analyzing 1/6 SCCs.
 WARN (TopologicalLinearEquationSolver.cpp:118): Topological solver aborted after analyzing 1/6 SCCs.
 WARN (TopologicalLinearEquationSolver.cpp:118): Topological solver aborted after analyzing 1/6 SCCs.
 WARN (TopologicalLinearEquationSolver.cpp:118): Topological solver aborted after analyzing 1/6 SCCs.
 WARN (TopologicalLinearEquationSolver.cpp:118): Topological solver aborted after analyzing 1/6 SCCs.
 WARN (TopologicalLinearEquationSolver.cpp:118): Topological solver aborted after analyzing 1/6 SCCs.
 WARN (TopologicalLinearEquationSolver.cpp:118): Topological solver aborted after analyzing 1/6 SCCs.
 WARN (TopologicalLinearEquationSolver.cpp:118): Topological solver aborted after analyzing 1/6 SCCs.
Received signal 14

real	60m3.009s
user	60m2.383s
sys	0m0.536s
