{"constants": {}, "region_bound": 0, "prism": "herman7_pla.pm", "prop": {"type": "reward", "dir": "max", "label": "stable", "bound": 4.0439973996}, "big_step": true, "use_robust_pla": true, "epsilon": 0.1, "estimate_method": "delta", "splitting_strategy": "estimate", "splitting_threshold": 4, "simple": true, "additional_storm_args": "--not-graph-preserving", "region_interval": "0,0.8"}
Storm-pars 1.8.1

Date: Sat Oct 12 22:37:09 2024
Command line arguments: --prism /home/lheck/git/bigsteptest/testcases/herman/herman7_pla.pm -prop 'Rmax>=4.0439973996 [F "stable"]' --big-step --mode partitioning --region '0<=p<=0.8' --terminationCondition 0 '--regionverif:engine' robustpl '--minmax:method' vi -bisim --not-graph-preserving --splitting-heuristic estimate --estimate-method delta --splitting-threshold 4
Current working directory: /home/lheck/git/bigsteptest

Time for model input parsing: 0.002s.

Time for model construction: 0.061s.

-------------------------------------------------------------- 
Model type: 	DTMC (sparse)
States: 	9066
Transitions: 	12736
Reward Models:  steps
State Labels: 	3 labels
   * deadlock -> 0 item(s)
   * init -> 1 item(s)
   * stable -> 28 item(s)
Choice Labels: 	none
-------------------------------------------------------------- 

Time for model preprocessing: 0.045s.

-------------------------------------------------------------- 
Model type: 	DTMC (sparse)
States: 	680
Transitions: 	2720
Reward Models:  steps
State Labels: 	3 labels
   * stable -> 1 item(s)
   * init -> 1 item(s)
   * deadlock -> 0 item(s)
Choice Labels: 	none
-------------------------------------------------------------- 

Analyzing parameter region 0<=p<=4/5; using Robust Parameter Lifting and splitting heuristic Estimate-Based with iterative refinement until 100% is covered.

Model checking property "1": Rmax>=10109993499/2500000000 [F "stable"] ...
 WARN (parameterlifting.h:40): The input model contains a non-linear polynomial as transition: '(-1/64 * (2*p^6+(-6)*p^5+(-7)*p^4+24*p^3+3*p^2+(-16)*p))/(1)'. Can not validate that parameter lifting is sound on this model.
 WARN (region.h:179): Could not validate whether parameter lifting is applicable. Please validate manually...
 WARN (RobustParameterLifter.cpp:53): Cannot use graph monotonicity in robust mode.
Result (initial states):  WARN (RegionRefinementCheckResult.cpp:117): Writing illustration of region check result to a stream is only implemented for two parameters.
  Fraction of satisfied area: 100%
Fraction of unsatisfied area: 0%
            Unknown fraction: 0%
     Total number of regions: 5
                      AllSat: 5


Time for model checking: 0.094s.


real	0m0.220s
user	0m0.197s
sys	0m0.024s
