{"memory_bound": 1, "region_bound": 1e-06, "constants": {}, "pomdp": "maze2.prism", "prop": {"type": "reward", "dir": "max", "label": "goal", "bound": 12.884484843000001}, "big_step": false, "use_robust_pla": true, "epsilon": 0.1, "estimate_method": "delta", "splitting_strategy": "estimate", "splitting_threshold": 4, "simple": true}
Storm-pars 1.8.1

Date: Sun Oct 13 06:19:53 2024
Command line arguments: --explicit-drn /home/lheck/git/bigsteptest/build/testcases/maze/maze2_reward_max_goal________7aa0130ed21dfc8a56a42042157143ba5e577f8306c347b0f9bdf7576fa74c27_1.drn -prop 'Rmax>=12.884484843000001 [F "goal"]' --mode partitioning --regionbound 1e-06 --terminationCondition 0 '--regionverif:engine' robustpl '--minmax:method' vi -bisim --splitting-heuristic estimate --estimate-method delta --splitting-threshold 4
Current working directory: /home/lheck/git/bigsteptest

Time for model construction: 0.003s.

-------------------------------------------------------------- 
Model type: 	DTMC (sparse)
States: 	41
Transitions: 	82
Reward Models:  (default)
State Labels: 	3 labels
   * goal -> 1 item(s)
   * notbad -> 35 item(s)
   * init -> 1 item(s)
Choice Labels: 	none
-------------------------------------------------------------- 

Time for model preprocessing: 0.000s.

-------------------------------------------------------------- 
Model type: 	DTMC (sparse)
States: 	41
Transitions: 	82
Reward Models:  (default)
State Labels: 	2 labels
   * init -> 1 item(s)
   * goal -> 1 item(s)
Choice Labels: 	none
-------------------------------------------------------------- 

Analyzing parameter region 1/1000000<=p1_0<=999999/1000000,1/1000000<=p2_0<=999999/1000000,1/1000000<=p3_0<=999999/1000000,1/1000000<=p4_0<=999999/1000000,1/1000000<=p5_0<=999999/1000000,1/1000000<=p6_0<=999999/1000000,1/1000000<=p8_0<=999999/1000000,1/1000000<=p9_0<=999999/1000000,1/1000000<=p10_0<=999999/1000000,1/1000000<=p12_0<=999999/1000000,1/1000000<=p13_0<=999999/1000000,1/1000000<=p14_0<=999999/1000000,1/1000000<=p15_0<=999999/1000000,1/1000000<=p17_0<=999999/1000000,1/1000000<=p19_0<=999999/1000000; using Robust Parameter Lifting and splitting heuristic Estimate-Based with iterative refinement until 100% is covered.

Model checking property "1": Rmax>=12884484843000001/1000000000000000 [F "goal"] ...
 WARN (RobustParameterLifter.cpp:53): Cannot use graph monotonicity in robust mode.
Result (initial states):  WARN (RegionRefinementCheckResult.cpp:117): Writing illustration of region check result to a stream is only implemented for two parameters.
  Fraction of satisfied area: 100%
Fraction of unsatisfied area: 0%
            Unknown fraction: 0%
     Total number of regions: 1711
                      AllSat: 1711


Time for model checking: 0.276s.


real	0m0.299s
user	0m0.275s
sys	0m0.024s
