{"constants": {"N": 10, "K": 50}, "region_bound": 0, "prism": "nand.pm", "prop": {"type": "probability", "dir": "min", "label": "target", "bound": 0.9958143490900001}, "big_step": true, "use_robust_pla": true, "epsilon": 0.1, "estimate_method": "delta", "splitting_strategy": "estimate", "splitting_threshold": 4, "simple": true, "additional_storm_args": "--not-graph-preserving", "region_interval": "0,0.8"}
Storm-pars 1.8.1

Date: Sun Oct 13 07:00:33 2024
Command line arguments: --prism /home/lheck/git/bigsteptest/testcases/nand/nand.pm -const 'N=10,K=50' -prop 'Pmin<=0.9958143490900001 [F "target"]' --big-step --mode partitioning --region '0<=perr<=0.8,0<=prob1<=0.8' --terminationCondition 0 '--regionverif:engine' robustpl '--minmax:method' vi -bisim --not-graph-preserving --splitting-heuristic estimate --estimate-method delta --splitting-threshold 4
Current working directory: /home/lheck/git/bigsteptest

Time for model input parsing: 0.001s.

Time for model construction: 1.308s.

-------------------------------------------------------------- 
Model type: 	DTMC (sparse)
States: 	346962
Transitions: 	518847
Reward Models:  none
State Labels: 	3 labels
   * init -> 1 item(s)
   * deadlock -> 0 item(s)
   * target -> 1 item(s)
Choice Labels: 	none
-------------------------------------------------------------- 
ERROR: The program received signal 15 and will be aborted in 3s.
Received signal 15

real	60m0.040s
user	59m59.338s
sys	0m0.564s
