{"memory_bound": 1, "region_bound": 0.1, "constants": {"K": 100}, "pomdp": "nrp.prism", "prop": {"type": "probability", "dir": "min", "label": "unfair", "bound": 0.0101}, "big_step": true, "use_robust_pla": true, "epsilon": 0.01, "estimate_method": "delta", "splitting_strategy": "estimate", "splitting_threshold": 4, "simple": true}
Storm-pars 1.8.1

Date: Sun Oct 13 07:15:29 2024
Command line arguments: --explicit-drn /home/lheck/git/bigsteptest/.build/testcases/nrp/nrp_probability_min_unfair______K=100__7a2f1fdb1607683b03b4e06864e90f3cd79a482d40affed47acc3f2e219b9623_1.drn -prop 'Pmin<=0.0101 [F "unfair"]' --big-step --mode partitioning --regionbound 0.1 --terminationCondition 0 '--regionverif:engine' robustpl '--minmax:method' vi -bisim --splitting-heuristic estimate --estimate-method delta --splitting-threshold 4
Current working directory: /home/lheck/git/bigsteptest

Time for model construction: 0.076s.

-------------------------------------------------------------- 
Model type: 	DTMC (sparse)
States: 	15351
Transitions: 	20500
Reward Models:  none
State Labels: 	2 labels
   * unfair -> 100 item(s)
   * init -> 1 item(s)
Choice Labels: 	none
-------------------------------------------------------------- 

Time for model preprocessing: 0.674s.

-------------------------------------------------------------- 
Model type: 	DTMC (sparse)
States: 	202
Transitions: 	500
Reward Models:  none
State Labels: 	2 labels
   * unfair -> 1 item(s)
   * init -> 1 item(s)
Choice Labels: 	none
-------------------------------------------------------------- 

Analyzing parameter region 1/10<=p2_0<=9/10,1/10<=p7_0<=9/10,1/10<=p12_0<=9/10,1/10<=p17_0<=9/10,1/10<=p22_0<=9/10,1/10<=p27_0<=9/10,1/10<=p32_0<=9/10,1/10<=p37_0<=9/10,1/10<=p42_0<=9/10,1/10<=p47_0<=9/10,1/10<=p52_0<=9/10,1/10<=p57_0<=9/10,1/10<=p62_0<=9/10,1/10<=p67_0<=9/10,1/10<=p72_0<=9/10,1/10<=p77_0<=9/10,1/10<=p82_0<=9/10,1/10<=p87_0<=9/10,1/10<=p92_0<=9/10,1/10<=p97_0<=9/10,1/10<=p102_0<=9/10,1/10<=p107_0<=9/10,1/10<=p112_0<=9/10,1/10<=p117_0<=9/10,1/10<=p122_0<=9/10,1/10<=p127_0<=9/10,1/10<=p132_0<=9/10,1/10<=p137_0<=9/10,1/10<=p142_0<=9/10,1/10<=p147_0<=9/10,1/10<=p152_0<=9/10,1/10<=p157_0<=9/10,1/10<=p162_0<=9/10,1/10<=p167_0<=9/10,1/10<=p172_0<=9/10,1/10<=p177_0<=9/10,1/10<=p182_0<=9/10,1/10<=p187_0<=9/10,1/10<=p192_0<=9/10,1/10<=p197_0<=9/10,1/10<=p202_0<=9/10,1/10<=p207_0<=9/10,1/10<=p212_0<=9/10,1/10<=p217_0<=9/10,1/10<=p222_0<=9/10,1/10<=p227_0<=9/10,1/10<=p232_0<=9/10,1/10<=p237_0<=9/10,1/10<=p242_0<=9/10,1/10<=p247_0<=9/10,1/10<=p252_0<=9/10,1/10<=p257_0<=9/10,1/10<=p262_0<=9/10,1/10<=p267_0<=9/10,1/10<=p272_0<=9/10,1/10<=p277_0<=9/10,1/10<=p282_0<=9/10,1/10<=p287_0<=9/10,1/10<=p292_0<=9/10,1/10<=p297_0<=9/10,1/10<=p302_0<=9/10,1/10<=p307_0<=9/10,1/10<=p312_0<=9/10,1/10<=p317_0<=9/10,1/10<=p322_0<=9/10,1/10<=p327_0<=9/10,1/10<=p332_0<=9/10,1/10<=p337_0<=9/10,1/10<=p342_0<=9/10,1/10<=p347_0<=9/10,1/10<=p352_0<=9/10,1/10<=p357_0<=9/10,1/10<=p362_0<=9/10,1/10<=p367_0<=9/10,1/10<=p372_0<=9/10,1/10<=p377_0<=9/10,1/10<=p382_0<=9/10,1/10<=p387_0<=9/10,1/10<=p392_0<=9/10,1/10<=p397_0<=9/10,1/10<=p402_0<=9/10,1/10<=p407_0<=9/10,1/10<=p412_0<=9/10,1/10<=p417_0<=9/10,1/10<=p422_0<=9/10,1/10<=p427_0<=9/10,1/10<=p432_0<=9/10,1/10<=p437_0<=9/10,1/10<=p442_0<=9/10,1/10<=p447_0<=9/10,1/10<=p452_0<=9/10,1/10<=p457_0<=9/10,1/10<=p462_0<=9/10,1/10<=p467_0<=9/10,1/10<=p472_0<=9/10,1/10<=p477_0<=9/10,1/10<=p482_0<=9/10,1/10<=p487_0<=9/10,1/10<=p492_0<=9/10,1/10<=p497_0<=9/10; using Robust Parameter Lifting and splitting heuristic Estimate-Based with iterative refinement until 100% is covered.

Model checking property "1": Pmin<=101/10000 [F "unfair"] ...
 WARN (RobustParameterLifter.cpp:53): Cannot use graph monotonicity in robust mode.
Result (initial states):  WARN (RegionRefinementCheckResult.cpp:117): Writing illustration of region check result to a stream is only implemented for two parameters.
  Fraction of satisfied area: 100%
Fraction of unsatisfied area: 0%
            Unknown fraction: 0%
     Total number of regions: 1
                      AllSat: 1


Time for model checking: 0.002s.


real	0m0.774s
user	0m0.737s
sys	0m0.037s
