{"constants": {"N": 64, "MAX": 8}, "prism": "brp.pm", "prop": {"type": "probability", "dir": "min", "label": "uncertain", "bound": 0.005793492792348581}, "region_bound": 0.1, "big_step": true, "use_robust_pla": true, "epsilon": 1e-05, "estimate_method": "delta", "splitting_strategy": "roundrobin", "splitting_threshold": 4, "simple": true}
Storm-pars 1.9.0

Date: Tue Apr  8 17:31:41 2025
Command line arguments: --prism /home/lheck/git/bigsteptest/testcases/brp/brp.pm -const 'N=64,MAX=8' -prop 'Pmin<=0.005793492792348581 [F "uncertain"]' --big-step --mode verification --regionbound 0.1 --terminationCondition 0 '--regionverif:engine' robustpl '--minmax:method' vi -bisim --splitting-heuristic roundrobin --estimate-method delta --splitting-threshold 4
Current working directory: /home/lheck/git/bigsteptest

Time for model input parsing: 0.004s.

 WARN (FormulaParserGrammar.cpp:325): Identifier `T' coincides with a reserved keyword or operator. Property expressions using the variable or constant 'T' might not be parsed correctly.
Time for model construction: 0.136s.

-------------------------------------------------------------- 
Model type: 	DTMC (sparse)
States: 	7687
Transitions: 	10367
Reward Models:  none
State Labels: 	3 labels
   * deadlock -> 135 item(s)
   * init -> 1 item(s)
   * uncertain -> 2 item(s)
Choice Labels: 	none
-------------------------------------------------------------- 

Time for model preprocessing: 0.086s.

-------------------------------------------------------------- 
Model type: 	DTMC (sparse)
States: 	1857
Transitions: 	5313
Reward Models:  none
State Labels: 	2 labels
   * uncertain -> 1 item(s)
   * init -> 1 item(s)
Choice Labels: 	none
-------------------------------------------------------------- 
ERROR (RegionVerificationSettings.cpp:93): Setting an estimate method requires setting the estimate splitting strategy
 WARN (parameterlifting.h:40): The input model contains a non-linear polynomial as transition: '(-1 * (pK^9+(-9)*pK^8+36*pK^7+(-84)*pK^6+126*pK^5+(-126)*pK^4+84*pK^3+(-36)*pK^2+9*pK+(-1)))/(1)'. Can not validate that parameter lifting is sound on this model.
 WARN (region.h:180): Could not validate whether parameter lifting is applicable. Please validate manually...
 WARN (RobustParameterLifter.cpp:54): Cannot use graph monotonicity in robust mode.
ERROR: The program received signal 15 and will be aborted in 3s.
Received signal 15

real	60m0.732s
user	59m54.167s
sys	0m6.261s
