{"constants": {"N": 5, "K": 50}, "region_bound": 0, "prism": "nand.pm", "prop": {"type": "probability", "dir": "min", "label": "target", "bound": 0.8246554434810001}, "big_step": false, "use_robust_pla": true, "epsilon": 0.01, "estimate_method": "delta", "splitting_strategy": "roundrobin", "splitting_threshold": 4, "simple": true, "additional_storm_args": "--not-graph-preserving", "region_interval": "0,0.8"}
Storm-pars 1.9.0

Date: Tue Apr  8 20:52:31 2025
Command line arguments: --prism /home/lheck/git/bigsteptest/testcases/nand/nand.pm -const 'N=5,K=50' -prop 'Pmin<=0.8246554434810001 [F "target"]' --mode verification --region '0<=perr<=0.8,0<=prob1<=0.8' --terminationCondition 0 '--regionverif:engine' robustpl '--minmax:method' vi -bisim --not-graph-preserving --splitting-heuristic roundrobin --estimate-method delta --splitting-threshold 4
Current working directory: /home/lheck/git/bigsteptest

Time for model input parsing: 0.003s.

Time for model construction: 0.387s.

-------------------------------------------------------------- 
Model type: 	DTMC (sparse)
States: 	40032
Transitions: 	56937
Reward Models:  none
State Labels: 	3 labels
   * init -> 1 item(s)
   * deadlock -> 0 item(s)
   * target -> 1 item(s)
Choice Labels: 	none
-------------------------------------------------------------- 

Time for model preprocessing: 0.138s.

-------------------------------------------------------------- 
Model type: 	DTMC (sparse)
States: 	27528
Transitions: 	37135
Reward Models:  none
State Labels: 	3 labels
   * init -> 1 item(s)
   * target -> 1 item(s)
   * deadlock -> 0 item(s)
Choice Labels: 	none
-------------------------------------------------------------- 
ERROR (RegionVerificationSettings.cpp:93): Setting an estimate method requires setting the estimate splitting strategy
 WARN (RobustParameterLifter.cpp:54): Cannot use graph monotonicity in robust mode.
Region partitioning for extremal value terminated after analyzing 241 regions.
	0% of the parameter space are not covered.
Extremal value: 3552515726574071/4503599627370496
Formula is satisfied by all parameter instantiations.
Time for model checking: 9.394s.

real	0m9.960s
user	0m9.927s
sys	0m0.034s
