{"memory_bound": 1, "region_bound": 1e-06, "constants": {}, "pomdp": "4x4grid.prism", "prop": {"type": "reward", "dir": "max", "label": "goal", "bound": 5.0411734192413}, "big_step": true, "use_robust_pla": true, "epsilon": 0.0001, "splitting_strategy": "estimate", "estimate_method": "delta", "simple": true, "splitting_threshold": 4}
Storm-pars 1.9.0

Date: Wed Jan 15 18:04:24 2025
Command line arguments: --explicit-drn /home/lheck/git/bigsteptest/build/testcases_standard/grids/4x4grid_reward_max_goal________7aa0130ed21dfc8a56a42042157143ba5e577f8306c347b0f9bdf7576fa74c27_1.drn -prop 'Rmax>=5.0411734192413 [F "goal"]' --big-step --mode verification --regionbound 1e-06 --terminationCondition 0 '--regionverif:engine' robustpl '--minmax:method' vi -bisim --splitting-heuristic estimate --estimate-method delta --splitting-threshold 4
Current working directory: /home/lheck/git/bigsteptest

Time for model construction: 0.001s.

-------------------------------------------------------------- 
Model type: 	DTMC (sparse)
States: 	47
Transitions: 	106
Reward Models:  (default)
State Labels: 	2 labels
   * goal -> 1 item(s)
   * init -> 1 item(s)
Choice Labels: 	none
-------------------------------------------------------------- 

Time for model preprocessing: 0.000s.

-------------------------------------------------------------- 
Model type: 	DTMC (sparse)
States: 	49
Transitions: 	123
Reward Models:  (default)
State Labels: 	2 labels
   * init -> 1 item(s)
   * goal -> 1 item(s)
Choice Labels: 	none
-------------------------------------------------------------- 
 WARN (RobustParameterLifter.cpp:54): Cannot use graph monotonicity in robust mode.
Region partitioning for extremal value terminated after analyzing 1097 regions.
	0% of the parameter space are not covered.
Extremal value: 5677933024250721/1125899906842624
Formula is satisfied by all parameter instantiations.
Time for model checking: 0.085s.

real	0m0.103s
user	0m0.099s
sys	0m0.004s
