{"constants": {"CrowdSize": 10, "TotalRuns": 2}, "prism": "crowds.pm", "prop": {"type": "probability", "dir": "min", "label": "observeIGreater1", "bound": 0.00545145199523}, "region_bound": 0.1, "big_step": false, "use_robust_pla": false, "epsilon": 0.01, "splitting_strategy": "estimate", "estimate_method": "delta", "simple": true, "splitting_threshold": 4}
Storm-pars 1.9.0

Date: Wed Jan 15 18:04:37 2025
Command line arguments: --prism /home/lheck/git/bigsteptest/testcases_standard/crowds/crowds.pm -const 'CrowdSize=10,TotalRuns=2' -prop 'Pmin<=0.00545145199523 [F "observeIGreater1"]' --mode verification --regionbound 0.1 --terminationCondition 0 '--minmax:method' vi -bisim --splitting-heuristic estimate --estimate-method delta --splitting-threshold 4
Current working directory: /home/lheck/git/bigsteptest

Time for model input parsing: 0.004s.

Time for model construction: 0.018s.

-------------------------------------------------------------- 
Model type: 	DTMC (sparse)
States: 	1037
Transitions: 	2357
Reward Models:  none
State Labels: 	3 labels
   * deadlock -> 64 item(s)
   * init -> 1 item(s)
   * observeIGreater1 -> 2 item(s)
Choice Labels: 	none
-------------------------------------------------------------- 

Time for model preprocessing: 0.000s.

-------------------------------------------------------------- 
Model type: 	DTMC (sparse)
States: 	20
Transitions: 	30
Reward Models:  none
State Labels: 	2 labels
   * observeIGreater1 -> 1 item(s)
   * init -> 1 item(s)
Choice Labels: 	none
-------------------------------------------------------------- 
Region partitioning for extremal value terminated after analyzing 397 regions.
	0% of the parameter space are not covered.
Extremal value: 6188835446143665/1152921504606846976
Formula is satisfied by all parameter instantiations.
Time for model checking: 0.013s.

real	0m0.054s
user	0m0.038s
sys	0m0.016s
