{"region_bound": 0.1, "memory_bound": 1, "constants": {"N": 3}, "pomdp": "refuel.prism", "prop": {"type": "probability", "dir": "min", "label": "notbad U goal", "bound": 0.06274842667500001}, "big_step": false, "use_robust_pla": false, "epsilon": 0.1, "splitting_strategy": "estimate", "estimate_method": "delta", "simple": true, "splitting_threshold": 4}
Storm-pars 1.9.0

Date: Wed Jan 15 19:04:05 2025
Command line arguments: --explicit-drn /home/lheck/git/bigsteptest/build/testcases_standard/refuel/refuel_probability_min_notbad_U_goal______N=3__7a2f1fdb1607683b03b4e06864e90f3cd79a482d40affed47acc3f2e219b9623_1.drn -prop 'Pmin<=0.06274842667500001 ["notbad" U "goal"]' --mode verification --regionbound 0.1 --terminationCondition 0 '--minmax:method' vi -bisim --splitting-heuristic estimate --estimate-method delta --splitting-threshold 4
Current working directory: /home/lheck/git/bigsteptest

Time for model construction: 0.014s.

-------------------------------------------------------------- 
Model type: 	DTMC (sparse)
States: 	72
Transitions: 	127
Reward Models:  costs, refuels, steps
State Labels: 	5 labels
   * goal -> 1 item(s)
   * traps -> 6 item(s)
   * stationvisit -> 17 item(s)
   * notbad -> 53 item(s)
   * init -> 1 item(s)
Choice Labels: 	none
-------------------------------------------------------------- 

Time for model preprocessing: 0.000s.

-------------------------------------------------------------- 
Model type: 	DTMC (sparse)
States: 	34
Transitions: 	64
Reward Models:  none
State Labels: 	3 labels
   * notbad -> 32 item(s)
   * init -> 1 item(s)
   * goal -> 1 item(s)
Choice Labels: 	none
-------------------------------------------------------------- 
Region partitioning for extremal value terminated after analyzing 17 regions.
	0% of the parameter space are not covered.
Extremal value: 7737728218837985/1152921504606846976
Formula is satisfied by all parameter instantiations.
Time for model checking: 0.001s.

real	0m0.032s
user	0m0.014s
sys	0m0.010s
