Running DPM benchmark:
DPM region results:
Model type: 	DTMC (sparse)
States: 	3564
Transitions: 	7612
Reward Models:  queuesize
State Labels: 	3 labels
   * deadlock -> 0 item(s)
   * init -> 1 item(s)
   * finished -> 1188 item(s)
Choice Labels: 	none
-------------------------------------------------------------- 

Time for model preprocessing: 0.010s.

-------------------------------------------------------------- 
Model type: 	DTMC (sparse)
States: 	1287
Transitions: 	3433
Reward Models:  queuesize
State Labels: 	3 labels
   * init -> 1 item(s)
   * finished -> 1 item(s)
   * deadlock -> 0 item(s)
Choice Labels: 	none
-------------------------------------------------------------- 

Analyzing parameter region 0<=P11<=1,2/5<=startsend<=3/5,0<=P12<=1,7/10<=contsend<=9/10,0<=P21<=1,0<=P22<=1,0<=P31<=1,0<=P32<=1,0<=P41<=1,0<=P42<=1,0<=P51<=1,0<=P52<=1,0<=P61<=1,0<=P62<=1,0<=P71<=1,0<=P72<=1,0<=P81<=1,0<=P82<=1; using Robust Parameter Lifting and splitting heuristic Default with iterative refinement until 100% is covered.

Model checking property "1": R>=1862914837/100000000 [F "finished"] ...
 WARN (RobustParameterLifter.cpp:54): Cannot use graph monotonicity in robust mode.
Result (initial states):  WARN (RegionRefinementCheckResult.cpp:117): Writing illustration of region check result to a stream is only implemented for two parameters.
  Fraction of satisfied area: 100%
Fraction of unsatisfied area: 0%
            Unknown fraction: 0%
     Total number of regions: 128
                      AllSat: 128


Time for model checking: 1.347s.

Write to file dpm_out.txt.
Fixed regions: 38/128 = 0.296875
Fixed area: 5.960464477539063e-08/1.0 = 5.960464477539063e-08
Open area by number of open parameters: [5.960464477539063e-08, 8.940696716308594e-07, 0.0, 1.430511474609375e-05, 0.0, 0.0, 0.0002288818359375, 0.0, 0.0, 0.003662109375, 0.0, 0.05859375, 0.0, 0.9375, 0.0, 0.0, 0.0, 0.0, 0.0]
Running DPM benchmark (split-all):
DPM region results (split-all):
Model type: 	DTMC (sparse)
States: 	3564
Transitions: 	7612
Reward Models:  queuesize
State Labels: 	3 labels
   * deadlock -> 0 item(s)
   * init -> 1 item(s)
   * finished -> 1188 item(s)
Choice Labels: 	none
-------------------------------------------------------------- 

Time for model preprocessing: 0.010s.

-------------------------------------------------------------- 
Model type: 	DTMC (sparse)
States: 	1287
Transitions: 	3433
Reward Models:  queuesize
State Labels: 	3 labels
   * init -> 1 item(s)
   * finished -> 1 item(s)
   * deadlock -> 0 item(s)
Choice Labels: 	none
-------------------------------------------------------------- 

Analyzing parameter region 0<=P11<=1,2/5<=startsend<=3/5,0<=P12<=1,7/10<=contsend<=9/10,0<=P21<=1,0<=P22<=1,0<=P31<=1,0<=P32<=1,0<=P41<=1,0<=P42<=1,0<=P51<=1,0<=P52<=1,0<=P61<=1,0<=P62<=1,0<=P71<=1,0<=P72<=1,0<=P81<=1,0<=P82<=1; using Robust Parameter Lifting and splitting heuristic Default with iterative refinement until 100% is covered.

Model checking property "1": R>=1862914837/100000000 [F "finished"] ...
 WARN (RobustParameterLifter.cpp:54): Cannot use graph monotonicity in robust mode.
Result (initial states):  WARN (RegionRefinementCheckResult.cpp:117): Writing illustration of region check result to a stream is only implemented for two parameters.
  Fraction of satisfied area: 100%
Fraction of unsatisfied area: 0%
            Unknown fraction: 0%
     Total number of regions: 262186
                      AllSat: 262186


Time for model checking: 1371.961s.

Write to file dpm_out_split_all.txt.
Fixed regions: 262186/262186 = 1.0
Fixed area: 1.0/1.0 = 1.0
Open area by number of open parameters: [1.0, 0.0, 0.0, 0.0, 0.0, 0.0, 0.0, 0.0, 0.0, 0.0, 0.0, 0.0, 0.0, 0.0, 0.0, 0.0, 0.0, 0.0, 0.0]
