{"memory_bound": 1, "region_bound": 0, "constants": {}, "pomdp": "4x4grid.prism", "prop": {"type": "reward", "dir": "max", "label": "goal", "bound": 6.68722727305854}, "big_step": true, "use_robust_pla": true, "epsilon": 1e-05, "estimate_method": "delta", "splitting_strategy": "estimate", "splitting_threshold": 4, "simple": true, "region_interval": "0,0.8", "additional_storm_args": "--not-graph-preserving"}
Storm-pars 1.9.0

Date: Thu Apr 24 15:46:03 2025
Command line arguments: --explicit-drn /home/lheck/git/bigsteptest/build/testcases/grids/4x4grid_reward_max_goal________afeb1e19b91f55c416c3616f61b61df069ee707067e01ee6f79bcef91972ef65_1.drn -prop 'Rmax>=6.68722727305854 [F "goal"]' --big-step --mode verification --region '0<=p1_0<=0.8,0<=p3_0<=0.8,0<=p4_0<=0.8' --terminationCondition 0 '--regionverif:engine' robustpl '--minmax:method' vi -bisim --not-graph-preserving --splitting-heuristic estimate --estimate-method delta --splitting-threshold 4
Current working directory: /home/lheck/git/bigsteptest

Time for model construction: 0.002s.

-------------------------------------------------------------- 
Model type: 	DTMC (sparse)
States: 	47
Transitions: 	106
Reward Models:  (default)
State Labels: 	2 labels
   * goal -> 1 item(s)
   * init -> 1 item(s)
Choice Labels: 	none
-------------------------------------------------------------- 

Time for model preprocessing: 0.001s.

-------------------------------------------------------------- 
Model type: 	DTMC (sparse)
States: 	49
Transitions: 	123
Reward Models:  (default)
State Labels: 	2 labels
   * init -> 1 item(s)
   * goal -> 1 item(s)
Choice Labels: 	none
-------------------------------------------------------------- 
 WARN (RobustParameterLifter.cpp:54): Cannot use graph monotonicity in robust mode.
Region partitioning for extremal value terminated after analyzing 3841 regions.
	0% of the parameter space are not covered.
Extremal value: 3764741100068739/562949953421312
Formula is satisfied by all parameter instantiations.
Time for model checking: 0.936s.

real	0m0.972s
user	0m0.932s
sys	0m0.040s
