{"memory_bound": 1, "region_bound": 1e-06, "constants": {}, "pomdp": "4x4grid-avoid.prism", "prop": {"type": "probability", "dir": "min", "label": "notbad U goal", "bound": 0.928580463111774}, "big_step": false, "use_robust_pla": true, "epsilon": 1e-05, "estimate_method": "delta", "splitting_strategy": "estimate", "splitting_threshold": 4, "simple": true, "additional_storm_args": ""}
Storm-pars 1.9.0

Date: Thu Apr 24 15:46:18 2025
Command line arguments: --explicit-drn /home/lheck/git/bigsteptest/build/testcases/grids/4x4grid-avoid_probability_min_notbad_U_goal________7aa0130ed21dfc8a56a42042157143ba5e577f8306c347b0f9bdf7576fa74c27_1.drn -prop 'Pmin<=0.928580463111774 ["notbad" U "goal"]' --mode verification --regionbound 1e-06 --terminationCondition 0 '--regionverif:engine' robustpl '--minmax:method' vi -bisim --splitting-heuristic estimate --estimate-method delta --splitting-threshold 4
Current working directory: /home/lheck/git/bigsteptest

Time for model construction: 0.010s.

-------------------------------------------------------------- 
Model type: 	DTMC (sparse)
States: 	45
Transitions: 	100
Reward Models:  (default)
State Labels: 	4 labels
   * goal -> 1 item(s)
   * bad -> 1 item(s)
   * notbad -> 44 item(s)
   * init -> 1 item(s)
Choice Labels: 	none
-------------------------------------------------------------- 

Time for model preprocessing: 0.000s.

-------------------------------------------------------------- 
Model type: 	DTMC (sparse)
States: 	45
Transitions: 	100
Reward Models:  none
State Labels: 	3 labels
   * notbad -> 44 item(s)
   * init -> 1 item(s)
   * goal -> 1 item(s)
Choice Labels: 	none
-------------------------------------------------------------- 
 WARN (RobustParameterLifter.cpp:54): Cannot use graph monotonicity in robust mode.
Region partitioning for extremal value terminated after analyzing 49569 regions.
	0% of the parameter space are not covered.
Extremal value: 2090699606982127/2251799813685248
Formula is satisfied by all parameter instantiations.
Time for model checking: 92.777s.

real	1m32.880s
user	1m32.753s
sys	0m0.124s
