{"constants": {"N": 16, "MAX": 2}, "prism": "brp.pm", "prop": {"type": "probability", "dir": "min", "label": "uncertain", "bound": 0.0237385106527327}, "region_bound": 0, "big_step": false, "use_robust_pla": true, "epsilon": 1e-05, "estimate_method": "delta", "splitting_strategy": "estimate", "splitting_threshold": 4, "simple": true, "additional_storm_args": "--not-graph-preserving"}
Storm-pars 1.9.0

Date: Thu Apr 24 15:22:38 2025
Command line arguments: --prism /home/lheck/git/bigsteptest/testcases/brp/brp.pm -const 'N=16,MAX=2' -prop 'Pmin<=0.0237385106527327 [F "uncertain"]' --mode verification --regionbound 0 --terminationCondition 0 '--regionverif:engine' robustpl '--minmax:method' vi -bisim --not-graph-preserving --splitting-heuristic estimate --estimate-method delta --splitting-threshold 4
Current working directory: /home/lheck/git/bigsteptest

Time for model input parsing: 0.005s.

 WARN (FormulaParserGrammar.cpp:325): Identifier `T' coincides with a reserved keyword or operator. Property expressions using the variable or constant 'T' might not be parsed correctly.
Time for model construction: 0.035s.

-------------------------------------------------------------- 
Model type: 	DTMC (sparse)
States: 	673
Transitions: 	863
Reward Models:  none
State Labels: 	3 labels
   * deadlock -> 33 item(s)
   * init -> 1 item(s)
   * uncertain -> 2 item(s)
Choice Labels: 	none
-------------------------------------------------------------- 

Time for model preprocessing: 0.000s.

-------------------------------------------------------------- 
Model type: 	DTMC (sparse)
States: 	330
Transitions: 	458
Reward Models:  none
State Labels: 	3 labels
   * uncertain -> 1 item(s)
   * init -> 1 item(s)
   * deadlock -> 1 item(s)
Choice Labels: 	none
-------------------------------------------------------------- 
 WARN (RobustParameterLifter.cpp:54): Cannot use graph monotonicity in robust mode.
ERROR: The program received signal 15 and will be aborted in 3s.
Received signal 15

real	60m2.641s
user	59m33.901s
sys	0m28.591s
