{"constants": {"CrowdSize": 10, "TotalRuns": 4}, "prism": "crowds.pm", "prop": {"type": "probability", "dir": "min", "label": "observeIGreater1", "bound": 0.0301420058070439}, "region_bound": 0.1, "big_step": false, "use_robust_pla": true, "epsilon": 1e-05, "estimate_method": "delta", "splitting_strategy": "estimate", "splitting_threshold": 4, "simple": true, "additional_storm_args": ""}
Storm-pars 1.9.0

Date: Thu Apr 24 15:48:17 2025
Command line arguments: --prism /home/lheck/git/bigsteptest/testcases/crowds/crowds.pm -const 'CrowdSize=10,TotalRuns=4' -prop 'Pmin<=0.0301420058070439 [F "observeIGreater1"]' --mode verification --regionbound 0.1 --terminationCondition 0 '--regionverif:engine' robustpl '--minmax:method' vi -bisim --splitting-heuristic estimate --estimate-method delta --splitting-threshold 4
Current working directory: /home/lheck/git/bigsteptest

Time for model input parsing: 0.016s.

Time for model construction: 0.636s.

-------------------------------------------------------------- 
Model type: 	DTMC (sparse)
States: 	27883
Transitions: 	65283
Reward Models:  none
State Labels: 	3 labels
   * deadlock -> 870 item(s)
   * init -> 1 item(s)
   * observeIGreater1 -> 130 item(s)
Choice Labels: 	none
-------------------------------------------------------------- 

Time for model preprocessing: 0.053s.

-------------------------------------------------------------- 
Model type: 	DTMC (sparse)
States: 	84
Transitions: 	130
Reward Models:  none
State Labels: 	2 labels
   * observeIGreater1 -> 1 item(s)
   * init -> 1 item(s)
Choice Labels: 	none
-------------------------------------------------------------- 
 WARN (RobustParameterLifter.cpp:54): Cannot use graph monotonicity in robust mode.
Region partitioning for extremal value terminated after analyzing 11745 regions.
	0% of the parameter space are not covered.
Extremal value: 1085969010756419/36028797018963968
Formula is satisfied by all parameter instantiations.
Time for model checking: 3.520s.

real	0m4.290s
user	0m4.227s
sys	0m0.062s
