{"constants": {"CrowdSize": 10, "TotalRuns": 2}, "prism": "crowds.pm", "prop": {"type": "probability", "dir": "min", "label": "observeIGreater1", "bound": 0.00539753117377199}, "region_bound": 0.1, "big_step": false, "use_robust_pla": true, "epsilon": 1e-05, "estimate_method": "delta", "splitting_strategy": "estimate", "splitting_threshold": 4, "simple": true, "additional_storm_args": ""}
Storm-pars 1.9.0

Date: Thu Apr 24 15:48:15 2025
Command line arguments: --prism /home/lheck/git/bigsteptest/testcases/crowds/crowds.pm -const 'CrowdSize=10,TotalRuns=2' -prop 'Pmin<=0.00539753117377199 [F "observeIGreater1"]' --mode verification --regionbound 0.1 --terminationCondition 0 '--regionverif:engine' robustpl '--minmax:method' vi -bisim --splitting-heuristic estimate --estimate-method delta --splitting-threshold 4
Current working directory: /home/lheck/git/bigsteptest

Time for model input parsing: 0.016s.

Time for model construction: 0.064s.

-------------------------------------------------------------- 
Model type: 	DTMC (sparse)
States: 	1037
Transitions: 	2357
Reward Models:  none
State Labels: 	3 labels
   * deadlock -> 64 item(s)
   * init -> 1 item(s)
   * observeIGreater1 -> 2 item(s)
Choice Labels: 	none
-------------------------------------------------------------- 

Time for model preprocessing: 0.001s.

-------------------------------------------------------------- 
Model type: 	DTMC (sparse)
States: 	20
Transitions: 	30
Reward Models:  none
State Labels: 	2 labels
   * observeIGreater1 -> 1 item(s)
   * init -> 1 item(s)
Choice Labels: 	none
-------------------------------------------------------------- 
 WARN (RobustParameterLifter.cpp:54): Cannot use graph monotonicity in robust mode.
Region partitioning for extremal value terminated after analyzing 12557 regions.
	0% of the parameter space are not covered.
Extremal value: 777862243229963/144115188075855872
Formula is satisfied by all parameter instantiations.
Time for model checking: 2.168s.

real	0m2.311s
user	0m2.249s
sys	0m0.062s
