{"constants": {}, "region_bound": 0, "prism": "herman9_pla.pm", "prop": {"type": "reward", "dir": "max", "label": "stable", "bound": 7.920964918968901}, "big_step": false, "use_robust_pla": true, "epsilon": 1e-05, "estimate_method": "delta", "splitting_strategy": "estimate", "splitting_threshold": 4, "simple": true, "region_interval": "0,0.8", "additional_storm_args": "--not-graph-preserving"}
Storm-pars 1.9.0

Date: Thu Apr 24 14:08:18 2025
Command line arguments: --prism /home/lheck/git/bigsteptest/testcases/herman/herman9_pla.pm -prop 'Rmax>=7.920964918968901 [F "stable"]' --mode verification --region '0<=p<=0.8' --terminationCondition 0 '--regionverif:engine' robustpl '--minmax:method' vi -bisim --not-graph-preserving --splitting-heuristic estimate --estimate-method delta --splitting-threshold 4
Current working directory: /home/lheck/git/bigsteptest

Time for model input parsing: 0.006s.

Time for model construction: 1.287s.

-------------------------------------------------------------- 
Model type: 	DTMC (sparse)
States: 	86078
Transitions: 	119973
Reward Models:  steps
State Labels: 	3 labels
   * deadlock -> 0 item(s)
   * init -> 1 item(s)
   * stable -> 36 item(s)
Choice Labels: 	none
-------------------------------------------------------------- 

Time for model preprocessing: 0.169s.

-------------------------------------------------------------- 
Model type: 	DTMC (sparse)
States: 	8008
Transitions: 	12070
Reward Models:  steps
State Labels: 	3 labels
   * stable -> 1 item(s)
   * init -> 1 item(s)
   * deadlock -> 0 item(s)
Choice Labels: 	none
-------------------------------------------------------------- 
 WARN (RobustParameterLifter.cpp:54): Cannot use graph monotonicity in robust mode.
Region partitioning for extremal value terminated after analyzing 55877 regions.
	0% of the parameter space are not covered.
Extremal value: 8918289418725097/1125899906842624
Formula is satisfied by all parameter instantiations.
Time for model checking: 1158.261s.

real	19m19.774s
user	19m19.607s
sys	0m0.120s
