{"constants": {}, "region_bound": 1e-06, "prism": "herman9_pla.pm", "prop": {"type": "reward", "dir": "max", "label": "stable", "bound": 7.9209622915849796}, "big_step": true, "use_robust_pla": true, "epsilon": 1e-05, "estimate_method": "delta", "splitting_strategy": "estimate", "splitting_threshold": 4, "simple": true, "additional_storm_args": ""}
Storm-pars 1.9.0

Date: Thu Apr 24 13:45:42 2025
Command line arguments: --prism /home/lheck/git/bigsteptest/testcases/herman/herman9_pla.pm -prop 'Rmax>=7.9209622915849796 [F "stable"]' --big-step --mode verification --regionbound 1e-06 --terminationCondition 0 '--regionverif:engine' robustpl '--minmax:method' vi -bisim --splitting-heuristic estimate --estimate-method delta --splitting-threshold 4
Current working directory: /home/lheck/git/bigsteptest

Time for model input parsing: 0.009s.

Time for model construction: 1.618s.

-------------------------------------------------------------- 
Model type: 	DTMC (sparse)
States: 	86078
Transitions: 	119973
Reward Models:  steps
State Labels: 	3 labels
   * deadlock -> 0 item(s)
   * init -> 1 item(s)
   * stable -> 36 item(s)
Choice Labels: 	none
-------------------------------------------------------------- 

Time for model preprocessing: 1.551s.

-------------------------------------------------------------- 
Model type: 	DTMC (sparse)
States: 	3707
Transitions: 	22942
Reward Models:  steps
State Labels: 	2 labels
   * stable -> 1 item(s)
   * init -> 1 item(s)
Choice Labels: 	none
-------------------------------------------------------------- 
 WARN (parameterlifting.h:40): The input model contains a non-linear polynomial as transition: '(1/256 * (2*p^8+(-8)*p^7+(-9)*p^6+55*p^5+(-21)*p^4+(-59)*p^3+11*p^2+29*p))/(1)'. Can not validate that parameter lifting is sound on this model.
 WARN (region.h:180): Could not validate whether parameter lifting is applicable. Please validate manually...
 WARN (RobustParameterLifter.cpp:54): Cannot use graph monotonicity in robust mode.
Region partitioning for extremal value terminated after analyzing 20937 regions.
	0% of the parameter space are not covered.
Extremal value: 8918291020883061/1125899906842624
Formula is satisfied by all parameter instantiations.
Time for model checking: 309.007s.

real	5m12.239s
user	5m12.164s
sys	0m0.068s
