{"constants": {}, "region_bound": 0, "prism": "herman11_pla.pm", "prop": {"type": "reward", "dir": "max", "label": "stable", "bound": 12.1020120286695}, "big_step": false, "use_robust_pla": true, "epsilon": 1e-05, "estimate_method": "delta", "splitting_strategy": "estimate", "splitting_threshold": 4, "simple": true, "region_interval": "0.2,1", "additional_storm_args": "--not-graph-preserving"}
Storm-pars 1.9.0

Date: Thu Apr 24 14:14:12 2025
Command line arguments: --prism /home/lheck/git/bigsteptest/testcases/herman/herman11_pla.pm -prop 'Rmax>=12.1020120286695 [F "stable"]' --mode verification --region '0.2<=p<=1' --terminationCondition 0 '--regionverif:engine' robustpl '--minmax:method' vi -bisim --not-graph-preserving --splitting-heuristic estimate --estimate-method delta --splitting-threshold 4
Current working directory: /home/lheck/git/bigsteptest

Time for model input parsing: 0.007s.

Time for model construction: 12.940s.

-------------------------------------------------------------- 
Model type: 	DTMC (sparse)
States: 	788290
Transitions: 	1096202
Reward Models:  steps
State Labels: 	3 labels
   * deadlock -> 0 item(s)
   * init -> 1 item(s)
   * stable -> 44 item(s)
Choice Labels: 	none
-------------------------------------------------------------- 

Time for model preprocessing: 1.808s.

-------------------------------------------------------------- 
Model type: 	DTMC (sparse)
States: 	40690
Transitions: 	61128
Reward Models:  steps
State Labels: 	3 labels
   * stable -> 1 item(s)
   * init -> 1 item(s)
   * deadlock -> 0 item(s)
Choice Labels: 	none
-------------------------------------------------------------- 
 WARN (RobustParameterLifter.cpp:54): Cannot use graph monotonicity in robust mode.
Region partitioning for extremal value terminated after analyzing 20201 regions.
	0% of the parameter space are not covered.
Extremal value: 6812888204084615/562949953421312
Formula is satisfied by all parameter instantiations.
Time for model checking: 2378.633s.

real	39m53.511s
user	39m53.278s
sys	0m0.174s
