{"constants": {"N": 5, "K": 5}, "region_bound": 0.1, "prism": "nand.pm", "prop": {"type": "probability", "dir": "min", "label": "target", "bound": 0.7552511721361971}, "big_step": false, "use_robust_pla": true, "epsilon": 1e-05, "estimate_method": "delta", "splitting_strategy": "estimate", "splitting_threshold": 4, "simple": true, "region_interval": "0,0.8", "additional_storm_args": "--not-graph-preserving"}
Storm-pars 1.9.0

Date: Thu Apr 24 16:23:50 2025
Command line arguments: --prism /home/lheck/git/bigsteptest/testcases/nand/nand.pm -const 'N=5,K=5' -prop 'Pmin<=0.7552511721361971 [F "target"]' --mode verification --region '0<=perr<=0.8,0<=prob1<=0.8' --terminationCondition 0 '--regionverif:engine' robustpl '--minmax:method' vi -bisim --not-graph-preserving --splitting-heuristic estimate --estimate-method delta --splitting-threshold 4
Current working directory: /home/lheck/git/bigsteptest

Time for model input parsing: 0.003s.

Time for model construction: 0.064s.

-------------------------------------------------------------- 
Model type: 	DTMC (sparse)
States: 	4122
Transitions: 	5907
Reward Models:  none
State Labels: 	3 labels
   * init -> 1 item(s)
   * deadlock -> 0 item(s)
   * target -> 1 item(s)
Choice Labels: 	none
-------------------------------------------------------------- 

Time for model preprocessing: 0.007s.

-------------------------------------------------------------- 
Model type: 	DTMC (sparse)
States: 	2688
Transitions: 	3655
Reward Models:  none
State Labels: 	3 labels
   * init -> 1 item(s)
   * target -> 1 item(s)
   * deadlock -> 0 item(s)
Choice Labels: 	none
-------------------------------------------------------------- 
 WARN (RobustParameterLifter.cpp:54): Cannot use graph monotonicity in robust mode.
Region partitioning for extremal value terminated after analyzing 133 regions.
	0% of the parameter space are not covered.
Extremal value: 425135172831945/562949953421312
Formula is satisfied by all parameter instantiations.
Time for model checking: 0.429s.

real	0m0.537s
user	0m0.505s
sys	0m0.032s
