{"constants": {"N": 5, "K": 25}, "region_bound": 0.1, "prism": "nand.pm", "prop": {"type": "probability", "dir": "min", "label": "target", "bound": 0.495773626786691}, "big_step": false, "use_robust_pla": false, "epsilon": 1e-05, "estimate_method": "delta", "splitting_strategy": "estimate", "splitting_threshold": 4, "simple": true}
Storm-pars 1.9.0

Date: Thu Apr 24 16:13:04 2025
Command line arguments: --prism /home/lheck/git/bigsteptest/testcases/nand/nand.pm -const 'N=5,K=25' -prop 'Pmin<=0.495773626786691 [F "target"]' --mode verification --regionbound 0.1 --terminationCondition 0 '--minmax:method' vi -bisim --splitting-heuristic estimate --estimate-method delta --splitting-threshold 4
Current working directory: /home/lheck/git/bigsteptest

Time for model input parsing: 0.005s.

Time for model construction: 0.359s.

-------------------------------------------------------------- 
Model type: 	DTMC (sparse)
States: 	20082
Transitions: 	28587
Reward Models:  none
State Labels: 	3 labels
   * init -> 1 item(s)
   * deadlock -> 0 item(s)
   * target -> 1 item(s)
Choice Labels: 	none
-------------------------------------------------------------- 

Time for model preprocessing: 0.076s.

-------------------------------------------------------------- 
Model type: 	DTMC (sparse)
States: 	13727
Transitions: 	18534
Reward Models:  none
State Labels: 	2 labels
   * target -> 1 item(s)
   * init -> 1 item(s)
Choice Labels: 	none
-------------------------------------------------------------- 
Region partitioning for extremal value terminated after analyzing 131069 regions.
	0% of the parameter space are not covered.
Extremal value: 8929295452625555/18014398509481984
Formula is satisfied by all parameter instantiations.
Time for model checking: 600.347s.

real	10m0.854s
user	10m0.662s
sys	0m0.170s
