{"memory_bound": 1, "region_bound": 0.1, "constants": {"K": 5}, "pomdp": "nrp.prism", "prop": {"type": "probability", "dir": "min", "label": "unfair", "bound": 0.199994990429905}, "big_step": false, "use_robust_pla": false, "epsilon": 1e-05, "estimate_method": "delta", "splitting_strategy": "estimate", "splitting_threshold": 4, "simple": true}
Storm-pars 1.9.0

Date: Thu Apr 24 16:26:46 2025
Command line arguments: --explicit-drn /home/lheck/git/bigsteptest/build/testcases/nrp/nrp_probability_min_unfair______K=5__7a2f1fdb1607683b03b4e06864e90f3cd79a482d40affed47acc3f2e219b9623_1.drn -prop 'Pmin<=0.199994990429905 [F "unfair"]' --mode verification --regionbound 0.1 --terminationCondition 0 '--minmax:method' vi -bisim --splitting-heuristic estimate --estimate-method delta --splitting-threshold 4
Current working directory: /home/lheck/git/bigsteptest

Time for model construction: 0.002s.

-------------------------------------------------------------- 
Model type: 	DTMC (sparse)
States: 	56
Transitions: 	75
Reward Models:  none
State Labels: 	2 labels
   * unfair -> 5 item(s)
   * init -> 1 item(s)
Choice Labels: 	none
-------------------------------------------------------------- 

Time for model preprocessing: 0.000s.

-------------------------------------------------------------- 
Model type: 	DTMC (sparse)
States: 	33
Transitions: 	52
Reward Models:  none
State Labels: 	2 labels
   * unfair -> 1 item(s)
   * init -> 1 item(s)
Choice Labels: 	none
-------------------------------------------------------------- 
ERROR (storm-pars.cpp:626): An unexpected exception occurred and caused Storm-pars to terminate. The message of this exception is: std::bad_alloc

real	6m23.227s
user	5m51.088s
sys	0m32.124s
